{"/Users/matthewhutcheson/Documents/Ergosoft/IMViewer/front-end-vue/src/App.vue": {"path":"/Users/matthewhutcheson/Documents/Ergosoft/IMViewer/front-end-vue/src/App.vue","statementMap":{"0":{"start":{"line":9,"column":0},"end":{"line":9,"column":null}},"1":{"start":{"line":10,"column":0},"end":{"line":10,"column":null}},"2":{"start":{"line":15,"column":0},"end":{"line":15,"column":21}},"3":{"start":{"line":15,"column":33},"end":{"line":15,"column":null}},"4":{"start":{"line":16,"column":2},"end":{"line":16,"column":null}},"5":{"start":{"line":17,"column":4},"end":{"line":17,"column":10}},"6":{"start":{"line":15,"column":21},"end":{"line":15,"column":24}},"7":{"start":{"line":19,"column":0},"end":{"line":19,"column":1}}},"fnMap":{"0":{"name":"(anonymous_0)","decl":{"start":{"line":15,"column":0},"end":{"line":15,"column":21}},"loc":{"start":{"line":15,"column":0},"end":{"line":19,"column":null}}},"1":{"name":"(anonymous_2)","decl":{"start":{"line":16,"column":2},"end":{"line":16,"column":null}},"loc":{"start":{"line":16,"column":2},"end":{"line":18,"column":null}}}},"branchMap":{},"s":{"0":1,"1":1,"2":1,"3":1,"4":1,"5":1,"6":2,"7":1},"f":{"0":2,"1":1},"b":{}}
,"/Users/matthewhutcheson/Documents/Ergosoft/IMViewer/front-end-vue/src/aws-exports.js": {"path":"/Users/matthewhutcheson/Documents/Ergosoft/IMViewer/front-end-vue/src/aws-exports.js","statementMap":{"0":{"start":{"line":4,"column":18},"end":{"line":11,"column":1}}},"fnMap":{},"branchMap":{},"s":{"0":0},"f":{},"b":{},"hash":"482430a3ea474fba5200444b8b3ca944f9ad2225"}
,"/Users/matthewhutcheson/Documents/Ergosoft/IMViewer/front-end-vue/src/components/dashboard/ConceptSchemes.vue": {"path":"/Users/matthewhutcheson/Documents/Ergosoft/IMViewer/front-end-vue/src/components/dashboard/ConceptSchemes.vue","statementMap":{"0":{"start":{"line":28,"column":0},"end":{"line":28,"column":null}},"1":{"start":{"line":29,"column":0},"end":{"line":29,"column":null}},"2":{"start":{"line":30,"column":0},"end":{"line":30,"column":null}},"3":{"start":{"line":31,"column":0},"end":{"line":31,"column":null}},"4":{"start":{"line":32,"column":0},"end":{"line":32,"column":null}},"5":{"start":{"line":34,"column":0},"end":{"line":34,"column":null}},"6":{"start":{"line":35,"column":0},"end":{"line":35,"column":null}},"7":{"start":{"line":36,"column":0},"end":{"line":36,"column":null}},"8":{"start":{"line":33,"column":16},"end":{"line":33,"column":24}},"9":{"start":{"line":50,"column":0},"end":{"line":50,"column":21}},"10":{"start":{"line":50,"column":44},"end":{"line":50,"column":null}},"11":{"start":{"line":52,"column":2},"end":{"line":52,"column":29}},"12":{"start":{"line":53,"column":2},"end":{"line":53,"column":18}},"13":{"start":{"line":54,"column":2},"end":{"line":54,"column":38}},"14":{"start":{"line":67,"column":2},"end":{"line":67,"column":null}},"15":{"start":{"line":68,"column":4},"end":{"line":68,"column":9}},"16":{"start":{"line":70,"column":4},"end":{"line":70,"column":10}},"17":{"start":{"line":71,"column":4},"end":{"line":71,"column":18}},"18":{"start":{"line":73,"column":8},"end":{"line":76,"column":null}},"19":{"start":{"line":73,"column":29},"end":{"line":73,"column":32}},"20":{"start":{"line":73,"column":29},"end":{"line":73,"column":39}},"21":{"start":{"line":73,"column":25},"end":{"line":73,"column":29}},"22":{"start":{"line":74,"column":10},"end":{"line":74,"column":14}},"23":{"start":{"line":75,"column":10},"end":{"line":75,"column":14}},"24":{"start":{"line":77,"column":8},"end":{"line":77,"column":12}},"25":{"start":{"line":79,"column":8},"end":{"line":79,"column":12}},"26":{"start":{"line":81,"column":8},"end":{"line":81,"column":12}},"27":{"start":{"line":84,"column":23},"end":{"line":84,"column":null}},"28":{"start":{"line":85,"column":20},"end":{"line":85,"column":28}},"29":{"start":{"line":86,"column":25},"end":{"line":86,"column":28}},"30":{"start":{"line":86,"column":52},"end":{"line":86,"column":63}},"31":{"start":{"line":87,"column":23},"end":{"line":87,"column":31}},"32":{"start":{"line":88,"column":28},"end":{"line":88,"column":34}},"33":{"start":{"line":88,"column":58},"end":{"line":88,"column":69}},"34":{"start":{"line":89,"column":30},"end":{"line":89,"column":41}},"35":{"start":{"line":90,"column":10},"end":{"line":90,"column":23}},"36":{"start":{"line":92,"column":8},"end":{"line":92,"column":12}},"37":{"start":{"line":93,"column":8},"end":{"line":93,"column":12}},"38":{"start":{"line":94,"column":8},"end":{"line":94,"column":14}},"39":{"start":{"line":97,"column":8},"end":{"line":97,"column":14}},"40":{"start":{"line":98,"column":8},"end":{"line":98,"column":12}},"41":{"start":{"line":50,"column":21},"end":{"line":50,"column":35}},"42":{"start":{"line":44,"column":6},"end":{"line":44,"column":11}},"43":{"start":{"line":46,"column":6},"end":{"line":46,"column":11}},"44":{"start":{"line":103,"column":0},"end":{"line":103,"column":1}}},"fnMap":{"0":{"name":"(anonymous_0)","decl":{"start":{"line":50,"column":0},"end":{"line":50,"column":21}},"loc":{"start":{"line":50,"column":0},"end":{"line":103,"column":null}}},"1":{"name":"(anonymous_2)","decl":{"start":{"line":67,"column":2},"end":{"line":67,"column":null}},"loc":{"start":{"line":67,"column":2},"end":{"line":102,"column":4}}},"2":{"name":"(anonymous_3)","decl":{"start":{"line":72,"column":12},"end":{"line":72,"column":15}},"loc":{"start":{"line":72,"column":15},"end":{"line":95,"column":null}}},"3":{"name":"(anonymous_4)","decl":{"start":{"line":86,"column":33},"end":{"line":86,"column":34}},"loc":{"start":{"line":86,"column":47},"end":{"line":86,"column":null}}},"4":{"name":"(anonymous_5)","decl":{"start":{"line":88,"column":39},"end":{"line":88,"column":40}},"loc":{"start":{"line":88,"column":53},"end":{"line":88,"column":null}}},"5":{"name":"(anonymous_6)","decl":{"start":{"line":89,"column":46},"end":{"line":89,"column":47}},"loc":{"start":{"line":89,"column":60},"end":{"line":90,"column":null}}},"6":{"name":"(anonymous_7)","decl":{"start":{"line":96,"column":13},"end":{"line":96,"column":16}},"loc":{"start":{"line":96,"column":16},"end":{"line":101,"column":null}}},"7":{"name":"(anonymous_8)","decl":{"start":{"line":43,"column":16},"end":{"line":43,"column":17}},"loc":{"start":{"line":43,"column":25},"end":{"line":47,"column":null}}}},"branchMap":{"0":{"loc":{"start":{"line":50,"column":0},"end":{"line":50,"column":21}},"type":"binary-expr","locations":[{"start":{"line":50,"column":0},"end":{"line":50,"column":21}},{"start":{"line":50,"column":0},"end":{"line":50,"column":21}},{"start":{"line":50,"column":0},"end":{"line":50,"column":21}}]}},"s":{"0":0,"1":0,"2":0,"3":0,"4":0,"5":0,"6":0,"7":0,"8":0,"9":0,"10":0,"11":0,"12":0,"13":0,"14":0,"15":0,"16":0,"17":0,"18":0,"19":0,"20":0,"21":0,"22":0,"23":0,"24":0,"25":0,"26":0,"27":0,"28":0,"29":0,"30":0,"31":0,"32":0,"33":0,"34":0,"35":0,"36":0,"37":0,"38":0,"39":0,"40":0,"41":0,"42":0,"43":0,"44":0},"f":{"0":0,"1":0,"2":0,"3":0,"4":0,"5":0,"6":0,"7":0},"b":{"0":[0,0,0]}}
,"/Users/matthewhutcheson/Documents/Ergosoft/IMViewer/front-end-vue/src/components/dashboard/ConceptStatus.vue": {"path":"/Users/matthewhutcheson/Documents/Ergosoft/IMViewer/front-end-vue/src/components/dashboard/ConceptStatus.vue","statementMap":{"0":{"start":{"line":28,"column":0},"end":{"line":28,"column":null}},"1":{"start":{"line":29,"column":0},"end":{"line":29,"column":null}},"2":{"start":{"line":30,"column":0},"end":{"line":30,"column":null}},"3":{"start":{"line":31,"column":0},"end":{"line":31,"column":null}},"4":{"start":{"line":32,"column":0},"end":{"line":32,"column":null}},"5":{"start":{"line":34,"column":0},"end":{"line":34,"column":null}},"6":{"start":{"line":35,"column":0},"end":{"line":35,"column":null}},"7":{"start":{"line":36,"column":0},"end":{"line":36,"column":null}},"8":{"start":{"line":33,"column":16},"end":{"line":33,"column":24}},"9":{"start":{"line":50,"column":0},"end":{"line":50,"column":21}},"10":{"start":{"line":50,"column":43},"end":{"line":50,"column":null}},"11":{"start":{"line":52,"column":2},"end":{"line":52,"column":29}},"12":{"start":{"line":53,"column":2},"end":{"line":53,"column":18}},"13":{"start":{"line":54,"column":2},"end":{"line":54,"column":37}},"14":{"start":{"line":67,"column":2},"end":{"line":67,"column":null}},"15":{"start":{"line":68,"column":4},"end":{"line":68,"column":9}},"16":{"start":{"line":70,"column":4},"end":{"line":70,"column":10}},"17":{"start":{"line":71,"column":4},"end":{"line":71,"column":18}},"18":{"start":{"line":73,"column":8},"end":{"line":76,"column":null}},"19":{"start":{"line":73,"column":29},"end":{"line":73,"column":32}},"20":{"start":{"line":73,"column":29},"end":{"line":73,"column":39}},"21":{"start":{"line":73,"column":25},"end":{"line":73,"column":29}},"22":{"start":{"line":74,"column":10},"end":{"line":74,"column":14}},"23":{"start":{"line":75,"column":10},"end":{"line":75,"column":14}},"24":{"start":{"line":77,"column":8},"end":{"line":77,"column":12}},"25":{"start":{"line":79,"column":8},"end":{"line":79,"column":12}},"26":{"start":{"line":81,"column":8},"end":{"line":81,"column":12}},"27":{"start":{"line":84,"column":23},"end":{"line":84,"column":null}},"28":{"start":{"line":85,"column":20},"end":{"line":85,"column":28}},"29":{"start":{"line":86,"column":25},"end":{"line":86,"column":28}},"30":{"start":{"line":86,"column":52},"end":{"line":86,"column":63}},"31":{"start":{"line":87,"column":23},"end":{"line":87,"column":31}},"32":{"start":{"line":88,"column":28},"end":{"line":88,"column":34}},"33":{"start":{"line":88,"column":58},"end":{"line":88,"column":69}},"34":{"start":{"line":89,"column":30},"end":{"line":89,"column":41}},"35":{"start":{"line":90,"column":10},"end":{"line":90,"column":23}},"36":{"start":{"line":92,"column":8},"end":{"line":92,"column":12}},"37":{"start":{"line":93,"column":8},"end":{"line":93,"column":12}},"38":{"start":{"line":94,"column":8},"end":{"line":94,"column":14}},"39":{"start":{"line":97,"column":8},"end":{"line":97,"column":14}},"40":{"start":{"line":98,"column":8},"end":{"line":98,"column":12}},"41":{"start":{"line":50,"column":21},"end":{"line":50,"column":34}},"42":{"start":{"line":44,"column":6},"end":{"line":44,"column":11}},"43":{"start":{"line":46,"column":6},"end":{"line":46,"column":11}},"44":{"start":{"line":103,"column":0},"end":{"line":103,"column":1}}},"fnMap":{"0":{"name":"(anonymous_0)","decl":{"start":{"line":50,"column":0},"end":{"line":50,"column":21}},"loc":{"start":{"line":50,"column":0},"end":{"line":103,"column":null}}},"1":{"name":"(anonymous_2)","decl":{"start":{"line":67,"column":2},"end":{"line":67,"column":null}},"loc":{"start":{"line":67,"column":2},"end":{"line":102,"column":null}}},"2":{"name":"(anonymous_3)","decl":{"start":{"line":72,"column":12},"end":{"line":72,"column":15}},"loc":{"start":{"line":72,"column":15},"end":{"line":95,"column":null}}},"3":{"name":"(anonymous_4)","decl":{"start":{"line":86,"column":33},"end":{"line":86,"column":34}},"loc":{"start":{"line":86,"column":47},"end":{"line":86,"column":null}}},"4":{"name":"(anonymous_5)","decl":{"start":{"line":88,"column":39},"end":{"line":88,"column":40}},"loc":{"start":{"line":88,"column":53},"end":{"line":88,"column":null}}},"5":{"name":"(anonymous_6)","decl":{"start":{"line":89,"column":46},"end":{"line":89,"column":47}},"loc":{"start":{"line":89,"column":60},"end":{"line":90,"column":null}}},"6":{"name":"(anonymous_7)","decl":{"start":{"line":96,"column":13},"end":{"line":96,"column":16}},"loc":{"start":{"line":96,"column":16},"end":{"line":101,"column":null}}},"7":{"name":"(anonymous_8)","decl":{"start":{"line":43,"column":16},"end":{"line":43,"column":17}},"loc":{"start":{"line":43,"column":25},"end":{"line":47,"column":null}}}},"branchMap":{"0":{"loc":{"start":{"line":50,"column":0},"end":{"line":50,"column":21}},"type":"binary-expr","locations":[{"start":{"line":50,"column":0},"end":{"line":50,"column":21}},{"start":{"line":50,"column":0},"end":{"line":50,"column":21}},{"start":{"line":50,"column":0},"end":{"line":50,"column":21}}]}},"s":{"0":0,"1":0,"2":0,"3":0,"4":0,"5":0,"6":0,"7":0,"8":0,"9":0,"10":0,"11":0,"12":0,"13":0,"14":0,"15":0,"16":0,"17":0,"18":0,"19":0,"20":0,"21":0,"22":0,"23":0,"24":0,"25":0,"26":0,"27":0,"28":0,"29":0,"30":0,"31":0,"32":0,"33":0,"34":0,"35":0,"36":0,"37":0,"38":0,"39":0,"40":0,"41":0,"42":0,"43":0,"44":0},"f":{"0":0,"1":0,"2":0,"3":0,"4":0,"5":0,"6":0,"7":0},"b":{"0":[0,0,0]}}
,"/Users/matthewhutcheson/Documents/Ergosoft/IMViewer/front-end-vue/src/components/dashboard/ConceptTypes.vue": {"path":"/Users/matthewhutcheson/Documents/Ergosoft/IMViewer/front-end-vue/src/components/dashboard/ConceptTypes.vue","statementMap":{"0":{"start":{"line":28,"column":0},"end":{"line":28,"column":null}},"1":{"start":{"line":29,"column":0},"end":{"line":29,"column":null}},"2":{"start":{"line":30,"column":0},"end":{"line":30,"column":null}},"3":{"start":{"line":31,"column":0},"end":{"line":31,"column":null}},"4":{"start":{"line":32,"column":0},"end":{"line":32,"column":null}},"5":{"start":{"line":34,"column":0},"end":{"line":34,"column":null}},"6":{"start":{"line":35,"column":0},"end":{"line":35,"column":null}},"7":{"start":{"line":36,"column":0},"end":{"line":36,"column":null}},"8":{"start":{"line":37,"column":0},"end":{"line":37,"column":null}},"9":{"start":{"line":33,"column":16},"end":{"line":33,"column":24}},"10":{"start":{"line":51,"column":0},"end":{"line":51,"column":21}},"11":{"start":{"line":51,"column":42},"end":{"line":51,"column":null}},"12":{"start":{"line":53,"column":2},"end":{"line":53,"column":29}},"13":{"start":{"line":54,"column":2},"end":{"line":54,"column":18}},"14":{"start":{"line":55,"column":2},"end":{"line":55,"column":36}},"15":{"start":{"line":68,"column":2},"end":{"line":68,"column":null}},"16":{"start":{"line":69,"column":4},"end":{"line":69,"column":9}},"17":{"start":{"line":71,"column":4},"end":{"line":71,"column":10}},"18":{"start":{"line":72,"column":4},"end":{"line":72,"column":18}},"19":{"start":{"line":74,"column":8},"end":{"line":77,"column":null}},"20":{"start":{"line":74,"column":27},"end":{"line":74,"column":30}},"21":{"start":{"line":74,"column":27},"end":{"line":74,"column":37}},"22":{"start":{"line":74,"column":23},"end":{"line":74,"column":27}},"23":{"start":{"line":75,"column":10},"end":{"line":75,"column":14}},"24":{"start":{"line":76,"column":10},"end":{"line":76,"column":14}},"25":{"start":{"line":78,"column":8},"end":{"line":78,"column":12}},"26":{"start":{"line":79,"column":19},"end":{"line":79,"column":40}},"27":{"start":{"line":81,"column":8},"end":{"line":81,"column":12}},"28":{"start":{"line":83,"column":8},"end":{"line":83,"column":12}},"29":{"start":{"line":85,"column":8},"end":{"line":85,"column":12}},"30":{"start":{"line":88,"column":23},"end":{"line":88,"column":null}},"31":{"start":{"line":89,"column":20},"end":{"line":89,"column":28}},"32":{"start":{"line":90,"column":25},"end":{"line":90,"column":28}},"33":{"start":{"line":90,"column":52},"end":{"line":90,"column":63}},"34":{"start":{"line":91,"column":23},"end":{"line":91,"column":31}},"35":{"start":{"line":92,"column":28},"end":{"line":92,"column":34}},"36":{"start":{"line":92,"column":58},"end":{"line":92,"column":69}},"37":{"start":{"line":93,"column":30},"end":{"line":93,"column":41}},"38":{"start":{"line":94,"column":10},"end":{"line":94,"column":23}},"39":{"start":{"line":96,"column":8},"end":{"line":96,"column":12}},"40":{"start":{"line":97,"column":8},"end":{"line":97,"column":12}},"41":{"start":{"line":98,"column":8},"end":{"line":98,"column":14}},"42":{"start":{"line":101,"column":8},"end":{"line":101,"column":14}},"43":{"start":{"line":102,"column":8},"end":{"line":102,"column":12}},"44":{"start":{"line":51,"column":21},"end":{"line":51,"column":33}},"45":{"start":{"line":45,"column":6},"end":{"line":45,"column":11}},"46":{"start":{"line":47,"column":6},"end":{"line":47,"column":11}},"47":{"start":{"line":107,"column":0},"end":{"line":107,"column":1}}},"fnMap":{"0":{"name":"(anonymous_0)","decl":{"start":{"line":51,"column":0},"end":{"line":51,"column":21}},"loc":{"start":{"line":51,"column":0},"end":{"line":107,"column":null}}},"1":{"name":"(anonymous_2)","decl":{"start":{"line":68,"column":2},"end":{"line":68,"column":null}},"loc":{"start":{"line":68,"column":2},"end":{"line":106,"column":null}}},"2":{"name":"(anonymous_3)","decl":{"start":{"line":73,"column":12},"end":{"line":73,"column":15}},"loc":{"start":{"line":73,"column":15},"end":{"line":99,"column":null}}},"3":{"name":"(anonymous_4)","decl":{"start":{"line":79,"column":10},"end":{"line":79,"column":15}},"loc":{"start":{"line":79,"column":15},"end":{"line":79,"column":null}}},"4":{"name":"(anonymous_5)","decl":{"start":{"line":90,"column":33},"end":{"line":90,"column":34}},"loc":{"start":{"line":90,"column":47},"end":{"line":90,"column":null}}},"5":{"name":"(anonymous_6)","decl":{"start":{"line":92,"column":39},"end":{"line":92,"column":40}},"loc":{"start":{"line":92,"column":53},"end":{"line":92,"column":null}}},"6":{"name":"(anonymous_7)","decl":{"start":{"line":93,"column":46},"end":{"line":93,"column":47}},"loc":{"start":{"line":93,"column":60},"end":{"line":94,"column":null}}},"7":{"name":"(anonymous_8)","decl":{"start":{"line":100,"column":13},"end":{"line":100,"column":16}},"loc":{"start":{"line":100,"column":16},"end":{"line":105,"column":null}}},"8":{"name":"(anonymous_9)","decl":{"start":{"line":44,"column":16},"end":{"line":44,"column":17}},"loc":{"start":{"line":44,"column":25},"end":{"line":48,"column":null}}}},"branchMap":{"0":{"loc":{"start":{"line":51,"column":0},"end":{"line":51,"column":21}},"type":"binary-expr","locations":[{"start":{"line":51,"column":0},"end":{"line":51,"column":21}},{"start":{"line":51,"column":0},"end":{"line":51,"column":21}},{"start":{"line":51,"column":0},"end":{"line":51,"column":21}}]}},"s":{"0":0,"1":0,"2":0,"3":0,"4":0,"5":0,"6":0,"7":0,"8":0,"9":0,"10":0,"11":0,"12":0,"13":0,"14":0,"15":0,"16":0,"17":0,"18":0,"19":0,"20":0,"21":0,"22":0,"23":0,"24":0,"25":0,"26":0,"27":0,"28":0,"29":0,"30":0,"31":0,"32":0,"33":0,"34":0,"35":0,"36":0,"37":0,"38":0,"39":0,"40":0,"41":0,"42":0,"43":0,"44":0,"45":0,"46":0,"47":0},"f":{"0":0,"1":0,"2":0,"3":0,"4":0,"5":0,"6":0,"7":0,"8":0},"b":{"0":[0,0,0]}}
,"/Users/matthewhutcheson/Documents/Ergosoft/IMViewer/front-end-vue/src/components/dashboard/MappingModule.vue": {"path":"/Users/matthewhutcheson/Documents/Ergosoft/IMViewer/front-end-vue/src/components/dashboard/MappingModule.vue","statementMap":{"0":{"start":{"line":21,"column":0},"end":{"line":21,"column":null}},"1":{"start":{"line":27,"column":0},"end":{"line":27,"column":21}},"2":{"start":{"line":27,"column":43},"end":{"line":27,"column":48}},"3":{"start":{"line":27,"column":21},"end":{"line":27,"column":34}},"4":{"start":{"line":27,"column":48},"end":{"line":27,"column":49}}},"fnMap":{"0":{"name":"(anonymous_0)","decl":{"start":{"line":27,"column":0},"end":{"line":27,"column":21}},"loc":{"start":{"line":27,"column":0},"end":{"line":27,"column":null}}}},"branchMap":{},"s":{"0":0,"1":0,"2":0,"3":0,"4":0},"f":{"0":0},"b":{}}
,"/Users/matthewhutcheson/Documents/Ergosoft/IMViewer/front-end-vue/src/components/dashboard/OntologyOverview.vue": {"path":"/Users/matthewhutcheson/Documents/Ergosoft/IMViewer/front-end-vue/src/components/dashboard/OntologyOverview.vue","statementMap":{"0":{"start":{"line":34,"column":0},"end":{"line":34,"column":null}},"1":{"start":{"line":35,"column":0},"end":{"line":35,"column":null}},"2":{"start":{"line":36,"column":0},"end":{"line":36,"column":null}},"3":{"start":{"line":37,"column":0},"end":{"line":37,"column":null}},"4":{"start":{"line":38,"column":0},"end":{"line":38,"column":null}},"5":{"start":{"line":39,"column":0},"end":{"line":39,"column":null}},"6":{"start":{"line":46,"column":0},"end":{"line":46,"column":21}},"7":{"start":{"line":46,"column":46},"end":{"line":46,"column":null}},"8":{"start":{"line":47,"column":2},"end":{"line":47,"column":19}},"9":{"start":{"line":50,"column":2},"end":{"line":50,"column":null}},"10":{"start":{"line":52,"column":4},"end":{"line":52,"column":10}},"11":{"start":{"line":53,"column":4},"end":{"line":53,"column":18}},"12":{"start":{"line":55,"column":8},"end":{"line":55,"column":12}},"13":{"start":{"line":56,"column":8},"end":{"line":56,"column":12}},"14":{"start":{"line":57,"column":10},"end":{"line":57,"column":13}},"15":{"start":{"line":59,"column":8},"end":{"line":59,"column":14}},"16":{"start":{"line":65,"column":8},"end":{"line":65,"column":14}},"17":{"start":{"line":69,"column":8},"end":{"line":69,"column":12}},"18":{"start":{"line":46,"column":21},"end":{"line":46,"column":37}},"19":{"start":{"line":74,"column":0},"end":{"line":74,"column":1}}},"fnMap":{"0":{"name":"(anonymous_0)","decl":{"start":{"line":46,"column":0},"end":{"line":46,"column":21}},"loc":{"start":{"line":46,"column":0},"end":{"line":74,"column":null}}},"1":{"name":"(anonymous_2)","decl":{"start":{"line":50,"column":2},"end":{"line":50,"column":null}},"loc":{"start":{"line":50,"column":2},"end":{"line":73,"column":4}}},"2":{"name":"(anonymous_3)","decl":{"start":{"line":54,"column":12},"end":{"line":54,"column":15}},"loc":{"start":{"line":54,"column":15},"end":{"line":63,"column":null}}},"3":{"name":"(anonymous_4)","decl":{"start":{"line":56,"column":27},"end":{"line":56,"column":28}},"loc":{"start":{"line":56,"column":65},"end":{"line":58,"column":null}}},"4":{"name":"(anonymous_5)","decl":{"start":{"line":64,"column":13},"end":{"line":64,"column":16}},"loc":{"start":{"line":64,"column":16},"end":{"line":72,"column":null}}}},"branchMap":{"0":{"loc":{"start":{"line":46,"column":0},"end":{"line":46,"column":21}},"type":"binary-expr","locations":[{"start":{"line":46,"column":0},"end":{"line":46,"column":21}},{"start":{"line":46,"column":0},"end":{"line":46,"column":21}},{"start":{"line":46,"column":0},"end":{"line":46,"column":21}}]}},"s":{"0":0,"1":0,"2":0,"3":0,"4":0,"5":0,"6":0,"7":0,"8":0,"9":0,"10":0,"11":0,"12":0,"13":0,"14":0,"15":0,"16":0,"17":0,"18":0,"19":0},"f":{"0":0,"1":0,"2":0,"3":0,"4":0},"b":{"0":[0,0,0]}}
,"/Users/matthewhutcheson/Documents/Ergosoft/IMViewer/front-end-vue/src/components/dashboard/WorkflowManager.vue": {"path":"/Users/matthewhutcheson/Documents/Ergosoft/IMViewer/front-end-vue/src/components/dashboard/WorkflowManager.vue","statementMap":{"0":{"start":{"line":20,"column":0},"end":{"line":20,"column":null}},"1":{"start":{"line":25,"column":0},"end":{"line":25,"column":21}},"2":{"start":{"line":25,"column":45},"end":{"line":25,"column":50}},"3":{"start":{"line":25,"column":21},"end":{"line":25,"column":36}},"4":{"start":{"line":25,"column":50},"end":{"line":25,"column":51}}},"fnMap":{"0":{"name":"(anonymous_0)","decl":{"start":{"line":25,"column":0},"end":{"line":25,"column":21}},"loc":{"start":{"line":25,"column":0},"end":{"line":25,"column":null}}}},"branchMap":{},"s":{"0":0,"1":0,"2":0,"3":0,"4":0},"f":{"0":0},"b":{}}
,"/Users/matthewhutcheson/Documents/Ergosoft/IMViewer/front-end-vue/src/components/downloader/DownloadDialog.vue": {"path":"/Users/matthewhutcheson/Documents/Ergosoft/IMViewer/front-end-vue/src/components/downloader/DownloadDialog.vue","statementMap":{"0":{"start":{"line":107,"column":0},"end":{"line":107,"column":null}},"1":{"start":{"line":108,"column":0},"end":{"line":108,"column":null}},"2":{"start":{"line":109,"column":0},"end":{"line":109,"column":null}},"3":{"start":{"line":112,"column":0},"end":{"line":112,"column":null}},"4":{"start":{"line":119,"column":0},"end":{"line":119,"column":21}},"5":{"start":{"line":119,"column":44},"end":{"line":119,"column":null}},"6":{"start":{"line":123,"column":2},"end":{"line":123,"column":20}},"7":{"start":{"line":124,"column":2},"end":{"line":124,"column":22}},"8":{"start":{"line":125,"column":2},"end":{"line":125,"column":19}},"9":{"start":{"line":126,"column":2},"end":{"line":126,"column":19}},"10":{"start":{"line":127,"column":2},"end":{"line":127,"column":20}},"11":{"start":{"line":128,"column":2},"end":{"line":128,"column":17}},"12":{"start":{"line":129,"column":2},"end":{"line":129,"column":11}},"13":{"start":{"line":134,"column":2},"end":{"line":134,"column":18}},"14":{"start":{"line":143,"column":2},"end":{"line":143,"column":null}},"15":{"start":{"line":144,"column":4},"end":{"line":144,"column":9}},"16":{"start":{"line":145,"column":4},"end":{"line":145,"column":9}},"17":{"start":{"line":146,"column":4},"end":{"line":146,"column":9}},"18":{"start":{"line":147,"column":4},"end":{"line":147,"column":9}},"19":{"start":{"line":148,"column":4},"end":{"line":148,"column":9}},"20":{"start":{"line":152,"column":2},"end":{"line":152,"column":null}},"21":{"start":{"line":153,"column":4},"end":{"line":160,"column":null}},"22":{"start":{"line":154,"column":20},"end":{"line":154,"column":25}},"23":{"start":{"line":155,"column":24},"end":{"line":155,"column":29}},"24":{"start":{"line":157,"column":6},"end":{"line":157,"column":13}},"25":{"start":{"line":159,"column":6},"end":{"line":159,"column":13}},"26":{"start":{"line":163,"column":2},"end":{"line":163,"column":null}},"27":{"start":{"line":164,"column":4},"end":{"line":173,"column":null}},"28":{"start":{"line":165,"column":25},"end":{"line":165,"column":30}},"29":{"start":{"line":166,"column":24},"end":{"line":166,"column":29}},"30":{"start":{"line":168,"column":21},"end":{"line":168,"column":null}},"31":{"start":{"line":169,"column":24},"end":{"line":169,"column":null}},"32":{"start":{"line":170,"column":6},"end":{"line":170,"column":13}},"33":{"start":{"line":172,"column":6},"end":{"line":172,"column":13}},"34":{"start":{"line":176,"column":2},"end":{"line":176,"column":null}},"35":{"start":{"line":177,"column":4},"end":{"line":177,"column":9}},"36":{"start":{"line":180,"column":2},"end":{"line":180,"column":null}},"37":{"start":{"line":181,"column":19},"end":{"line":181,"column":24}},"38":{"start":{"line":186,"column":6},"end":{"line":202,"column":null}},"39":{"start":{"line":203,"column":18},"end":{"line":203,"column":24}},"40":{"start":{"line":204,"column":4},"end":{"line":208,"column":null}},"41":{"start":{"line":205,"column":6},"end":{"line":205,"column":11}},"42":{"start":{"line":207,"column":6},"end":{"line":207,"column":11}},"43":{"start":{"line":209,"column":4},"end":{"line":209,"column":9}},"44":{"start":{"line":119,"column":21},"end":{"line":119,"column":35}},"45":{"start":{"line":211,"column":0},"end":{"line":211,"column":1}}},"fnMap":{"0":{"name":"(anonymous_0)","decl":{"start":{"line":119,"column":0},"end":{"line":119,"column":21}},"loc":{"start":{"line":119,"column":0},"end":{"line":211,"column":null}}},"1":{"name":"(anonymous_2)","decl":{"start":{"line":143,"column":2},"end":{"line":143,"column":null}},"loc":{"start":{"line":143,"column":2},"end":{"line":150,"column":null}}},"2":{"name":"(anonymous_3)","decl":{"start":{"line":152,"column":2},"end":{"line":152,"column":null}},"loc":{"start":{"line":152,"column":2},"end":{"line":161,"column":null}}},"3":{"name":"(anonymous_4)","decl":{"start":{"line":155,"column":8},"end":{"line":155,"column":9}},"loc":{"start":{"line":155,"column":19},"end":{"line":155,"column":null}}},"4":{"name":"(anonymous_5)","decl":{"start":{"line":163,"column":2},"end":{"line":163,"column":null}},"loc":{"start":{"line":163,"column":2},"end":{"line":174,"column":null}}},"5":{"name":"(anonymous_6)","decl":{"start":{"line":166,"column":8},"end":{"line":166,"column":9}},"loc":{"start":{"line":166,"column":19},"end":{"line":166,"column":null}}},"6":{"name":"(anonymous_7)","decl":{"start":{"line":176,"column":2},"end":{"line":176,"column":null}},"loc":{"start":{"line":176,"column":2},"end":{"line":178,"column":null}}},"7":{"name":"(anonymous_8)","decl":{"start":{"line":180,"column":2},"end":{"line":180,"column":null}},"loc":{"start":{"line":180,"column":2},"end":{"line":210,"column":null}}}},"branchMap":{"0":{"loc":{"start":{"line":119,"column":0},"end":{"line":119,"column":21}},"type":"binary-expr","locations":[{"start":{"line":119,"column":0},"end":{"line":119,"column":21}},{"start":{"line":119,"column":0},"end":{"line":119,"column":21}},{"start":{"line":119,"column":0},"end":{"line":119,"column":21}}]},"1":{"loc":{"start":{"line":144,"column":57},"end":{"line":144,"column":59}},"type":"cond-expr","locations":[{"start":{"line":144,"column":57},"end":{"line":144,"column":59}},{"start":{"line":144,"column":57},"end":{"line":144,"column":null}}]},"2":{"loc":{"start":{"line":144,"column":27},"end":{"line":144,"column":59}},"type":"binary-expr","locations":[{"start":{"line":144,"column":27},"end":{"line":144,"column":59}},{"start":{"line":144,"column":57},"end":{"line":144,"column":59}}]},"3":{"loc":{"start":{"line":145,"column":59},"end":{"line":145,"column":61}},"type":"cond-expr","locations":[{"start":{"line":145,"column":59},"end":{"line":145,"column":61}},{"start":{"line":145,"column":59},"end":{"line":145,"column":null}}]},"4":{"loc":{"start":{"line":145,"column":28},"end":{"line":145,"column":61}},"type":"binary-expr","locations":[{"start":{"line":145,"column":28},"end":{"line":145,"column":61}},{"start":{"line":145,"column":59},"end":{"line":145,"column":61}}]},"5":{"loc":{"start":{"line":149,"column":6},"end":{"line":149,"column":8}},"type":"binary-expr","locations":[{"start":{"line":149,"column":6},"end":{"line":149,"column":8}},{"start":{"line":149,"column":42},"end":{"line":149,"column":44}}]},"6":{"loc":{"start":{"line":149,"column":30},"end":{"line":149,"column":32}},"type":"cond-expr","locations":[{"start":{"line":149,"column":30},"end":{"line":149,"column":32}},{"start":{"line":149,"column":30},"end":{"line":149,"column":42}}]},"7":{"loc":{"start":{"line":149,"column":7},"end":{"line":149,"column":32}},"type":"binary-expr","locations":[{"start":{"line":149,"column":7},"end":{"line":149,"column":32}},{"start":{"line":149,"column":30},"end":{"line":149,"column":32}}]},"8":{"loc":{"start":{"line":149,"column":20},"end":{"line":149,"column":22}},"type":"cond-expr","locations":[{"start":{"line":149,"column":20},"end":{"line":149,"column":22}},{"start":{"line":149,"column":20},"end":{"line":149,"column":30}}]},"9":{"loc":{"start":{"line":149,"column":7},"end":{"line":149,"column":22}},"type":"binary-expr","locations":[{"start":{"line":149,"column":7},"end":{"line":149,"column":22}},{"start":{"line":149,"column":20},"end":{"line":149,"column":22}}]},"10":{"loc":{"start":{"line":149,"column":66},"end":{"line":149,"column":68}},"type":"cond-expr","locations":[{"start":{"line":149,"column":66},"end":{"line":149,"column":68}},{"start":{"line":149,"column":66},"end":{"line":149,"column":null}}]},"11":{"loc":{"start":{"line":149,"column":43},"end":{"line":149,"column":68}},"type":"binary-expr","locations":[{"start":{"line":149,"column":43},"end":{"line":149,"column":68}},{"start":{"line":149,"column":66},"end":{"line":149,"column":68}}]},"12":{"loc":{"start":{"line":149,"column":56},"end":{"line":149,"column":58}},"type":"cond-expr","locations":[{"start":{"line":149,"column":56},"end":{"line":149,"column":58}},{"start":{"line":149,"column":56},"end":{"line":149,"column":66}}]},"13":{"loc":{"start":{"line":149,"column":43},"end":{"line":149,"column":58}},"type":"binary-expr","locations":[{"start":{"line":149,"column":43},"end":{"line":149,"column":58}},{"start":{"line":149,"column":56},"end":{"line":149,"column":58}}]},"14":{"loc":{"start":{"line":170,"column":13},"end":{"line":170,"column":32}},"type":"binary-expr","locations":[{"start":{"line":170,"column":13},"end":{"line":170,"column":32}},{"start":{"line":170,"column":32},"end":{"line":170,"column":null}}]},"15":{"loc":{"start":{"line":204,"column":4},"end":{"line":208,"column":null}},"type":"if","locations":[{"start":{"line":204,"column":4},"end":{"line":208,"column":null}},{"start":{"line":204,"column":4},"end":{"line":208,"column":null}}]}},"s":{"0":0,"1":0,"2":0,"3":0,"4":0,"5":0,"6":0,"7":0,"8":0,"9":0,"10":0,"11":0,"12":0,"13":0,"14":0,"15":0,"16":0,"17":0,"18":0,"19":0,"20":0,"21":0,"22":0,"23":0,"24":0,"25":0,"26":0,"27":0,"28":0,"29":0,"30":0,"31":0,"32":0,"33":0,"34":0,"35":0,"36":0,"37":0,"38":0,"39":0,"40":0,"41":0,"42":0,"43":0,"44":0,"45":0},"f":{"0":0,"1":0,"2":0,"3":0,"4":0,"5":0,"6":0,"7":0},"b":{"0":[0,0,0],"1":[0,0],"2":[0,0],"3":[0,0],"4":[0,0],"5":[0,0],"6":[0,0],"7":[0,0],"8":[0,0],"9":[0,0],"10":[0,0],"11":[0,0],"12":[0,0],"13":[0,0],"14":[0,0],"15":[0,0]}}
,"/Users/matthewhutcheson/Documents/Ergosoft/IMViewer/front-end-vue/src/components/edit/EditDialog.vue": {"path":"/Users/matthewhutcheson/Documents/Ergosoft/IMViewer/front-end-vue/src/components/edit/EditDialog.vue","statementMap":{"0":{"start":{"line":38,"column":0},"end":{"line":38,"column":null}},"1":{"start":{"line":39,"column":0},"end":{"line":39,"column":null}},"2":{"start":{"line":40,"column":0},"end":{"line":40,"column":null}},"3":{"start":{"line":42,"column":0},"end":{"line":42,"column":null}},"4":{"start":{"line":51,"column":0},"end":{"line":51,"column":21}},"5":{"start":{"line":51,"column":42},"end":{"line":51,"column":null}},"6":{"start":{"line":52,"column":10},"end":{"line":52,"column":24}},"7":{"start":{"line":53,"column":10},"end":{"line":53,"column":26}},"8":{"start":{"line":54,"column":10},"end":{"line":54,"column":23}},"9":{"start":{"line":56,"column":2},"end":{"line":56,"column":14}},"10":{"start":{"line":57,"column":4},"end":{"line":57,"column":9}},"11":{"start":{"line":60,"column":2},"end":{"line":60,"column":19}},"12":{"start":{"line":61,"column":4},"end":{"line":61,"column":9}},"13":{"start":{"line":64,"column":2},"end":{"line":64,"column":13}},"14":{"start":{"line":65,"column":4},"end":{"line":65,"column":9}},"15":{"start":{"line":68,"column":2},"end":{"line":68,"column":6}},"16":{"start":{"line":69,"column":4},"end":{"line":71,"column":null}},"17":{"start":{"line":70,"column":6},"end":{"line":70,"column":13}},"18":{"start":{"line":72,"column":4},"end":{"line":72,"column":11}},"19":{"start":{"line":75,"column":2},"end":{"line":75,"column":null}},"20":{"start":{"line":76,"column":4},"end":{"line":76,"column":9}},"21":{"start":{"line":77,"column":4},"end":{"line":77,"column":19}},"22":{"start":{"line":79,"column":8},"end":{"line":79,"column":12}},"23":{"start":{"line":82,"column":8},"end":{"line":82,"column":12}},"24":{"start":{"line":88,"column":2},"end":{"line":88,"column":null}},"25":{"start":{"line":89,"column":4},"end":{"line":89,"column":9}},"26":{"start":{"line":51,"column":21},"end":{"line":51,"column":33}},"27":{"start":{"line":91,"column":0},"end":{"line":91,"column":1}}},"fnMap":{"0":{"name":"(anonymous_0)","decl":{"start":{"line":51,"column":0},"end":{"line":51,"column":21}},"loc":{"start":{"line":51,"column":0},"end":{"line":91,"column":null}}},"1":{"name":"(anonymous_2)","decl":{"start":{"line":56,"column":2},"end":{"line":56,"column":14}},"loc":{"start":{"line":56,"column":33},"end":{"line":58,"column":null}}},"2":{"name":"(anonymous_3)","decl":{"start":{"line":60,"column":2},"end":{"line":60,"column":19}},"loc":{"start":{"line":60,"column":44},"end":{"line":62,"column":null}}},"3":{"name":"(anonymous_4)","decl":{"start":{"line":64,"column":2},"end":{"line":64,"column":13}},"loc":{"start":{"line":64,"column":28},"end":{"line":66,"column":null}}},"4":{"name":"(anonymous_5)","decl":{"start":{"line":68,"column":2},"end":{"line":68,"column":6}},"loc":{"start":{"line":68,"column":2},"end":{"line":73,"column":null}}},"5":{"name":"(anonymous_6)","decl":{"start":{"line":75,"column":2},"end":{"line":75,"column":null}},"loc":{"start":{"line":75,"column":2},"end":{"line":86,"column":null}}},"6":{"name":"(anonymous_7)","decl":{"start":{"line":78,"column":12},"end":{"line":78,"column":null}},"loc":{"start":{"line":78,"column":12},"end":{"line":80,"column":null}}},"7":{"name":"(anonymous_8)","decl":{"start":{"line":81,"column":13},"end":{"line":81,"column":16}},"loc":{"start":{"line":81,"column":16},"end":{"line":85,"column":null}}},"8":{"name":"(anonymous_9)","decl":{"start":{"line":88,"column":2},"end":{"line":88,"column":null}},"loc":{"start":{"line":88,"column":2},"end":{"line":90,"column":null}}}},"branchMap":{"0":{"loc":{"start":{"line":51,"column":0},"end":{"line":51,"column":21}},"type":"binary-expr","locations":[{"start":{"line":51,"column":0},"end":{"line":51,"column":21}},{"start":{"line":51,"column":0},"end":{"line":51,"column":21}},{"start":{"line":51,"column":0},"end":{"line":51,"column":21}}]},"1":{"loc":{"start":{"line":69,"column":4},"end":{"line":71,"column":null}},"type":"if","locations":[{"start":{"line":69,"column":4},"end":{"line":71,"column":null}},{"start":{"line":69,"column":4},"end":{"line":71,"column":null}}]}},"s":{"0":0,"1":0,"2":0,"3":0,"4":0,"5":0,"6":0,"7":0,"8":0,"9":0,"10":0,"11":0,"12":0,"13":0,"14":0,"15":0,"16":0,"17":0,"18":0,"19":0,"20":0,"21":0,"22":0,"23":0,"24":0,"25":0,"26":0,"27":0},"f":{"0":0,"1":0,"2":0,"3":0,"4":0,"5":0,"6":0,"7":0,"8":0},"b":{"0":[0,0,0],"1":[0,0]}}
,"/Users/matthewhutcheson/Documents/Ergosoft/IMViewer/front-end-vue/src/components/edit/Editor.vue": {"path":"/Users/matthewhutcheson/Documents/Ergosoft/IMViewer/front-end-vue/src/components/edit/Editor.vue","statementMap":{"0":{"start":{"line":87,"column":0},"end":{"line":87,"column":null}},"1":{"start":{"line":90,"column":0},"end":{"line":90,"column":null}},"2":{"start":{"line":95,"column":0},"end":{"line":95,"column":null}},"3":{"start":{"line":96,"column":0},"end":{"line":96,"column":null}},"4":{"start":{"line":97,"column":0},"end":{"line":97,"column":null}},"5":{"start":{"line":98,"column":0},"end":{"line":98,"column":null}},"6":{"start":{"line":99,"column":0},"end":{"line":99,"column":null}},"7":{"start":{"line":100,"column":0},"end":{"line":100,"column":null}},"8":{"start":{"line":101,"column":0},"end":{"line":101,"column":null}},"9":{"start":{"line":102,"column":0},"end":{"line":102,"column":null}},"10":{"start":{"line":104,"column":0},"end":{"line":104,"column":null}},"11":{"start":{"line":105,"column":0},"end":{"line":105,"column":null}},"12":{"start":{"line":106,"column":0},"end":{"line":106,"column":null}},"13":{"start":{"line":107,"column":0},"end":{"line":107,"column":null}},"14":{"start":{"line":108,"column":0},"end":{"line":108,"column":null}},"15":{"start":{"line":115,"column":0},"end":{"line":115,"column":21}},"16":{"start":{"line":115,"column":42},"end":{"line":115,"column":null}},"17":{"start":{"line":118,"column":10},"end":{"line":118,"column":23}},"18":{"start":{"line":119,"column":10},"end":{"line":119,"column":23}},"19":{"start":{"line":120,"column":10},"end":{"line":120,"column":46}},"20":{"start":{"line":121,"column":10},"end":{"line":121,"column":26}},"21":{"start":{"line":122,"column":4},"end":{"line":122,"column":9}},"22":{"start":{"line":125,"column":8},"end":{"line":125,"column":null}},"23":{"start":{"line":126,"column":4},"end":{"line":126,"column":9}},"24":{"start":{"line":127,"column":4},"end":{"line":127,"column":9}},"25":{"start":{"line":128,"column":4},"end":{"line":128,"column":10}},"26":{"start":{"line":130,"column":8},"end":{"line":130,"column":12}},"27":{"start":{"line":133,"column":8},"end":{"line":133,"column":12}},"28":{"start":{"line":137,"column":4},"end":{"line":137,"column":9}},"29":{"start":{"line":149,"column":2},"end":{"line":149,"column":null}},"30":{"start":{"line":150,"column":4},"end":{"line":150,"column":9}},"31":{"start":{"line":153,"column":10},"end":{"line":153,"column":null}},"32":{"start":{"line":153,"column":2},"end":{"line":153,"column":10}},"33":{"start":{"line":154,"column":4},"end":{"line":154,"column":10}},"34":{"start":{"line":155,"column":4},"end":{"line":155,"column":10}},"35":{"start":{"line":156,"column":6},"end":{"line":156,"column":12}},"36":{"start":{"line":160,"column":6},"end":{"line":160,"column":12}},"37":{"start":{"line":164,"column":6},"end":{"line":164,"column":12}},"38":{"start":{"line":170,"column":19},"end":{"line":170,"column":27}},"39":{"start":{"line":172,"column":4},"end":{"line":189,"column":null}},"40":{"start":{"line":173,"column":6},"end":{"line":173,"column":12}},"41":{"start":{"line":182,"column":19},"end":{"line":182,"column":null}},"42":{"start":{"line":183,"column":20},"end":{"line":183,"column":26}},"43":{"start":{"line":184,"column":6},"end":{"line":184,"column":11}},"44":{"start":{"line":185,"column":8},"end":{"line":185,"column":12}},"45":{"start":{"line":186,"column":8},"end":{"line":186,"column":12}},"46":{"start":{"line":187,"column":8},"end":{"line":187,"column":12}},"47":{"start":{"line":192,"column":2},"end":{"line":192,"column":6}},"48":{"start":{"line":194,"column":4},"end":{"line":199,"column":null}},"49":{"start":{"line":195,"column":6},"end":{"line":195,"column":16}},"50":{"start":{"line":196,"column":6},"end":{"line":196,"column":13}},"51":{"start":{"line":198,"column":6},"end":{"line":198,"column":13}},"52":{"start":{"line":202,"column":2},"end":{"line":202,"column":null}},"53":{"start":{"line":203,"column":16},"end":{"line":203,"column":21}},"54":{"start":{"line":204,"column":20},"end":{"line":204,"column":null}},"55":{"start":{"line":205,"column":4},"end":{"line":205,"column":9}},"56":{"start":{"line":206,"column":18},"end":{"line":206,"column":24}},"57":{"start":{"line":207,"column":4},"end":{"line":207,"column":10}},"58":{"start":{"line":210,"column":26},"end":{"line":210,"column":30}},"59":{"start":{"line":214,"column":2},"end":{"line":214,"column":8}},"60":{"start":{"line":215,"column":24},"end":{"line":215,"column":28}},"61":{"start":{"line":216,"column":18},"end":{"line":216,"column":22}},"62":{"start":{"line":217,"column":4},"end":{"line":217,"column":9}},"63":{"start":{"line":218,"column":34},"end":{"line":218,"column":38}},"64":{"start":{"line":219,"column":4},"end":{"line":219,"column":9}},"65":{"start":{"line":220,"column":24},"end":{"line":220,"column":28}},"66":{"start":{"line":221,"column":19},"end":{"line":221,"column":23}},"67":{"start":{"line":222,"column":4},"end":{"line":222,"column":10}},"68":{"start":{"line":223,"column":4},"end":{"line":223,"column":10}},"69":{"start":{"line":224,"column":28},"end":{"line":224,"column":49}},"70":{"start":{"line":225,"column":4},"end":{"line":225,"column":11}},"71":{"start":{"line":228,"column":2},"end":{"line":228,"column":16}},"72":{"start":{"line":229,"column":4},"end":{"line":229,"column":null}},"73":{"start":{"line":235,"column":2},"end":{"line":235,"column":null}},"74":{"start":{"line":236,"column":19},"end":{"line":236,"column":27}},"75":{"start":{"line":237,"column":18},"end":{"line":237,"column":24}},"76":{"start":{"line":238,"column":4},"end":{"line":238,"column":9}},"77":{"start":{"line":239,"column":4},"end":{"line":242,"column":null}},"78":{"start":{"line":240,"column":24},"end":{"line":240,"column":null}},"79":{"start":{"line":241,"column":6},"end":{"line":241,"column":27}},"80":{"start":{"line":241,"column":21},"end":{"line":241,"column":27}},"81":{"start":{"line":243,"column":4},"end":{"line":243,"column":10}},"82":{"start":{"line":246,"column":2},"end":{"line":246,"column":6}},"83":{"start":{"line":248,"column":6},"end":{"line":251,"column":null}},"84":{"start":{"line":252,"column":4},"end":{"line":252,"column":11}},"85":{"start":{"line":115,"column":21},"end":{"line":115,"column":33}},"86":{"start":{"line":254,"column":0},"end":{"line":254,"column":1}}},"fnMap":{"0":{"name":"(anonymous_0)","decl":{"start":{"line":115,"column":0},"end":{"line":115,"column":21}},"loc":{"start":{"line":115,"column":0},"end":{"line":254,"column":null}}},"1":{"name":"(anonymous_2)","decl":{"start":{"line":121,"column":60},"end":{"line":121,"column":61}},"loc":{"start":{"line":121,"column":61},"end":{"line":122,"column":null}}},"2":{"name":"(anonymous_3)","decl":{"start":{"line":125,"column":2},"end":{"line":125,"column":8}},"loc":{"start":{"line":125,"column":2},"end":{"line":147,"column":null}}},"3":{"name":"(anonymous_6)","decl":{"start":{"line":129,"column":12},"end":{"line":129,"column":15}},"loc":{"start":{"line":129,"column":15},"end":{"line":131,"column":null}}},"4":{"name":"(anonymous_7)","decl":{"start":{"line":132,"column":13},"end":{"line":132,"column":16}},"loc":{"start":{"line":132,"column":16},"end":{"line":136,"column":null}}},"5":{"name":"(anonymous_8)","decl":{"start":{"line":149,"column":2},"end":{"line":149,"column":null}},"loc":{"start":{"line":149,"column":2},"end":{"line":151,"column":null}}},"6":{"name":"(anonymous_9)","decl":{"start":{"line":153,"column":2},"end":{"line":153,"column":10}},"loc":{"start":{"line":153,"column":2},"end":{"line":190,"column":null}}},"7":{"name":"(anonymous_10)","decl":{"start":{"line":155,"column":53},"end":{"line":155,"column":null}},"loc":{"start":{"line":155,"column":53},"end":{"line":168,"column":null}}},"8":{"name":"(anonymous_11)","decl":{"start":{"line":184,"column":31},"end":{"line":184,"column":null}},"loc":{"start":{"line":184,"column":31},"end":{"line":188,"column":null}}},"9":{"name":"(anonymous_12)","decl":{"start":{"line":192,"column":2},"end":{"line":192,"column":6}},"loc":{"start":{"line":192,"column":2},"end":{"line":200,"column":null}}},"10":{"name":"(anonymous_13)","decl":{"start":{"line":202,"column":2},"end":{"line":202,"column":null}},"loc":{"start":{"line":202,"column":2},"end":{"line":212,"column":null}}},"11":{"name":"(anonymous_14)","decl":{"start":{"line":210,"column":21},"end":{"line":210,"column":22}},"loc":{"start":{"line":210,"column":22},"end":{"line":210,"column":null}}},"12":{"name":"(anonymous_15)","decl":{"start":{"line":214,"column":2},"end":{"line":214,"column":8}},"loc":{"start":{"line":214,"column":20},"end":{"line":226,"column":null}}},"13":{"name":"(anonymous_16)","decl":{"start":{"line":228,"column":2},"end":{"line":228,"column":16}},"loc":{"start":{"line":228,"column":28},"end":{"line":233,"column":null}}},"14":{"name":"(anonymous_17)","decl":{"start":{"line":235,"column":2},"end":{"line":235,"column":null}},"loc":{"start":{"line":235,"column":2},"end":{"line":244,"column":null}}},"15":{"name":"(anonymous_18)","decl":{"start":{"line":246,"column":2},"end":{"line":246,"column":6}},"loc":{"start":{"line":246,"column":2},"end":{"line":253,"column":null}}}},"branchMap":{"0":{"loc":{"start":{"line":115,"column":0},"end":{"line":115,"column":21}},"type":"binary-expr","locations":[{"start":{"line":115,"column":0},"end":{"line":115,"column":21}},{"start":{"line":115,"column":0},"end":{"line":115,"column":21}},{"start":{"line":115,"column":0},"end":{"line":115,"column":21}}]},"1":{"loc":{"start":{"line":172,"column":4},"end":{"line":189,"column":null}},"type":"if","locations":[{"start":{"line":172,"column":4},"end":{"line":189,"column":null}},{"start":{"line":172,"column":4},"end":{"line":189,"column":null}}]},"2":{"loc":{"start":{"line":196,"column":13},"end":{"line":196,"column":34}},"type":"binary-expr","locations":[{"start":{"line":196,"column":13},"end":{"line":196,"column":34}},{"start":{"line":196,"column":34},"end":{"line":196,"column":null}}]},"3":{"loc":{"start":{"line":204,"column":20},"end":{"line":204,"column":41}},"type":"binary-expr","locations":[{"start":{"line":204,"column":20},"end":{"line":204,"column":41}},{"start":{"line":204,"column":41},"end":{"line":204,"column":null}}]},"4":{"loc":{"start":{"line":239,"column":17},"end":{"line":239,"column":19}},"type":"cond-expr","locations":[{"start":{"line":239,"column":17},"end":{"line":239,"column":19}},{"start":{"line":239,"column":11},"end":{"line":239,"column":31}}]},"5":{"loc":{"start":{"line":239,"column":11},"end":{"line":239,"column":19}},"type":"binary-expr","locations":[{"start":{"line":239,"column":11},"end":{"line":239,"column":19}},{"start":{"line":239,"column":11},"end":{"line":239,"column":19}}]},"6":{"loc":{"start":{"line":240,"column":30},"end":{"line":240,"column":32}},"type":"cond-expr","locations":[{"start":{"line":240,"column":30},"end":{"line":240,"column":32}},{"start":{"line":240,"column":24},"end":{"line":240,"column":null}}]},"7":{"loc":{"start":{"line":240,"column":24},"end":{"line":240,"column":32}},"type":"binary-expr","locations":[{"start":{"line":240,"column":24},"end":{"line":240,"column":32}},{"start":{"line":240,"column":24},"end":{"line":240,"column":32}}]},"8":{"loc":{"start":{"line":241,"column":6},"end":{"line":241,"column":27}},"type":"if","locations":[{"start":{"line":241,"column":6},"end":{"line":241,"column":27}},{"start":{"line":241,"column":6},"end":{"line":241,"column":27}}]},"9":{"loc":{"start":{"line":243,"column":10},"end":{"line":243,"column":12}},"type":"cond-expr","locations":[{"start":{"line":243,"column":10},"end":{"line":243,"column":12}},{"start":{"line":243,"column":4},"end":{"line":243,"column":10}}]},"10":{"loc":{"start":{"line":243,"column":4},"end":{"line":243,"column":12}},"type":"binary-expr","locations":[{"start":{"line":243,"column":4},"end":{"line":243,"column":12}},{"start":{"line":243,"column":4},"end":{"line":243,"column":12}}]},"11":{"loc":{"start":{"line":248,"column":6},"end":{"line":248,"column":null}},"type":"binary-expr","locations":[{"start":{"line":248,"column":6},"end":{"line":248,"column":null}},{"start":{"line":249,"column":6},"end":{"line":249,"column":null}},{"start":{"line":250,"column":6},"end":{"line":250,"column":null}},{"start":{"line":251,"column":6},"end":{"line":251,"column":null}}]},"12":{"loc":{"start":{"line":248,"column":49},"end":{"line":248,"column":51}},"type":"cond-expr","locations":[{"start":{"line":248,"column":49},"end":{"line":248,"column":51}},{"start":{"line":248,"column":49},"end":{"line":248,"column":null}}]},"13":{"loc":{"start":{"line":248,"column":6},"end":{"line":248,"column":51}},"type":"binary-expr","locations":[{"start":{"line":248,"column":6},"end":{"line":248,"column":51}},{"start":{"line":248,"column":49},"end":{"line":248,"column":51}}]},"14":{"loc":{"start":{"line":252,"column":25},"end":{"line":252,"column":30}},"type":"cond-expr","locations":[{"start":{"line":252,"column":25},"end":{"line":252,"column":30}},{"start":{"line":252,"column":30},"end":{"line":252,"column":null}}]}},"s":{"0":0,"1":0,"2":0,"3":0,"4":0,"5":0,"6":0,"7":0,"8":0,"9":0,"10":0,"11":0,"12":0,"13":0,"14":0,"15":0,"16":0,"17":0,"18":0,"19":0,"20":0,"21":0,"22":0,"23":0,"24":0,"25":0,"26":0,"27":0,"28":0,"29":0,"30":0,"31":0,"32":0,"33":0,"34":0,"35":0,"36":0,"37":0,"38":0,"39":0,"40":0,"41":0,"42":0,"43":0,"44":0,"45":0,"46":0,"47":0,"48":0,"49":0,"50":0,"51":0,"52":0,"53":0,"54":0,"55":0,"56":0,"57":0,"58":0,"59":0,"60":0,"61":0,"62":0,"63":0,"64":0,"65":0,"66":0,"67":0,"68":0,"69":0,"70":0,"71":0,"72":0,"73":0,"74":0,"75":0,"76":0,"77":0,"78":0,"79":0,"80":0,"81":0,"82":0,"83":0,"84":0,"85":0,"86":0},"f":{"0":0,"1":0,"2":0,"3":0,"4":0,"5":0,"6":0,"7":0,"8":0,"9":0,"10":0,"11":0,"12":0,"13":0,"14":0,"15":0},"b":{"0":[0,0,0],"1":[0,0],"2":[0,0],"3":[0,0],"4":[0,0],"5":[0,0],"6":[0,0],"7":[0,0],"8":[0,0],"9":[0,0],"10":[0,0],"11":[0,0,0,0],"12":[0,0],"13":[0,0],"14":[0,0]}}
,"/Users/matthewhutcheson/Documents/Ergosoft/IMViewer/front-end-vue/src/components/home/Header.vue": {"path":"/Users/matthewhutcheson/Documents/Ergosoft/IMViewer/front-end-vue/src/components/home/Header.vue","statementMap":{"0":{"start":{"line":45,"column":0},"end":{"line":45,"column":null}},"1":{"start":{"line":46,"column":0},"end":{"line":46,"column":null}},"2":{"start":{"line":47,"column":0},"end":{"line":47,"column":null}},"3":{"start":{"line":48,"column":0},"end":{"line":48,"column":null}},"4":{"start":{"line":60,"column":0},"end":{"line":60,"column":21}},"5":{"start":{"line":60,"column":36},"end":{"line":60,"column":null}},"6":{"start":{"line":61,"column":2},"end":{"line":61,"column":12}},"7":{"start":{"line":63,"column":2},"end":{"line":63,"column":6}},"8":{"start":{"line":64,"column":32},"end":{"line":64,"column":37}},"9":{"start":{"line":65,"column":4},"end":{"line":65,"column":11}},"10":{"start":{"line":67,"column":2},"end":{"line":67,"column":6}},"11":{"start":{"line":68,"column":32},"end":{"line":68,"column":37}},"12":{"start":{"line":69,"column":4},"end":{"line":69,"column":11}},"13":{"start":{"line":60,"column":21},"end":{"line":60,"column":27}},"14":{"start":{"line":56,"column":6},"end":{"line":56,"column":11}},"15":{"start":{"line":71,"column":0},"end":{"line":71,"column":1}}},"fnMap":{"0":{"name":"(anonymous_0)","decl":{"start":{"line":60,"column":0},"end":{"line":60,"column":21}},"loc":{"start":{"line":60,"column":0},"end":{"line":71,"column":null}}},"1":{"name":"(anonymous_2)","decl":{"start":{"line":63,"column":2},"end":{"line":63,"column":6}},"loc":{"start":{"line":63,"column":2},"end":{"line":66,"column":null}}},"2":{"name":"(anonymous_3)","decl":{"start":{"line":67,"column":2},"end":{"line":67,"column":6}},"loc":{"start":{"line":67,"column":2},"end":{"line":70,"column":null}}},"3":{"name":"(anonymous_4)","decl":{"start":{"line":55,"column":20},"end":{"line":55,"column":21}},"loc":{"start":{"line":55,"column":29},"end":{"line":57,"column":null}}}},"branchMap":{"0":{"loc":{"start":{"line":60,"column":0},"end":{"line":60,"column":21}},"type":"binary-expr","locations":[{"start":{"line":60,"column":0},"end":{"line":60,"column":21}},{"start":{"line":60,"column":0},"end":{"line":60,"column":21}},{"start":{"line":60,"column":0},"end":{"line":60,"column":21}}]}},"s":{"0":1,"1":1,"2":1,"3":1,"4":1,"5":1,"6":0,"7":1,"8":0,"9":0,"10":1,"11":0,"12":0,"13":2,"14":0,"15":1},"f":{"0":1,"1":0,"2":0,"3":0},"b":{"0":[0,0,0]}}
,"/Users/matthewhutcheson/Documents/Ergosoft/IMViewer/front-end-vue/src/components/home/SideNav.vue": {"path":"/Users/matthewhutcheson/Documents/Ergosoft/IMViewer/front-end-vue/src/components/home/SideNav.vue","statementMap":{"0":{"start":{"line":67,"column":0},"end":{"line":67,"column":null}},"1":{"start":{"line":68,"column":0},"end":{"line":68,"column":null}},"2":{"start":{"line":75,"column":0},"end":{"line":75,"column":21}},"3":{"start":{"line":75,"column":37},"end":{"line":75,"column":null}},"4":{"start":{"line":79,"column":2},"end":{"line":79,"column":20}},"5":{"start":{"line":97,"column":2},"end":{"line":97,"column":60}},"6":{"start":{"line":110,"column":2},"end":{"line":110,"column":62}},"7":{"start":{"line":81,"column":2},"end":{"line":81,"column":11}},"8":{"start":{"line":82,"column":4},"end":{"line":86,"column":null}},"9":{"start":{"line":83,"column":6},"end":{"line":83,"column":13}},"10":{"start":{"line":85,"column":6},"end":{"line":85,"column":13}},"11":{"start":{"line":89,"column":2},"end":{"line":89,"column":null}},"12":{"start":{"line":90,"column":4},"end":{"line":94,"column":null}},"13":{"start":{"line":91,"column":6},"end":{"line":91,"column":13}},"14":{"start":{"line":93,"column":6},"end":{"line":93,"column":13}},"15":{"start":{"line":133,"column":2},"end":{"line":133,"column":9}},"16":{"start":{"line":134,"column":4},"end":{"line":134,"column":9}},"17":{"start":{"line":137,"column":2},"end":{"line":137,"column":9}},"18":{"start":{"line":138,"column":4},"end":{"line":138,"column":11}},"19":{"start":{"line":75,"column":21},"end":{"line":75,"column":28}},"20":{"start":{"line":140,"column":0},"end":{"line":140,"column":1}}},"fnMap":{"0":{"name":"(anonymous_0)","decl":{"start":{"line":75,"column":0},"end":{"line":75,"column":21}},"loc":{"start":{"line":75,"column":0},"end":{"line":140,"column":null}}},"1":{"name":"(anonymous_2)","decl":{"start":{"line":81,"column":2},"end":{"line":81,"column":11}},"loc":{"start":{"line":81,"column":23},"end":{"line":87,"column":null}}},"2":{"name":"(anonymous_3)","decl":{"start":{"line":89,"column":2},"end":{"line":89,"column":null}},"loc":{"start":{"line":89,"column":2},"end":{"line":95,"column":null}}},"3":{"name":"(anonymous_4)","decl":{"start":{"line":133,"column":2},"end":{"line":133,"column":9}},"loc":{"start":{"line":133,"column":19},"end":{"line":135,"column":null}}},"4":{"name":"(anonymous_5)","decl":{"start":{"line":137,"column":2},"end":{"line":137,"column":9}},"loc":{"start":{"line":137,"column":21},"end":{"line":139,"column":null}}}},"branchMap":{"0":{"loc":{"start":{"line":75,"column":0},"end":{"line":75,"column":21}},"type":"binary-expr","locations":[{"start":{"line":75,"column":0},"end":{"line":75,"column":21}},{"start":{"line":75,"column":0},"end":{"line":75,"column":21}},{"start":{"line":75,"column":0},"end":{"line":75,"column":21}}]},"1":{"loc":{"start":{"line":82,"column":4},"end":{"line":86,"column":null}},"type":"if","locations":[{"start":{"line":82,"column":4},"end":{"line":86,"column":null}},{"start":{"line":82,"column":4},"end":{"line":86,"column":null}}]},"2":{"loc":{"start":{"line":90,"column":4},"end":{"line":94,"column":null}},"type":"if","locations":[{"start":{"line":90,"column":4},"end":{"line":94,"column":null}},{"start":{"line":90,"column":4},"end":{"line":94,"column":null}}]}},"s":{"0":1,"1":1,"2":1,"3":1,"4":0,"5":0,"6":0,"7":1,"8":0,"9":0,"10":0,"11":1,"12":0,"13":0,"14":0,"15":1,"16":0,"17":1,"18":0,"19":2,"20":1},"f":{"0":1,"1":0,"2":0,"3":0,"4":0},"b":{"0":[0,0,0],"1":[0,0],"2":[0,0]}}
,"/Users/matthewhutcheson/Documents/Ergosoft/IMViewer/front-end-vue/src/components/panels/ConceptDetails.vue": {"path":"/Users/matthewhutcheson/Documents/Ergosoft/IMViewer/front-end-vue/src/components/panels/ConceptDetails.vue","statementMap":{"0":{"start":{"line":24,"column":0},"end":{"line":24,"column":null}},"1":{"start":{"line":25,"column":0},"end":{"line":25,"column":null}},"2":{"start":{"line":26,"column":0},"end":{"line":26,"column":null}},"3":{"start":{"line":27,"column":0},"end":{"line":27,"column":null}},"4":{"start":{"line":28,"column":0},"end":{"line":28,"column":null}},"5":{"start":{"line":29,"column":0},"end":{"line":29,"column":null}},"6":{"start":{"line":35,"column":0},"end":{"line":35,"column":21}},"7":{"start":{"line":35,"column":44},"end":{"line":35,"column":49}},"8":{"start":{"line":35,"column":21},"end":{"line":35,"column":35}},"9":{"start":{"line":35,"column":49},"end":{"line":35,"column":50}}},"fnMap":{"0":{"name":"(anonymous_0)","decl":{"start":{"line":35,"column":0},"end":{"line":35,"column":21}},"loc":{"start":{"line":35,"column":0},"end":{"line":35,"column":null}}}},"branchMap":{},"s":{"0":0,"1":0,"2":0,"3":0,"4":0,"5":0,"6":0,"7":0,"8":0,"9":0},"f":{"0":0},"b":{}}
,"/Users/matthewhutcheson/Documents/Ergosoft/IMViewer/front-end-vue/src/components/panels/ConceptMembers.vue": {"path":"/Users/matthewhutcheson/Documents/Ergosoft/IMViewer/front-end-vue/src/components/panels/ConceptMembers.vue","statementMap":{"0":{"start":{"line":59,"column":0},"end":{"line":59,"column":null}},"1":{"start":{"line":60,"column":0},"end":{"line":60,"column":null}},"2":{"start":{"line":61,"column":0},"end":{"line":61,"column":null}},"3":{"start":{"line":62,"column":0},"end":{"line":62,"column":null}},"4":{"start":{"line":64,"column":0},"end":{"line":64,"column":null}},"5":{"start":{"line":65,"column":0},"end":{"line":65,"column":null}},"6":{"start":{"line":73,"column":0},"end":{"line":73,"column":21}},"7":{"start":{"line":73,"column":44},"end":{"line":73,"column":null}},"8":{"start":{"line":75,"column":2},"end":{"line":75,"column":32}},"9":{"start":{"line":76,"column":2},"end":{"line":76,"column":32}},"10":{"start":{"line":78,"column":2},"end":{"line":78,"column":10}},"11":{"start":{"line":86,"column":12},"end":{"line":86,"column":16}},"12":{"start":{"line":93,"column":12},"end":{"line":93,"column":16}},"13":{"start":{"line":105,"column":12},"end":{"line":105,"column":16}},"14":{"start":{"line":112,"column":12},"end":{"line":112,"column":16}},"15":{"start":{"line":119,"column":2},"end":{"line":119,"column":15}},"16":{"start":{"line":120,"column":4},"end":{"line":120,"column":9}},"17":{"start":{"line":126,"column":2},"end":{"line":126,"column":9}},"18":{"start":{"line":127,"column":14},"end":{"line":127,"column":null}},"19":{"start":{"line":128,"column":4},"end":{"line":128,"column":5}},"20":{"start":{"line":131,"column":2},"end":{"line":131,"column":18}},"21":{"start":{"line":132,"column":20},"end":{"line":132,"column":null}},"22":{"start":{"line":134,"column":6},"end":{"line":134,"column":13}},"23":{"start":{"line":135,"column":4},"end":{"line":135,"column":19}},"24":{"start":{"line":137,"column":8},"end":{"line":137,"column":12}},"25":{"start":{"line":140,"column":8},"end":{"line":140,"column":12}},"26":{"start":{"line":146,"column":2},"end":{"line":146,"column":15}},"27":{"start":{"line":147,"column":14},"end":{"line":147,"column":22}},"28":{"start":{"line":148,"column":4},"end":{"line":148,"column":12}},"29":{"start":{"line":149,"column":4},"end":{"line":149,"column":5}},"30":{"start":{"line":150,"column":17},"end":{"line":150,"column":21}},"31":{"start":{"line":151,"column":16},"end":{"line":151,"column":22}},"32":{"start":{"line":152,"column":4},"end":{"line":152,"column":5}},"33":{"start":{"line":153,"column":4},"end":{"line":153,"column":5}},"34":{"start":{"line":154,"column":4},"end":{"line":154,"column":5}},"35":{"start":{"line":155,"column":4},"end":{"line":155,"column":10}},"36":{"start":{"line":73,"column":21},"end":{"line":73,"column":35}},"37":{"start":{"line":158,"column":0},"end":{"line":158,"column":1}}},"fnMap":{"0":{"name":"(anonymous_0)","decl":{"start":{"line":73,"column":0},"end":{"line":73,"column":21}},"loc":{"start":{"line":73,"column":0},"end":{"line":158,"column":null}}},"1":{"name":"(anonymous_2)","decl":{"start":{"line":85,"column":19},"end":{"line":85,"column":null}},"loc":{"start":{"line":85,"column":19},"end":{"line":87,"column":null}}},"2":{"name":"(anonymous_3)","decl":{"start":{"line":92,"column":19},"end":{"line":92,"column":null}},"loc":{"start":{"line":92,"column":19},"end":{"line":94,"column":null}}},"3":{"name":"(anonymous_4)","decl":{"start":{"line":104,"column":19},"end":{"line":104,"column":null}},"loc":{"start":{"line":104,"column":19},"end":{"line":106,"column":null}}},"4":{"name":"(anonymous_5)","decl":{"start":{"line":111,"column":19},"end":{"line":111,"column":null}},"loc":{"start":{"line":111,"column":19},"end":{"line":113,"column":null}}},"5":{"name":"(anonymous_6)","decl":{"start":{"line":119,"column":2},"end":{"line":119,"column":15}},"loc":{"start":{"line":119,"column":26},"end":{"line":124,"column":null}}},"6":{"name":"(anonymous_7)","decl":{"start":{"line":126,"column":2},"end":{"line":126,"column":9}},"loc":{"start":{"line":126,"column":19},"end":{"line":129,"column":null}}},"7":{"name":"(anonymous_8)","decl":{"start":{"line":131,"column":2},"end":{"line":131,"column":18}},"loc":{"start":{"line":131,"column":49},"end":{"line":144,"column":null}}},"8":{"name":"(anonymous_9)","decl":{"start":{"line":136,"column":12},"end":{"line":136,"column":20}},"loc":{"start":{"line":136,"column":20},"end":{"line":138,"column":null}}},"9":{"name":"(anonymous_10)","decl":{"start":{"line":139,"column":13},"end":{"line":139,"column":16}},"loc":{"start":{"line":139,"column":16},"end":{"line":143,"column":null}}},"10":{"name":"(anonymous_11)","decl":{"start":{"line":146,"column":2},"end":{"line":146,"column":15}},"loc":{"start":{"line":146,"column":56},"end":{"line":157,"column":null}}}},"branchMap":{"0":{"loc":{"start":{"line":73,"column":0},"end":{"line":73,"column":21}},"type":"binary-expr","locations":[{"start":{"line":73,"column":0},"end":{"line":73,"column":21}},{"start":{"line":73,"column":0},"end":{"line":73,"column":21}},{"start":{"line":73,"column":0},"end":{"line":73,"column":21}}]},"1":{"loc":{"start":{"line":134,"column":51},"end":{"line":134,"column":60}},"type":"cond-expr","locations":[{"start":{"line":134,"column":51},"end":{"line":134,"column":60}},{"start":{"line":134,"column":60},"end":{"line":134,"column":null}}]}},"s":{"0":0,"1":0,"2":0,"3":0,"4":0,"5":0,"6":0,"7":0,"8":0,"9":0,"10":0,"11":0,"12":0,"13":0,"14":0,"15":0,"16":0,"17":0,"18":0,"19":0,"20":0,"21":0,"22":0,"23":0,"24":0,"25":0,"26":0,"27":0,"28":0,"29":0,"30":0,"31":0,"32":0,"33":0,"34":0,"35":0,"36":0,"37":0},"f":{"0":0,"1":0,"2":0,"3":0,"4":0,"5":0,"6":0,"7":0,"8":0,"9":0,"10":0},"b":{"0":[0,0,0],"1":[0,0]}}
,"/Users/matthewhutcheson/Documents/Ergosoft/IMViewer/front-end-vue/src/components/panels/ConceptSummary.vue": {"path":"/Users/matthewhutcheson/Documents/Ergosoft/IMViewer/front-end-vue/src/components/panels/ConceptSummary.vue","statementMap":{"0":{"start":{"line":113,"column":0},"end":{"line":113,"column":null}},"1":{"start":{"line":114,"column":0},"end":{"line":114,"column":null}},"2":{"start":{"line":115,"column":0},"end":{"line":115,"column":null}},"3":{"start":{"line":116,"column":0},"end":{"line":116,"column":null}},"4":{"start":{"line":117,"column":0},"end":{"line":117,"column":null}},"5":{"start":{"line":118,"column":0},"end":{"line":118,"column":null}},"6":{"start":{"line":119,"column":0},"end":{"line":119,"column":null}},"7":{"start":{"line":120,"column":0},"end":{"line":120,"column":null}},"8":{"start":{"line":121,"column":0},"end":{"line":121,"column":null}},"9":{"start":{"line":122,"column":0},"end":{"line":122,"column":null}},"10":{"start":{"line":168,"column":0},"end":{"line":168,"column":21}},"11":{"start":{"line":168,"column":44},"end":{"line":168,"column":null}},"12":{"start":{"line":169,"column":2},"end":{"line":169,"column":19}},"13":{"start":{"line":170,"column":2},"end":{"line":170,"column":23}},"14":{"start":{"line":171,"column":2},"end":{"line":171,"column":12}},"15":{"start":{"line":172,"column":2},"end":{"line":172,"column":19}},"16":{"start":{"line":173,"column":2},"end":{"line":173,"column":20}},"17":{"start":{"line":174,"column":2},"end":{"line":174,"column":12}},"18":{"start":{"line":175,"column":2},"end":{"line":175,"column":36}},"19":{"start":{"line":177,"column":2},"end":{"line":177,"column":17}},"20":{"start":{"line":178,"column":2},"end":{"line":178,"column":11}},"21":{"start":{"line":207,"column":2},"end":{"line":207,"column":10}},"22":{"start":{"line":219,"column":8},"end":{"line":219,"column":12}},"23":{"start":{"line":180,"column":2},"end":{"line":180,"column":null}},"24":{"start":{"line":181,"column":4},"end":{"line":181,"column":9}},"25":{"start":{"line":184,"column":2},"end":{"line":184,"column":null}},"26":{"start":{"line":185,"column":4},"end":{"line":185,"column":10}},"27":{"start":{"line":188,"column":2},"end":{"line":188,"column":null}},"28":{"start":{"line":189,"column":4},"end":{"line":189,"column":10}},"29":{"start":{"line":190,"column":4},"end":{"line":190,"column":19}},"30":{"start":{"line":192,"column":8},"end":{"line":192,"column":12}},"31":{"start":{"line":193,"column":8},"end":{"line":195,"column":null}},"32":{"start":{"line":193,"column":27},"end":{"line":193,"column":30}},"33":{"start":{"line":193,"column":27},"end":{"line":193,"column":37}},"34":{"start":{"line":193,"column":23},"end":{"line":193,"column":27}},"35":{"start":{"line":194,"column":10},"end":{"line":194,"column":14}},"36":{"start":{"line":198,"column":8},"end":{"line":198,"column":12}},"37":{"start":{"line":231,"column":2},"end":{"line":231,"column":6}},"38":{"start":{"line":232,"column":4},"end":{"line":240,"column":null}},"39":{"start":{"line":233,"column":6},"end":{"line":233,"column":13}},"40":{"start":{"line":235,"column":10},"end":{"line":235,"column":17}},"41":{"start":{"line":239,"column":6},"end":{"line":239,"column":13}},"42":{"start":{"line":243,"column":2},"end":{"line":243,"column":6}},"43":{"start":{"line":244,"column":4},"end":{"line":244,"column":11}},"44":{"start":{"line":247,"column":2},"end":{"line":247,"column":6}},"45":{"start":{"line":248,"column":4},"end":{"line":248,"column":11}},"46":{"start":{"line":251,"column":2},"end":{"line":251,"column":null}},"47":{"start":{"line":252,"column":4},"end":{"line":252,"column":9}},"48":{"start":{"line":255,"column":2},"end":{"line":255,"column":null}},"49":{"start":{"line":256,"column":4},"end":{"line":256,"column":9}},"50":{"start":{"line":257,"column":4},"end":{"line":257,"column":9}},"51":{"start":{"line":258,"column":4},"end":{"line":258,"column":9}},"52":{"start":{"line":261,"column":2},"end":{"line":261,"column":null}},"53":{"start":{"line":262,"column":4},"end":{"line":262,"column":9}},"54":{"start":{"line":263,"column":4},"end":{"line":263,"column":9}},"55":{"start":{"line":264,"column":4},"end":{"line":264,"column":9}},"56":{"start":{"line":267,"column":2},"end":{"line":267,"column":null}},"57":{"start":{"line":268,"column":4},"end":{"line":268,"column":9}},"58":{"start":{"line":271,"column":2},"end":{"line":271,"column":null}},"59":{"start":{"line":272,"column":4},"end":{"line":272,"column":9}},"60":{"start":{"line":275,"column":2},"end":{"line":275,"column":9}},"61":{"start":{"line":276,"column":14},"end":{"line":276,"column":null}},"62":{"start":{"line":277,"column":4},"end":{"line":277,"column":5}},"63":{"start":{"line":280,"column":2},"end":{"line":280,"column":22}},"64":{"start":{"line":281,"column":14},"end":{"line":281,"column":null}},"65":{"start":{"line":282,"column":4},"end":{"line":282,"column":5}},"66":{"start":{"line":285,"column":2},"end":{"line":285,"column":20}},"67":{"start":{"line":286,"column":4},"end":{"line":286,"column":11}},"68":{"start":{"line":168,"column":21},"end":{"line":168,"column":35}},"69":{"start":{"line":130,"column":4},"end":{"line":130,"column":20}},"70":{"start":{"line":131,"column":6},"end":{"line":131,"column":11}},"71":{"start":{"line":132,"column":6},"end":{"line":132,"column":11}},"72":{"start":{"line":136,"column":28},"end":{"line":136,"column":36}},"73":{"start":{"line":137,"column":6},"end":{"line":139,"column":null}},"74":{"start":{"line":138,"column":8},"end":{"line":138,"column":21}},"75":{"start":{"line":140,"column":6},"end":{"line":140,"column":21}},"76":{"start":{"line":142,"column":10},"end":{"line":142,"column":14}},"77":{"start":{"line":145,"column":10},"end":{"line":145,"column":14}},"78":{"start":{"line":150,"column":4},"end":{"line":150,"column":14}},"79":{"start":{"line":151,"column":6},"end":{"line":151,"column":21}},"80":{"start":{"line":153,"column":10},"end":{"line":153,"column":14}},"81":{"start":{"line":154,"column":10},"end":{"line":158,"column":null}},"82":{"start":{"line":154,"column":29},"end":{"line":154,"column":32}},"83":{"start":{"line":154,"column":29},"end":{"line":154,"column":39}},"84":{"start":{"line":154,"column":25},"end":{"line":154,"column":29}},"85":{"start":{"line":155,"column":12},"end":{"line":157,"column":null}},"86":{"start":{"line":156,"column":14},"end":{"line":156,"column":18}},"87":{"start":{"line":161,"column":10},"end":{"line":161,"column":14}},"88":{"start":{"line":288,"column":0},"end":{"line":288,"column":1}}},"fnMap":{"0":{"name":"(anonymous_0)","decl":{"start":{"line":168,"column":0},"end":{"line":168,"column":21}},"loc":{"start":{"line":168,"column":0},"end":{"line":288,"column":null}}},"1":{"name":"(anonymous_2)","decl":{"start":{"line":218,"column":15},"end":{"line":218,"column":null}},"loc":{"start":{"line":218,"column":15},"end":{"line":220,"column":null}}},"2":{"name":"(anonymous_3)","decl":{"start":{"line":180,"column":2},"end":{"line":180,"column":null}},"loc":{"start":{"line":180,"column":2},"end":{"line":182,"column":null}}},"3":{"name":"(anonymous_4)","decl":{"start":{"line":184,"column":2},"end":{"line":184,"column":null}},"loc":{"start":{"line":184,"column":2},"end":{"line":186,"column":null}}},"4":{"name":"(anonymous_5)","decl":{"start":{"line":188,"column":2},"end":{"line":188,"column":null}},"loc":{"start":{"line":188,"column":2},"end":{"line":205,"column":null}}},"5":{"name":"(anonymous_6)","decl":{"start":{"line":191,"column":12},"end":{"line":191,"column":15}},"loc":{"start":{"line":191,"column":15},"end":{"line":196,"column":null}}},"6":{"name":"(anonymous_7)","decl":{"start":{"line":197,"column":13},"end":{"line":197,"column":16}},"loc":{"start":{"line":197,"column":16},"end":{"line":204,"column":null}}},"7":{"name":"(anonymous_8)","decl":{"start":{"line":231,"column":2},"end":{"line":231,"column":6}},"loc":{"start":{"line":231,"column":2},"end":{"line":241,"column":null}}},"8":{"name":"(anonymous_9)","decl":{"start":{"line":234,"column":13},"end":{"line":234,"column":22}},"loc":{"start":{"line":234,"column":31},"end":{"line":236,"column":null}}},"9":{"name":"(anonymous_10)","decl":{"start":{"line":243,"column":2},"end":{"line":243,"column":6}},"loc":{"start":{"line":243,"column":2},"end":{"line":245,"column":null}}},"10":{"name":"(anonymous_11)","decl":{"start":{"line":247,"column":2},"end":{"line":247,"column":6}},"loc":{"start":{"line":247,"column":2},"end":{"line":249,"column":null}}},"11":{"name":"(anonymous_12)","decl":{"start":{"line":251,"column":2},"end":{"line":251,"column":null}},"loc":{"start":{"line":251,"column":2},"end":{"line":253,"column":null}}},"12":{"name":"(anonymous_13)","decl":{"start":{"line":255,"column":2},"end":{"line":255,"column":null}},"loc":{"start":{"line":255,"column":2},"end":{"line":259,"column":null}}},"13":{"name":"(anonymous_14)","decl":{"start":{"line":261,"column":2},"end":{"line":261,"column":null}},"loc":{"start":{"line":261,"column":2},"end":{"line":265,"column":null}}},"14":{"name":"(anonymous_15)","decl":{"start":{"line":267,"column":2},"end":{"line":267,"column":null}},"loc":{"start":{"line":267,"column":2},"end":{"line":269,"column":null}}},"15":{"name":"(anonymous_16)","decl":{"start":{"line":271,"column":2},"end":{"line":271,"column":null}},"loc":{"start":{"line":271,"column":2},"end":{"line":273,"column":null}}},"16":{"name":"(anonymous_17)","decl":{"start":{"line":275,"column":2},"end":{"line":275,"column":9}},"loc":{"start":{"line":275,"column":19},"end":{"line":278,"column":null}}},"17":{"name":"(anonymous_18)","decl":{"start":{"line":280,"column":2},"end":{"line":280,"column":22}},"loc":{"start":{"line":280,"column":32},"end":{"line":283,"column":null}}},"18":{"name":"(anonymous_19)","decl":{"start":{"line":285,"column":2},"end":{"line":285,"column":20}},"loc":{"start":{"line":285,"column":32},"end":{"line":287,"column":null}}},"19":{"name":"(anonymous_20)","decl":{"start":{"line":130,"column":20},"end":{"line":130,"column":21}},"loc":{"start":{"line":130,"column":29},"end":{"line":149,"column":null}}},"20":{"name":"(anonymous_21)","decl":{"start":{"line":141,"column":14},"end":{"line":141,"column":17}},"loc":{"start":{"line":141,"column":17},"end":{"line":143,"column":null}}},"21":{"name":"(anonymous_22)","decl":{"start":{"line":144,"column":15},"end":{"line":144,"column":18}},"loc":{"start":{"line":144,"column":18},"end":{"line":148,"column":null}}},"22":{"name":"(anonymous_23)","decl":{"start":{"line":150,"column":14},"end":{"line":150,"column":15}},"loc":{"start":{"line":150,"column":23},"end":{"line":165,"column":null}}},"23":{"name":"(anonymous_24)","decl":{"start":{"line":152,"column":14},"end":{"line":152,"column":17}},"loc":{"start":{"line":152,"column":17},"end":{"line":159,"column":null}}},"24":{"name":"(anonymous_25)","decl":{"start":{"line":160,"column":15},"end":{"line":160,"column":18}},"loc":{"start":{"line":160,"column":18},"end":{"line":164,"column":null}}}},"branchMap":{"0":{"loc":{"start":{"line":168,"column":0},"end":{"line":168,"column":21}},"type":"binary-expr","locations":[{"start":{"line":168,"column":0},"end":{"line":168,"column":21}},{"start":{"line":168,"column":0},"end":{"line":168,"column":21}},{"start":{"line":168,"column":0},"end":{"line":168,"column":21}}]},"1":{"loc":{"start":{"line":232,"column":4},"end":{"line":240,"column":null}},"type":"if","locations":[{"start":{"line":232,"column":4},"end":{"line":240,"column":null}},{"start":{"line":232,"column":4},"end":{"line":240,"column":null}}]},"2":{"loc":{"start":{"line":244,"column":33},"end":{"line":244,"column":48}},"type":"cond-expr","locations":[{"start":{"line":244,"column":33},"end":{"line":244,"column":48}},{"start":{"line":244,"column":48},"end":{"line":244,"column":null}}]},"3":{"loc":{"start":{"line":248,"column":33},"end":{"line":248,"column":55}},"type":"cond-expr","locations":[{"start":{"line":248,"column":33},"end":{"line":248,"column":55}},{"start":{"line":248,"column":55},"end":{"line":248,"column":null}}]},"4":{"loc":{"start":{"line":286,"column":15},"end":{"line":286,"column":17}},"type":"cond-expr","locations":[{"start":{"line":286,"column":15},"end":{"line":286,"column":17}},{"start":{"line":286,"column":11},"end":{"line":286,"column":15}}]},"5":{"loc":{"start":{"line":286,"column":11},"end":{"line":286,"column":17}},"type":"binary-expr","locations":[{"start":{"line":286,"column":11},"end":{"line":286,"column":17}},{"start":{"line":286,"column":11},"end":{"line":286,"column":17}}]},"6":{"loc":{"start":{"line":137,"column":6},"end":{"line":139,"column":null}},"type":"if","locations":[{"start":{"line":137,"column":6},"end":{"line":139,"column":null}},{"start":{"line":137,"column":6},"end":{"line":139,"column":null}}]},"7":{"loc":{"start":{"line":155,"column":12},"end":{"line":157,"column":null}},"type":"if","locations":[{"start":{"line":155,"column":12},"end":{"line":157,"column":null}},{"start":{"line":155,"column":12},"end":{"line":157,"column":null}}]}},"s":{"0":0,"1":0,"2":0,"3":0,"4":0,"5":0,"6":0,"7":0,"8":0,"9":0,"10":0,"11":0,"12":0,"13":0,"14":0,"15":0,"16":0,"17":0,"18":0,"19":0,"20":0,"21":0,"22":0,"23":0,"24":0,"25":0,"26":0,"27":0,"28":0,"29":0,"30":0,"31":0,"32":0,"33":0,"34":0,"35":0,"36":0,"37":0,"38":0,"39":0,"40":0,"41":0,"42":0,"43":0,"44":0,"45":0,"46":0,"47":0,"48":0,"49":0,"50":0,"51":0,"52":0,"53":0,"54":0,"55":0,"56":0,"57":0,"58":0,"59":0,"60":0,"61":0,"62":0,"63":0,"64":0,"65":0,"66":0,"67":0,"68":0,"69":0,"70":0,"71":0,"72":0,"73":0,"74":0,"75":0,"76":0,"77":0,"78":0,"79":0,"80":0,"81":0,"82":0,"83":0,"84":0,"85":0,"86":0,"87":0,"88":0},"f":{"0":0,"1":0,"2":0,"3":0,"4":0,"5":0,"6":0,"7":0,"8":0,"9":0,"10":0,"11":0,"12":0,"13":0,"14":0,"15":0,"16":0,"17":0,"18":0,"19":0,"20":0,"21":0,"22":0,"23":0,"24":0},"b":{"0":[0,0,0],"1":[0,0],"2":[0,0],"3":[0,0],"4":[0,0],"5":[0,0],"6":[0,0],"7":[0,0]}}
,"/Users/matthewhutcheson/Documents/Ergosoft/IMViewer/front-end-vue/src/components/panels/Definition.vue": {"path":"/Users/matthewhutcheson/Documents/Ergosoft/IMViewer/front-end-vue/src/components/panels/Definition.vue","statementMap":{"0":{"start":{"line":6,"column":0},"end":{"line":6,"column":null}},"1":{"start":{"line":7,"column":0},"end":{"line":7,"column":null}},"2":{"start":{"line":8,"column":0},"end":{"line":8,"column":null}},"3":{"start":{"line":9,"column":0},"end":{"line":9,"column":null}},"4":{"start":{"line":29,"column":0},"end":{"line":29,"column":21}},"5":{"start":{"line":29,"column":40},"end":{"line":29,"column":null}},"6":{"start":{"line":41,"column":2},"end":{"line":41,"column":11}},"7":{"start":{"line":33,"column":2},"end":{"line":33,"column":6}},"8":{"start":{"line":34,"column":18},"end":{"line":34,"column":23}},"9":{"start":{"line":35,"column":26},"end":{"line":35,"column":31}},"10":{"start":{"line":36,"column":14},"end":{"line":36,"column":15}},"11":{"start":{"line":38,"column":4},"end":{"line":38,"column":11}},"12":{"start":{"line":43,"column":2},"end":{"line":43,"column":null}},"13":{"start":{"line":44,"column":4},"end":{"line":81,"column":null}},"14":{"start":{"line":45,"column":6},"end":{"line":45,"column":12}},"15":{"start":{"line":46,"column":6},"end":{"line":46,"column":12}},"16":{"start":{"line":47,"column":8},"end":{"line":47,"column":14}},"17":{"start":{"line":51,"column":8},"end":{"line":51,"column":14}},"18":{"start":{"line":56,"column":19},"end":{"line":56,"column":null}},"19":{"start":{"line":57,"column":30},"end":{"line":57,"column":null}},"20":{"start":{"line":60,"column":24},"end":{"line":60,"column":32}},"21":{"start":{"line":61,"column":6},"end":{"line":76,"column":null}},"22":{"start":{"line":62,"column":8},"end":{"line":62,"column":13}},"23":{"start":{"line":75,"column":8},"end":{"line":75,"column":22}},"24":{"start":{"line":78,"column":6},"end":{"line":78,"column":11}},"25":{"start":{"line":84,"column":2},"end":{"line":84,"column":null}},"26":{"start":{"line":85,"column":4},"end":{"line":85,"column":10}},"27":{"start":{"line":85,"column":47},"end":{"line":85,"column":52}},"28":{"start":{"line":86,"column":22},"end":{"line":86,"column":30}},"29":{"start":{"line":87,"column":4},"end":{"line":90,"column":null}},"30":{"start":{"line":88,"column":6},"end":{"line":88,"column":15}},"31":{"start":{"line":
[...]
name":"(anonymous_3)","decl":{"start":{"line":47,"column":15},"end":{"line":47,"column":24}},"loc":{"start":{"line":47,"column":30},"end":{"line":49,"column":null}}},"3":{"name":"(anonymous_4)","decl":{"start":{"line":56,"column":2},"end":{"line":56,"column":null}},"loc":{"start":{"line":56,"column":2},"end":{"line":63,"column":4}}},"4":{"name":"(anonymous_5)","decl":{"start":{"line":57,"column":19},"end":{"line":57,"column":null}},"loc":{"start":{"line":57,"column":19},"end":{"line":59,"column":null}}},"5":{"name":"(anonymous_6)","decl":{"start":{"line":65,"column":2},"end":{"line":65,"column":null}},"loc":{"start":{"line":65,"column":2},"end":{"line":67,"column":null}}},"6":{"name":"(anonymous_7)","decl":{"start":{"line":69,"column":2},"end":{"line":69,"column":null}},"loc":{"start":{"line":69,"column":2},"end":{"line":72,"column":null}}},"7":{"name":"(anonymous_8)","decl":{"start":{"line":74,"column":2},"end":{"line":74,"column":19}},"loc":{"start":{"line":74,"column":32},"end":{"line":190,"column":null}}},"8":{"name":"(anonymous_9)","decl":{"start":{"line":83,"column":19},"end":{"line":83,"column":28}},"loc":{"start":{"line":83,"column":34},"end":{"line":85,"column":null}}},"9":{"name":"(anonymous_10)","decl":{"start":{"line":88,"column":19},"end":{"line":88,"column":28}},"loc":{"start":{"line":88,"column":34},"end":{"line":90,"column":null}}},"10":{"name":"(anonymous_11)","decl":{"start":{"line":101,"column":19},"end":{"line":101,"column":28}},"loc":{"start":{"line":101,"column":34},"end":{"line":103,"column":null}}},"11":{"name":"(anonymous_12)","decl":{"start":{"line":106,"column":19},"end":{"line":106,"column":28}},"loc":{"start":{"line":106,"column":34},"end":{"line":108,"column":null}}},"12":{"name":"(anonymous_13)","decl":{"start":{"line":119,"column":19},"end":{"line":119,"column":28}},"loc":{"start":{"line":119,"column":34},"end":{"line":121,"column":null}}},"13":{"name":"(anonymous_14)","decl":{"start":{"line":124,"column":19},"end":{"line":124,"column":28}},"loc":{"start":{"line":124,"column":34},"end":{"line":126,"column":null}}},"14":{"name":"(anonymous_15)","decl":{"start":{"line":137,"column":19},"end":{"line":137,"column":28}},"loc":{"start":{"line":137,"column":34},"end":{"line":139,"column":null}}},"15":{"name":"(anonymous_16)","decl":{"start":{"line":142,"column":19},"end":{"line":142,"column":28}},"loc":{"start":{"line":142,"column":34},"end":{"line":144,"column":null}}},"16":{"name":"(anonymous_17)","decl":{"start":{"line":155,"column":19},"end":{"line":155,"column":28}},"loc":{"start":{"line":155,"column":34},"end":{"line":157,"column":null}}},"17":{"name":"(anonymous_18)","decl":{"start":{"line":160,"column":19},"end":{"line":160,"column":28}},"loc":{"start":{"line":160,"column":34},"end":{"line":162,"column":null}}},"18":{"name":"(anonymous_19)","decl":{"start":{"line":173,"column":19},"end":{"line":173,"column":28}},"loc":{"start":{"line":173,"column":34},"end":{"line":175,"column":null}}},"19":{"name":"(anonymous_20)","decl":{"start":{"line":178,"column":19},"end":{"line":178,"column":28}},"loc":{"start":{"line":178,"column":34},"end":{"line":180,"column":null}}},"20":{"name":"(anonymous_21)","decl":{"start":{"line":32,"column":15},"end":{"line":32,"column":16}},"loc":{"start":{"line":32,"column":24},"end":{"line":34,"column":null}}}},"branchMap":{"0":{"loc":{"start":{"line":37,"column":0},"end":{"line":37,"column":21}},"type":"binary-expr","locations":[{"start":{"line":37,"column":0},"end":{"line":37,"column":21}},{"start":{"line":37,"column":0},"end":{"line":37,"column":21}},{"start":{"line":37,"column":0},"end":{"line":37,"column":21}}]},"1":{"loc":{"start":{"line":75,"column":4},"end":{"line":189,"column":null}},"type":"if","locations":[{"start":{"line":75,"column":4},"end":{"line":189,"column":null}},{"start":{"line":75,"column":4},"end":{"line":189,"column":null}}]},"2":{"loc":{"start":{"line":93,"column":11},"end":{"line":189,"column":null}},"type":"if","locations":[{"start":{"line":93,"column":11},"end":{"line":189,"column":null}},{"start":{"line":93,"column":11},"end":{"line":189,"column":null}}]},"3":{"loc":{"start":{"line":111,"column":11},"end":{"line":189,"column":null}},"type":"if","locations":[{"start":{"line":111,"column":11},"end":{"line":189,"column":null}},{"start":{"line":111,"column":11},"end":{"line":189,"column":null}}]},"4":{"loc":{"start":{"line":129,"column":11},"end":{"line":189,"column":null}},"type":"if","locations":[{"start":{"line":129,"column":11},"end":{"line":189,"column":null}},{"start":{"line":129,"column":11},"end":{"line":189,"column":null}}]},"5":{"loc":{"start":{"line":147,"column":11},"end":{"line":189,"column":null}},"type":"if","locations":[{"start":{"line":147,"column":11},"end":{"line":189,"column":null}},{"start":{"line":147,"column":11},"end":{"line":189,"column":null}}]},"6":{"loc":{"start":{"line":165,"column":11},"end":{"line":189,"column":null}},"type":"if","locations":[{"start":{"line":165,"column":11},"end":{"line":189,"column":null}},{"start":{"line":165,"column":11},"end":{"line":189,"column":null}}]}},"s":{"0":0,"1":0,"2":0,"3":0,"4":0,"5":0,"6":0,"7":0,"8":0,"9":0,"10":0,"11":0,"12":0,"13":0,"14":0,"15":0,"16":0,"17":0,"18":0,"19":0,"20":0,"21":0,"22":0,"23":0,"24":0,"25":0,"26":0,"27":0,"28":0,"29":0,"30":0,"31":0,"32":0,"33":0,"34":0,"35":0,"36":0,"37":0,"38":0,"39":0,"40":0,"41":0,"42":0,"43":0,"44":0,"45":0,"46":0,"47":0,"48":0,"49":0,"50":0,"51":0,"52":0,"53":0},"f":{"0":0,"1":0,"2":0,"3":0,"4":0,"5":0,"6":0,"7":0,"8":0,"9":0,"10":0,"11":0,"12":0,"13":0,"14":0,"15":0,"16":0,"17":0,"18":0,"19":0,"20":0},"b":{"0":[0,0,0],"1":[0,0],"2":[0,0],"3":[0,0],"4":[0,0],"5":[0,0],"6":[0,0]}}
,"/Users/matthewhutcheson/Documents/Ergosoft/IMViewer/front-end-vue/src/views/Home.vue": {"path":"/Users/matthewhutcheson/Documents/Ergosoft/IMViewer/front-end-vue/src/views/Home.vue","statementMap":{"0":{"start":{"line":13,"column":0},"end":{"line":13,"column":null}},"1":{"start":{"line":14,"column":0},"end":{"line":14,"column":null}},"2":{"start":{"line":15,"column":0},"end":{"line":15,"column":null}},"3":{"start":{"line":16,"column":0},"end":{"line":16,"column":null}},"4":{"start":{"line":17,"column":0},"end":{"line":17,"column":null}},"5":{"start":{"line":18,"column":0},"end":{"line":18,"column":null}},"6":{"start":{"line":28,"column":0},"end":{"line":28,"column":21}},"7":{"start":{"line":28,"column":34},"end":{"line":28,"column":null}},"8":{"start":{"line":29,"column":8},"end":{"line":29,"column":null}},"9":{"start":{"line":31,"column":4},"end":{"line":31,"column":10}},"10":{"start":{"line":32,"column":4},"end":{"line":32,"column":9}},"11":{"start":{"line":34,"column":2},"end":{"line":34,"column":null}},"12":{"start":{"line":35,"column":4},"end":{"line":45,"column":null}},"13":{"start":{"line":36,"column":6},"end":{"line":36,"column":12}},"14":{"start":{"line":40,"column":11},"end":{"line":45,"column":null}},"15":{"start":{"line":41,"column":6},"end":{"line":41,"column":12}},"16":{"start":{"line":46,"column":4},"end":{"line":46,"column":null}},"17":{"start":{"line":49,"column":8},"end":{"line":53,"column":null}},"18":{"start":{"line":50,"column":10},"end":{"line":50,"column":14}},"19":{"start":{"line":55,"column":4},"end":{"line":55,"column":10}},"20":{"start":{"line":56,"column":6},"end":{"line":60,"column":null}},"21":{"start":{"line":57,"column":8},"end":{"line":57,"column":12}},"22":{"start":{"line":62,"column":4},"end":{"line":62,"column":10}},"23":{"start":{"line":63,"column":6},"end":{"line":67,"column":null}},"24":{"start":{"line":64,"column":8},"end":{"line":64,"column":12}},"25":{"start":{"line":28,"column":21},"end":{"line":28,"column":25}},"26":{"start":{"line":70,"column":0},"end":{"line":70,"column":1}}},"fnMap":{"0":{"name":"(anonymous_0)","decl":{"start":{"line":28,"column":0},"end":{"line":28,"column":21}},"loc":{"start":{"line":28,"column":0},"end":{"line":70,"column":null}}},"1":{"name":"(anonymous_2)","decl":{"start":{"line":29,"column":2},"end":{"line":29,"column":8}},"loc":{"start":{"line":29,"column":2},"end":{"line":33,"column":null}}},"2":{"name":"(anonymous_5)","decl":{"start":{"line":34,"column":2},"end":{"line":34,"column":null}},"loc":{"start":{"line":34,"column":2},"end":{"line":69,"column":null}}},"3":{"name":"(anonymous_6)","decl":{"start":{"line":48,"column":12},"end":{"line":48,"column":15}},"loc":{"start":{"line":48,"column":15},"end":{"line":54,"column":null}}},"4":{"name":"(anonymous_7)","decl":{"start":{"line":55,"column":70},"end":{"line":55,"column":73}},"loc":{"start":{"line":55,"column":73},"end":{"line":61,"column":null}}},"5":{"name":"(anonymous_8)","decl":{"start":{"line":62,"column":70},"end":{"line":62,"column":73}},"loc":{"start":{"line":62,"column":73},"end":{"line":68,"column":null}}}},"branchMap":{"0":{"loc":{"start":{"line":35,"column":4},"end":{"line":45,"column":null}},"type":"if","locations":[{"start":{"line":35,"column":4},"end":{"line":45,"column":null}},{"start":{"line":35,"column":4},"end":{"line":45,"column":null}}]},"1":{"loc":{"start":{"line":35,"column":8},"end":{"line":35,"column":39}},"type":"binary-expr","locations":[{"start":{"line":35,"column":8},"end":{"line":35,"column":39}},{"start":{"line":35,"column":39},"end":{"line":35,"column":73}}]},"2":{"loc":{"start":{"line":40,"column":11},"end":{"line":45,"column":null}},"type":"if","locations":[{"start":{"line":40,"column":11},"end":{"line":45,"column":null}},{"start":{"line":40,"column":11},"end":{"line":45,"column":null}}]},"3":{"loc":{"start":{"line":49,"column":8},"end":{"line":53,"column":null}},"type":"if","locations":[{"start":{"line":49,"column":8},"end":{"line":53,"column":null}},{"start":{"line":49,"column":8},"end":{"line":53,"column":null}}]},"4":{"loc":{"start":{"line":56,"column":6},"end":{"line":60,"column":null}},"type":"if","locations":[{"start":{"line":56,"column":6},"end":{"line":60,"column":null}},{"start":{"line":56,"column":6},"end":{"line":60,"column":null}}]},"5":{"loc":{"start":{"line":63,"column":6},"end":{"line":67,"column":null}},"type":"if","locations":[{"start":{"line":63,"column":6},"end":{"line":67,"column":null}},{"start":{"line":63,"column":6},"end":{"line":67,"column":null}}]}},"s":{"0":1,"1":1,"2":1,"3":1,"4":1,"5":1,"6":1,"7":1,"8":1,"9":12,"10":6,"11":7,"12":6,"13":6,"14":0,"15":0,"16":6,"17":6,"18":0,"19":6,"20":6,"21":0,"22":6,"23":6,"24":0,"25":2,"26":1},"f":{"0":7,"1":6,"2":6,"3":6,"4":6,"5":6},"b":{"0":[6,0],"1":[6,0],"2":[0,0],"3":[0,6],"4":[0,6],"5":[0,6]}}
,"/Users/matthewhutcheson/Documents/Ergosoft/IMViewer/front-end-vue/src/views/SnomedLicense.vue": {"path":"/Users/matthewhutcheson/Documents/Ergosoft/IMViewer/front-end-vue/src/views/SnomedLicense.vue","statementMap":{"0":{"start":{"line":113,"column":0},"end":{"line":113,"column":null}},"1":{"start":{"line":114,"column":0},"end":{"line":114,"column":null}},"2":{"start":{"line":115,"column":0},"end":{"line":115,"column":null}},"3":{"start":{"line":130,"column":0},"end":{"line":130,"column":21}},"4":{"start":{"line":130,"column":43},"end":{"line":130,"column":null}},"5":{"start":{"line":131,"column":2},"end":{"line":131,"column":15}},"6":{"start":{"line":133,"column":2},"end":{"line":133,"column":null}},"7":{"start":{"line":134,"column":4},"end":{"line":134,"column":10}},"8":{"start":{"line":137,"column":2},"end":{"line":137,"column":null}},"9":{"start":{"line":138,"column":4},"end":{"line":138,"column":10}},"10":{"start":{"line":139,"column":4},"end":{"line":143,"column":null}},"11":{"start":{"line":140,"column":6},"end":{"line":140,"column":11}},"12":{"start":{"line":142,"column":6},"end":{"line":142,"column":11}},"13":{"start":{"line":130,"column":21},"end":{"line":130,"column":34}},"14":{"start":{"line":122,"column":6},"end":{"line":126,"column":null}},"15":{"start":{"line":123,"column":8},"end":{"line":123,"column":13}},"16":{"start":{"line":125,"column":8},"end":{"line":125,"column":13}},"17":{"start":{"line":145,"column":0},"end":{"line":145,"column":1}}},"fnMap":{"0":{"name":"(anonymous_0)","decl":{"start":{"line":130,"column":0},"end":{"line":130,"column":21}},"loc":{"start":{"line":130,"column":0},"end":{"line":145,"column":null}}},"1":{"name":"(anonymous_2)","decl":{"start":{"line":133,"column":2},"end":{"line":133,"column":null}},"loc":{"start":{"line":133,"column":2},"end":{"line":135,"column":null}}},"2":{"name":"(anonymous_3)","decl":{"start":{"line":137,"column":2},"end":{"line":137,"column":null}},"loc":{"start":{"line":137,"column":2},"end":{"line":144,"column":null}}},"3":{"name":"(anonymous_4)","decl":{"start":{"line":121,"column":25},"end":{"line":121,"column":26}},"loc":{"start":{"line":121,"column":34},"end":{"line":127,"column":null}}}},"branchMap":{"0":{"loc":{"start":{"line":130,"column":0},"end":{"line":130,"column":21}},"type":"binary-expr","locations":[{"start":{"line":130,"column":0},"end":{"line":130,"column":21}},{"start":{"line":130,"column":0},"end":{"line":130,"column":21}},{"start":{"line":130,"column":0},"end":{"line":130,"column":21}}]},"1":{"loc":{"start":{"line":139,"column":4},"end":{"line":143,"column":null}},"type":"if","locations":[{"start":{"line":139,"column":4},"end":{"line":143,"column":null}},{"start":{"line":139,"column":4},"end":{"line":143,"column":null}}]},"2":{"loc":{"start":{"line":122,"column":6},"end":{"line":126,"column":null}},"type":"if","locations":[{"start":{"line":122,"column":6},"end":{"line":126,"column":null}},{"start":{"line":122,"column":6},"end":{"line":126,"column":null}}]}},"s":{"0":0,"1":0,"2":0,"3":0,"4":0,"5":0,"6":0,"7":0,"8":0,"9":0,"10":0,"11":0,"12":0,"13":0,"14":0,"15":0,"16":0,"17":0},"f":{"0":0,"1":0,"2":0,"3":0},"b":{"0":[0,0,0],"1":[0,0],"2":[0,0]}}
,"/Users/matthewhutcheson/Documents/Ergosoft/IMViewer/front-end-vue/src/views/User.vue": {"path":"/Users/matthewhutcheson/Documents/Ergosoft/IMViewer/front-end-vue/src/views/User.vue","statementMap":{"0":{"start":{"line":13,"column":0},"end":{"line":13,"column":null}},"1":{"start":{"line":14,"column":0},"end":{"line":14,"column":null}},"2":{"start":{"line":22,"column":21},"end":{"line":22,"column":null}}},"fnMap":{},"branchMap":{"0":{"loc":{"start":{"line":16,"column":1},"end":{"line":22,"column":null}},"type":"binary-expr","locations":[{"start":{"line":16,"column":1},"end":{"line":22,"column":null}},{"start":{"line":22,"column":38},"end":{"line":22,"column":null}}]}},"s":{"0":1,"1":1,"2":1},"f":{},"b":{"0":[1,0]}}
,"/Users/matthewhutcheson/Documents/Ergosoft/IMViewer/front-end-vue/src/views/Workflow.vue": {"path":"/Users/matthewhutcheson/Documents/Ergosoft/IMViewer/front-end-vue/src/views/Workflow.vue","statementMap":{"0":{"start":{"line":212,"column":0},"end":{"line":212,"column":null}},"1":{"start":{"line":213,"column":0},"end":{"line":213,"column":null}},"2":{"start":{"line":214,"column":0},"end":{"line":214,"column":null}},"3":{"start":{"line":215,"column":0},"end":{"line":215,"column":null}},"4":{"start":{"line":216,"column":0},"end":{"line":216,"column":null}},"5":{"start":{"line":226,"column":0},"end":{"line":226,"column":21}},"6":{"start":{"line":226,"column":38},"end":{"line":226,"column":null}},"7":{"start":{"line":227,"column":2},"end":{"line":227,"column":21}},"8":{"start":{"line":228,"column":2},"end":{"line":228,"column":21}},"9":{"start":{"line":229,"column":2},"end":{"line":229,"column":17}},"10":{"start":{"line":230,"column":2},"end":{"line":230,"column":18}},"11":{"start":{"line":232,"column":2},"end":{"line":232,"column":21}},"12":{"start":{"line":236,"column":2},"end":{"line":236,"column":14}},"13":{"start":{"line":241,"column":2},"end":{"line":241,"column":13}},"14":{"start":{"line":268,"column":2},"end":{"line":268,"column":13}},"15":{"start":{"line":295,"column":2},"end":{"line":295,"column":19}},"16":{"start":{"line":321,"column":2},"end":{"line":321,"column":19}},"17":{"start":{"line":348,"column":2},"end":{"line":348,"column":null}},"18":{"start":{"line":349,"column":4},"end":{"line":349,"column":9}},"19":{"start":{"line":350,"column":4},"end":{"line":350,"column":9}},"20":{"start":{"line":353,"column":2},"end":{"line":353,"column":null}},"21":{"start":{"line":354,"column":12},"end":{"line":354,"column":null}},"22":{"start":{"line":356,"column":4},"end":{"line":368,"column":null}},"23":{"start":{"line":357,"column":26},"end":{"line":357,"column":null}},"24":{"start":{"line":358,"column":6},"end":{"line":358,"column":11}},"25":{"start":{"line":367,"column":6},"end":{"line":367,"column":null}},"26":{"start":{"line":371,"column":2},"end":{"line":371,"column":null}},"27":{"start":{"line":372,"column":12},"end":{"line":372,"column":null}},"28":{"start":{"line":374,"column":4},"end":{"line":387,"column":null}},"29":{"start":{"line":375,"column":26},"end":{"line":375,"column":null}},"30":{"start":{"line":377,"column":6},"end":{"line":377,"column":11}},"31":{"start":{"line":386,"column":6},"end":{"line":386,"column":null}},"32":{"start":{"line":390,"column":2},"end":{"line":390,"column":19}},"33":{"start":{"line":391,"column":34},"end":{"line":391,"column":null}},"34":{"start":{"line":393,"column":4},"end":{"line":393,"column":12}},"35":{"start":{"line":394,"column":6},"end":{"line":403,"column":null}},"36":{"start":{"line":395,"column":8},"end":{"line":395,"column":22}},"37":{"start":{"line":402,"column":8},"end":{"line":402,"column":22}},"38":{"start":{"line":406,"column":4},"end":{"line":406,"column":11}},"39":{"start":{"line":226,"column":21},"end":{"line":226,"column":29}},"40":{"start":{"line":408,"column":0},"end":{"line":408,"column":1}}},"fnMap":{"0":{"name":"(anonymous_0)","decl":{"start":{"line":226,"column":0},"end":{"line":226,"column":21}},"loc":{"start":{"line":226,"column":0},"end":{"line":408,"column":null}}},"1":{"name":"(anonymous_2)","decl":{"start":{"line":348,"column":2},"end":{"line":348,"column":null}},"loc":{"start":{"line":348,"column":2},"end":{"line":351,"column":null}}},"2":{"name":"(anonymous_3)","decl":{"start":{"line":353,"column":2},"end":{"line":353,"column":null}},"loc":{"start":{"line":353,"column":2},"end":{"line":369,"column":null}}},"3":{"name":"(anonymous_4)","decl":{"start":{"line":371,"column":2},"end":{"line":371,"column":null}},"loc":{"start":{"line":371,"column":2},"end":{"line":388,"column":null}}},"4":{"name":"(anonymous_5)","decl":{"start":{"line":390,"column":2},"end":{"line":390,"column":19}},"loc":{"start":{"line":390,"column":45},"end":{"line":407,"column":null}}},"5":{"name":"(anonymous_6)","decl":{"start":{"line":393,"column":21},"end":{"line":393,"column":22}},"loc":{"start":{"line":393,"column":31},"end":{"line":404,"column":null}}}},"branchMap":{"0":{"loc":{"start":{"line":226,"column":0},"end":{"line":226,"column":21}},"type":"binary-expr","locations":[{"start":{"line":226,"column":0},"end":{"line":226,"column":21}},{"start":{"line":226,"column":0},"end":{"line":226,"column":21}},{"start":{"line":226,"column":0},"end":{"line":226,"column":21}}]},"1":{"loc":{"start":{"line":361,"column":35},"end":{"line":361,"column":48}},"type":"cond-expr","locations":[{"start":{"line":361,"column":35},"end":{"line":361,"column":48}},{"start":{"line":361,"column":48},"end":{"line":361,"column":null}}]},"2":{"loc":{"start":{"line":380,"column":35},"end":{"line":380,"column":48}},"type":"cond-expr","locations":[{"start":{"line":380,"column":35},"end":{"line":380,"column":48}},{"start":{"line":380,"column":48},"end":{"line":380,"column":null}}]},"3":{"loc":{"start":{"line":394,"column":6},"end":{"line":403,"column":null}},"type":"if","locations":[{"start":{"line":394,"column":6},"end":{"line":403,"column":null}},{"start":{"line":394,"column":6},"end":{"line":403,"column":null}}]}},"s":{"0":0,"1":0,"2":0,"3":0,"4":0,"5":0,"6":0,"7":0,"8":0,"9":0,"10":0,"11":0,"12":0,"13":0,"14":0,"15":0,"16":0,"17":0,"18":0,"19":0,"20":0,"21":0,"22":0,"23":0,"24":0,"25":0,"26":0,"27":0,"28":0,"29":0,"30":0,"31":0,"32":0,"33":0,"34":0,"35":0,"36":0,"37":0,"38":0,"39":0,"40":0},"f":{"0":0,"1":0,"2":0,"3":0,"4":0,"5":0},"b":{"0":[0,0,0],"1":[0,0],"2":[0,0],"3":[0,0]}}
}
