TN:
SF:/Users/matthewhutcheson/Documents/Ergosoft/IMViewer/front-end-vue/src/App.vue
FN:15,(anonymous_0)
FN:16,(anonymous_2)
FNF:2
FNH:2
FNDA:2,(anonymous_0)
FNDA:1,(anonymous_2)
DA:9,1
DA:10,1
DA:15,2
DA:16,1
DA:17,1
DA:19,1
LF:6
LH:6
BRF:0
BRH:0
end_of_record
TN:
SF:/Users/matthewhutcheson/Documents/Ergosoft/IMViewer/front-end-vue/src/aws-exports.js
FNF:0
FNH:0
DA:4,0
LF:1
LH:0
BRF:0
BRH:0
end_of_record
TN:
SF:/Users/matthewhutcheson/Documents/Ergosoft/IMViewer/front-end-vue/src/components/dashboard/ConceptSchemes.vue
FN:50,(anonymous_0)
FN:67,(anonymous_2)
FN:77,(anonymous_3)
FN:92,(anonymous_4)
FN:94,(anonymous_5)
FN:95,(anonymous_6)
FN:102,(anonymous_7)
FN:43,(anonymous_8)
FNF:8
FNH:0
FNDA:0,(anonymous_0)
FNDA:0,(anonymous_2)
FNDA:0,(anonymous_3)
FNDA:0,(anonymous_4)
FNDA:0,(anonymous_5)
FNDA:0,(anonymous_6)
FNDA:0,(anonymous_7)
FNDA:0,(anonymous_8)
DA:28,0
DA:29,0
DA:30,0
DA:31,0
DA:32,0
DA:33,0
DA:34,0
DA:35,0
DA:36,0
DA:44,0
DA:46,0
DA:50,0
DA:52,0
DA:53,0
DA:54,0
DA:67,0
DA:68,0
DA:71,0
DA:72,0
DA:73,0
DA:74,0
DA:76,0
DA:78,0
DA:79,0
DA:80,0
DA:82,0
DA:84,0
DA:86,0
DA:89,0
DA:90,0
DA:91,0
DA:92,0
DA:93,0
DA:94,0
DA:95,0
DA:96,0
DA:98,0
DA:99,0
DA:100,0
DA:103,0
DA:104,0
DA:110,0
LF:42
LH:0
BRDA:50,0,0,0
BRDA:50,0,1,0
BRDA:50,0,2,0
BRDA:72,1,0,0
BRDA:72,1,1,0
BRF:5
BRH:0
end_of_record
TN:
SF:/Users/matthewhutcheson/Documents/Ergosoft/IMViewer/front-end-vue/src/components/dashboard/ConceptStatus.vue
FN:50,(anonymous_0)
FN:67,(anonymous_2)
FN:77,(anonymous_3)
FN:92,(anonymous_4)
FN:94,(anonymous_5)
FN:95,(anonymous_6)
FN:102,(anonymous_7)
FN:43,(anonymous_8)
FNF:8
FNH:0
FNDA:0,(anonymous_0)
FNDA:0,(anonymous_2)
FNDA:0,(anonymous_3)
FNDA:0,(anonymous_4)
FNDA:0,(anonymous_5)
FNDA:0,(anonymous_6)
FNDA:0,(anonymous_7)
FNDA:0,(anonymous_8)
DA:28,0
DA:29,0
DA:30,0
DA:31,0
DA:32,0
DA:33,0
DA:34,0
DA:35,0
DA:36,0
DA:44,0
DA:46,0
DA:50,0
DA:52,0
DA:53,0
DA:54,0
DA:67,0
DA:68,0
DA:71,0
DA:72,0
DA:73,0
DA:74,0
DA:76,0
DA:78,0
DA:79,0
DA:80,0
DA:82,0
DA:84,0
DA:86,0
DA:89,0
DA:90,0
DA:91,0
DA:92,0
DA:93,0
DA:94,0
DA:95,0
DA:96,0
DA:98,0
DA:99,0
DA:100,0
DA:103,0
DA:104,0
DA:110,0
LF:42
LH:0
BRDA:50,0,0,0
BRDA:50,0,1,0
BRDA:50,0,2,0
BRDA:72,1,0,0
BRDA:72,1,1,0
BRF:5
BRH:0
end_of_record
TN:
SF:/Users/matthewhutcheson/Documents/Ergosoft/IMViewer/front-end-vue/src/components/dashboard/ConceptTypes.vue
FN:50,(anonymous_0)
FN:67,(anonymous_2)
FN:77,(anonymous_3)
FN:92,(anonymous_4)
FN:94,(anonymous_5)
FN:95,(anonymous_6)
FN:102,(anonymous_7)
FN:43,(anonymous_8)
FNF:8
FNH:0
FNDA:0,(anonymous_0)
FNDA:0,(anonymous_2)
FNDA:0,(anonymous_3)
FNDA:0,(anonymous_4)
FNDA:0,(anonymous_5)
FNDA:0,(anonymous_6)
FNDA:0,(anonymous_7)
FNDA:0,(anonymous_8)
DA:28,0
DA:29,0
DA:30,0
DA:31,0
DA:32,0
DA:33,0
DA:34,0
DA:35,0
DA:36,0
DA:44,0
DA:46,0
DA:50,0
DA:52,0
DA:53,0
DA:54,0
DA:67,0
DA:68,0
DA:71,0
DA:72,0
DA:73,0
DA:74,0
DA:76,0
DA:78,0
DA:79,0
DA:80,0
DA:82,0
DA:84,0
DA:86,0
DA:89,0
DA:90,0
DA:91,0
DA:92,0
DA:93,0
DA:94,0
DA:95,0
DA:96,0
DA:98,0
DA:99,0
DA:100,0
DA:103,0
DA:104,0
DA:110,0
LF:42
LH:0
BRDA:50,0,0,0
BRDA:50,0,1,0
BRDA:50,0,2,0
BRDA:72,1,0,0
BRDA:72,1,1,0
BRF:5
BRH:0
end_of_record
TN:
SF:/Users/matthewhutcheson/Documents/Ergosoft/IMViewer/front-end-vue/src/components/dashboard/MappingModule.vue
FN:27,(anonymous_0)
FNF:1
FNH:0
FNDA:0,(anonymous_0)
DA:21,0
DA:27,0
LF:2
LH:0
BRF:0
BRH:0
end_of_record
TN:
SF:/Users/matthewhutcheson/Documents/Ergosoft/IMViewer/front-end-vue/src/components/dashboard/OntologyOverview.vue
FN:45,(anonymous_0)
FN:49,(anonymous_2)
FN:58,(anonymous_3)
FN:66,(anonymous_4)
FNF:4
FNH:0
FNDA:0,(anonymous_0)
FNDA:0,(anonymous_2)
FNDA:0,(anonymous_3)
FNDA:0,(anonymous_4)
DA:34,0
DA:35,0
DA:36,0
DA:37,0
DA:38,0
DA:45,0
DA:46,0
DA:49,0
DA:52,0
DA:53,0
DA:54,0
DA:55,0
DA:57,0
DA:59,0
DA:60,0
DA:61,0
DA:67,0
DA:71,0
DA:77,0
LF:19
LH:0
BRDA:45,0,0,0
BRDA:45,0,1,0
BRDA:45,0,2,0
BRDA:53,1,0,0
BRDA:53,1,1,0
BRF:5
BRH:0
end_of_record
TN:
SF:/Users/matthewhutcheson/Documents/Ergosoft/IMViewer/front-end-vue/src/components/dashboard/WorkflowManager.vue
FN:25,(anonymous_0)
FNF:1
FNH:0
FNDA:0,(anonymous_0)
DA:20,0
DA:25,0
LF:2
LH:0
BRF:0
BRH:0
end_of_record
TN:
SF:/Users/matthewhutcheson/Documents/Ergosoft/IMViewer/front-end-vue/src/components/downloader/DownloadDialog.vue
FN:119,(anonymous_0)
FN:143,(anonymous_2)
FN:152,(anonymous_3)
FN:155,(anonymous_4)
FN:163,(anonymous_5)
FN:166,(anonymous_6)
FN:176,(anonymous_7)
FN:180,(anonymous_8)
FNF:8
FNH:0
FNDA:0,(anonymous_0)
FNDA:0,(anonymous_2)
FNDA:0,(anonymous_3)
FNDA:0,(anonymous_4)
FNDA:0,(anonymous_5)
FNDA:0,(anonymous_6)
FNDA:0,(anonymous_7)
FNDA:0,(anonymous_8)
DA:107,0
DA:108,0
DA:109,0
DA:112,0
DA:119,0
DA:123,0
DA:124,0
DA:125,0
DA:126,0
DA:127,0
DA:128,0
DA:129,0
DA:134,0
DA:143,0
DA:144,0
DA:145,0
DA:146,0
DA:147,0
DA:148,0
DA:152,0
DA:153,0
DA:154,0
DA:155,0
DA:157,0
DA:159,0
DA:163,0
DA:164,0
DA:165,0
DA:166,0
DA:168,0
DA:169,0
DA:170,0
DA:172,0
DA:176,0
DA:177,0
DA:180,0
DA:181,0
DA:186,0
DA:203,0
DA:204,0
DA:205,0
DA:207,0
DA:209,0
DA:211,0
LF:44
LH:0
BRDA:119,0,0,0
BRDA:119,0,1,0
BRDA:119,0,2,0
BRDA:144,1,0,0
BRDA:144,1,1,0
BRDA:144,2,0,0
BRDA:144,2,1,0
BRDA:145,3,0,0
BRDA:145,3,1,0
BRDA:145,4,0,0
BRDA:145,4,1,0
BRDA:149,5,0,0
BRDA:149,5,1,0
BRDA:149,6,0,0
BRDA:149,6,1,0
BRDA:149,7,0,0
BRDA:149,7,1,0
BRDA:149,8,0,0
BRDA:149,8,1,0
BRDA:149,9,0,0
BRDA:149,9,1,0
BRDA:149,10,0,0
BRDA:149,10,1,0
BRDA:149,11,0,0
BRDA:149,11,1,0
BRDA:149,12,0,0
BRDA:149,12,1,0
BRDA:149,13,0,0
BRDA:149,13,1,0
BRDA:170,14,0,0
BRDA:170,14,1,0
BRDA:204,15,0,0
BRDA:204,15,1,0
BRF:33
BRH:0
end_of_record
TN:
SF:/Users/matthewhutcheson/Documents/Ergosoft/IMViewer/front-end-vue/src/components/edit/EditDialog.vue
FN:51,(anonymous_0)
FN:56,(anonymous_2)
FN:60,(anonymous_3)
FN:64,(anonymous_4)
FN:68,(anonymous_5)
FN:75,(anonymous_6)
FN:78,(anonymous_7)
FN:81,(anonymous_8)
FN:88,(anonymous_9)
FNF:9
FNH:0
FNDA:0,(anonymous_0)
FNDA:0,(anonymous_2)
FNDA:0,(anonymous_3)
FNDA:0,(anonymous_4)
FNDA:0,(anonymous_5)
FNDA:0,(anonymous_6)
FNDA:0,(anonymous_7)
FNDA:0,(anonymous_8)
FNDA:0,(anonymous_9)
DA:38,0
DA:39,0
DA:40,0
DA:42,0
DA:51,0
DA:52,0
DA:53,0
DA:54,0
DA:56,0
DA:57,0
DA:60,0
DA:61,0
DA:64,0
DA:65,0
DA:68,0
DA:69,0
DA:70,0
DA:72,0
DA:75,0
DA:76,0
DA:77,0
DA:79,0
DA:82,0
DA:88,0
DA:89,0
DA:91,0
LF:26
LH:0
BRDA:51,0,0,0
BRDA:51,0,1,0
BRDA:51,0,2,0
BRDA:69,1,0,0
BRDA:69,1,1,0
BRF:5
BRH:0
end_of_record
TN:
SF:/Users/matthewhutcheson/Documents/Ergosoft/IMViewer/front-end-vue/src/components/edit/Editor.vue
FN:118,(anonymous_0)
FN:124,(anonymous_2)
FN:128,(anonymous_3)
FN:132,(anonymous_6)
FN:135,(anonymous_7)
FN:152,(anonymous_8)
FN:156,(anonymous_9)
FN:158,(anonymous_10)
FN:187,(anonymous_11)
FN:195,(anonymous_12)
FN:205,(anonymous_13)
FN:213,(anonymous_14)
FN:217,(anonymous_15)
FN:231,(anonymous_16)
FN:238,(anonymous_17)
FN:249,(anonymous_18)
FNF:16
FNH:0
FNDA:0,(anonymous_0)
FNDA:0,(anonymous_2)
FNDA:0,(anonymous_3)
FNDA:0,(anonymous_6)
FNDA:0,(anonymous_7)
FNDA:0,(anonymous_8)
FNDA:0,(anonymous_9)
FNDA:0,(anonymous_10)
FNDA:0,(anonymous_11)
FNDA:0,(anonymous_12)
FNDA:0,(anonymous_13)
FNDA:0,(anonymous_14)
FNDA:0,(anonymous_15)
FNDA:0,(anonymous_16)
FNDA:0,(anonymous_17)
FNDA:0,(anonymous_18)
DA:90,0
DA:93,0
DA:98,0
DA:99,0
DA:100,0
DA:101,0
DA:102,0
DA:103,0
DA:104,0
DA:105,0
DA:107,0
DA:108,0
DA:109,0
DA:110,0
DA:111,0
DA:118,0
DA:121,0
DA:122,0
DA:123,0
DA:124,0
DA:125,0
DA:128,0
DA:129,0
DA:130,0
DA:131,0
DA:133,0
DA:136,0
DA:140,0
DA:152,0
DA:153,0
DA:156,0
DA:157,0
DA:158,0
DA:159,0
DA:163,0
DA:167,0
DA:173,0
DA:175,0
DA:176,0
DA:185,0
DA:186,0
DA:187,0
DA:188,0
DA:189,0
DA:190,0
DA:195,0
DA:197,0
DA:198,0
DA:199,0
DA:201,0
DA:205,0
DA:206,0
DA:207,0
DA:208,0
DA:209,0
DA:210,0
DA:213,0
DA:217,0
DA:218,0
DA:219,0
DA:220,0
DA:221,0
DA:222,0
DA:223,0
DA:224,0
DA:225,0
DA:226,0
DA:227,0
DA:228,0
DA:231,0
DA:232,0
DA:238,0
DA:239,0
DA:240,0
DA:241,0
DA:242,0
DA:243,0
DA:244,0
DA:246,0
DA:249,0
DA:251,0
DA:255,0
DA:257,0
LF:83
LH:0
BRDA:118,0,0,0
BRDA:118,0,1,0
BRDA:118,0,2,0
BRDA:175,1,0,0
BRDA:175,1,1,0
BRDA:199,2,0,0
BRDA:199,2,1,0
BRDA:207,3,0,0
BRDA:207,3,1,0
BRDA:242,4,0,0
BRDA:242,4,1,0
BRDA:242,5,0,0
BRDA:242,5,1,0
BRDA:243,6,0,0
BRDA:243,6,1,0
BRDA:243,7,0,0
BRDA:243,7,1,0
BRDA:244,8,0,0
BRDA:244,8,1,0
BRDA:246,9,0,0
BRDA:246,9,1,0
BRDA:246,10,0,0
BRDA:246,10,1,0
BRDA:251,11,0,0
BRDA:251,11,1,0
BRDA:251,11,2,0
BRDA:251,11,3,0
BRDA:251,12,0,0
BRDA:251,12,1,0
BRDA:251,13,0,0
BRDA:251,13,1,0
BRDA:255,14,0,0
BRDA:255,14,1,0
BRF:33
BRH:0
end_of_record
TN:
SF:/Users/matthewhutcheson/Documents/Ergosoft/IMViewer/front-end-vue/src/components/home/Header.vue
FN:60,(anonymous_0)
FN:63,(anonymous_2)
FN:67,(anonymous_3)
FN:55,(anonymous_4)
FNF:4
FNH:0
FNDA:0,(anonymous_0)
FNDA:0,(anonymous_2)
FNDA:0,(anonymous_3)
FNDA:0,(anonymous_4)
DA:45,0
DA:46,0
DA:47,0
DA:48,0
DA:56,0
DA:60,0
DA:61,0
DA:63,0
DA:64,0
DA:65,0
DA:67,0
DA:68,0
DA:69,0
DA:71,0
LF:14
LH:0
BRDA:60,0,0,0
BRDA:60,0,1,0
BRDA:60,0,2,0
BRF:3
BRH:0
end_of_record
TN:
SF:/Users/matthewhutcheson/Documents/Ergosoft/IMViewer/front-end-vue/src/components/home/SideNav.vue
FN:75,(anonymous_0)
FN:81,(anonymous_2)
FN:89,(anonymous_3)
FN:133,(anonymous_4)
FN:137,(anonymous_5)
FNF:5
FNH:0
FNDA:0,(anonymous_0)
FNDA:0,(anonymous_2)
FNDA:0,(anonymous_3)
FNDA:0,(anonymous_4)
FNDA:0,(anonymous_5)
DA:67,0
DA:68,0
DA:75,0
DA:79,0
DA:81,0
DA:82,0
DA:83,0
DA:85,0
DA:89,0
DA:90,0
DA:91,0
DA:93,0
DA:97,0
DA:110,0
DA:133,0
DA:134,0
DA:137,0
DA:138,0
DA:140,0
LF:19
LH:0
BRDA:75,0,0,0
BRDA:75,0,1,0
BRDA:75,0,2,0
BRDA:82,1,0,0
BRDA:82,1,1,0
BRDA:90,2,0,0
BRDA:90,2,1,0
BRF:7
BRH:0
end_of_record
TN:
SF:/Users/matthewhutcheson/Documents/Ergosoft/IMViewer/front-end-vue/src/components/home/Sidebar.vue
FN:62,(anonymous_0)
FN:70,(anonymous_2)
FN:79,(anonymous_3)
FN:89,(anonymous_4)
FN:57,(anonymous_5)
FNF:5
FNH:0
FNDA:0,(anonymous_0)
FNDA:0,(anonymous_2)
FNDA:0,(anonymous_3)
FNDA:0,(anonymous_4)
FNDA:0,(anonymous_5)
DA:40,0
DA:41,0
DA:58,0
DA:62,0
DA:63,0
DA:64,0
DA:65,0
DA:70,0
DA:72,0
DA:79,0
DA:80,0
DA:84,0
DA:85,0
DA:86,0
DA:89,0
DA:90,0
DA:98,0
DA:100,0
LF:18
LH:0
BRDA:62,0,0,0
BRDA:62,0,1,0
BRDA:62,0,2,0
BRF:3
BRH:0
end_of_record
TN:
SF:/Users/matthewhutcheson/Documents/Ergosoft/IMViewer/front-end-vue/src/components/panels/ConceptDetails.vue
FN:27,(anonymous_0)
FNF:1
FNH:0
FNDA:0,(anonymous_0)
DA:18,0
DA:19,0
DA:20,0
DA:21,0
DA:27,0
LF:5
LH:0
BRF:0
BRH:0
end_of_record
TN:
SF:/Users/matthewhutcheson/Documents/Ergosoft/IMViewer/front-end-vue/src/components/panels/ConceptMembers.vue
FN:73,(anonymous_0)
FN:85,(anonymous_2)
FN:92,(anonymous_3)
FN:104,(anonymous_4)
FN:111,(anonymous_5)
FN:119,(anonymous_6)
FN:126,(anonymous_7)
FN:131,(anonymous_8)
FN:136,(anonymous_9)
FN:139,(anonymous_10)
FN:146,(anonymous_11)
FNF:11
FNH:0
FNDA:0,(anonymous_0)
FNDA:0,(anonymous_2)
FNDA:0,(anonymous_3)
FNDA:0,(anonymous_4)
FNDA:0,(anonymous_5)
FNDA:0,(anonymous_6)
FNDA:0,(anonymous_7)
FNDA:0,(anonymous_8)
FNDA:0,(anonymous_9)
FNDA:0,(anonymous_10)
FNDA:0,(anonymous_11)
DA:59,0
DA:60,0
DA:61,0
DA:62,0
DA:64,0
DA:65,0
DA:73,0
DA:75,0
DA:76,0
DA:78,0
DA:86,0
DA:93,0
DA:105,0
DA:112,0
DA:119,0
DA:120,0
DA:126,0
DA:127,0
DA:128,0
DA:131,0
DA:132,0
DA:134,0
DA:135,0
DA:137,0
DA:140,0
DA:146,0
DA:147,0
DA:148,0
DA:149,0
DA:150,0
DA:151,0
DA:152,0
DA:153,0
DA:154,0
DA:155,0
DA:158,0
LF:36
LH:0
BRDA:73,0,0,0
BRDA:73,0,1,0
BRDA:73,0,2,0
BRDA:134,1,0,0
BRDA:134,1,1,0
BRF:5
BRH:0
end_of_record
TN:
SF:/Users/matthewhutcheson/Documents/Ergosoft/IMViewer/front-end-vue/src/components/panels/ConceptSummary.vue
FN:166,(anonymous_0)
FN:205,(anonymous_2)
FN:176,(anonymous_3)
FN:178,(anonymous_4)
FN:184,(anonymous_5)
FN:218,(anonymous_6)
FN:221,(anonymous_7)
FN:230,(anonymous_8)
FN:234,(anonymous_9)
FN:238,(anonymous_10)
FN:242,(anonymous_11)
FN:247,(anonymous_12)
FN:252,(anonymous_13)
FN:256,(anonymous_14)
FN:260,(anonymous_15)
FN:265,(anonymous_16)
FN:270,(anonymous_17)
FN:128,(anonymous_18)
FN:139,(anonymous_19)
FN:142,(anonymous_20)
FN:148,(anonymous_21)
FN:150,(anonymous_22)
FN:158,(anonymous_23)
FNF:23
FNH:0
FNDA:0,(anonymous_0)
FNDA:0,(anonymous_2)
FNDA:0,(anonymous_3)
FNDA:0,(anonymous_4)
FNDA:0,(anonymous_5)
FNDA:0,(anonymous_6)
FNDA:0,(anonymous_7)
FNDA:0,(anonymous_8)
FNDA:0,(anonymous_9)
FNDA:0,(anonymous_10)
FNDA:0,(anonymous_11)
FNDA:0,(anonymous_12)
FNDA:0,(anonymous_13)
FNDA:0,(anonymous_14)
FNDA:0,(anonymous_15)
FNDA:0,(anonymous_16)
FNDA:0,(anonymous_17)
FNDA:0,(anonymous_18)
FNDA:0,(anonymous_19)
FNDA:0,(anonymous_20)
FNDA:0,(anonymous_21)
FNDA:0,(anonymous_22)
FNDA:0,(anonymous_23)
DA:111,0
DA:112,0
DA:113,0
DA:114,0
DA:115,0
DA:116,0
DA:117,0
DA:118,0
DA:119,0
DA:120,0
DA:128,0
DA:129,0
DA:130,0
DA:134,0
DA:135,0
DA:136,0
DA:138,0
DA:140,0
DA:143,0
DA:148,0
DA:149,0
DA:151,0
DA:152,0
DA:153,0
DA:154,0
DA:159,0
DA:166,0
DA:167,0
DA:168,0
DA:169,0
DA:170,0
DA:171,0
DA:172,0
DA:173,0
DA:176,0
DA:177,0
DA:179,0
DA:180,0
DA:181,0
DA:185,0
DA:194,0
DA:206,0
DA:218,0
DA:219,0
DA:220,0
DA:222,0
DA:226,0
DA:230,0
DA:231,0
DA:234,0
DA:235,0
DA:238,0
DA:239,0
DA:242,0
DA:243,0
DA:244,0
DA:247,0
DA:248,0
DA:249,0
DA:252,0
DA:253,0
DA:256,0
DA:257,0
DA:260,0
DA:261,0
DA:262,0
DA:265,0
DA:266,0
DA:267,0
DA:270,0
DA:271,0
DA:273,0
LF:72
LH:0
BRDA:166,0,0,0
BRDA:166,0,1,0
BRDA:166,0,2,0
BRDA:219,1,0,0
BRDA:219,1,1,0
BRDA:231,2,0,0
BRDA:231,2,1,0
BRDA:235,3,0,0
BRDA:235,3,1,0
BRDA:271,4,0,0
BRDA:271,4,1,0
BRDA:271,5,0,0
BRDA:271,5,1,0
BRDA:135,6,0,0
BRDA:135,6,1,0
BRDA:153,7,0,0
BRDA:153,7,1,0
BRF:17
BRH:0
end_of_record
TN:
SF:/Users/matthewhutcheson/Documents/Ergosoft/IMViewer/front-end-vue/src/components/panels/ConceptUsageAndMapping.vue
FN:76,(anonymous_0)
FN:81,(anonymous_2)
FNF:2
FNH:0
FNDA:0,(anonymous_0)
FNDA:0,(anonymous_2)
DA:69,0
DA:76,0
DA:77,0
DA:78,0
DA:79,0
DA:81,0
DA:82,0
DA:87,0
LF:8
LH:0
BRDA:76,0,0,0
BRDA:76,0,1,0
BRDA:76,0,2,0
BRF:3
BRH:0
end_of_record
TN:
SF:/Users/matthewhutcheson/Documents/Ergosoft/IMViewer/front-end-vue/src/components/panels/Definition.vue
FN:25,(anonymous_0)
FN:28,(anonymous_2)
FN:31,(anonymous_3)
FN:38,(anonymous_4)
FN:41,(anonymous_5)
FN:79,(anonymous_6)
FN:83,(anonymous_7)
FN:19,(anonymous_8)
FNF:8
FNH:0
FNDA:0,(anonymous_0)
FNDA:0,(anonymous_2)
FNDA:0,(anonymous_3)
FNDA:0,(anonymous_4)
FNDA:0,(anonymous_5)
FNDA:0,(anonymous_6)
FNDA:0,(anonymous_7)
FNDA:0,(anonymous_8)
DA:6,0
DA:7,0
DA:8,0
DA:9,0
DA:20,0
DA:21,0
DA:25,0
DA:28,0
DA:29,0
DA:30,0
DA:31,0
DA:33,0
DA:36,0
DA:38,0
DA:39,0
DA:40,0
DA:41,0
DA:42,0
DA:46,0
DA:51,0
DA:52,0
DA:55,0
DA:56,0
DA:57,0
DA:70,0
DA:73,0
DA:79,0
DA:80,0
DA:83,0
DA:84,0
DA:85,0
DA:87,0
LF:32
LH:0
BRDA:25,0,0,0
BRDA:25,0,1,0
BRDA:25,0,2,0
BRDA:31,1,0,0
BRDA:31,1,1,0
BRDA:31,2,0,0
BRDA:31,2,1,0
BRDA:31,3,0,0
BRDA:31,3,1,0
BRDA:31,4,0,0
BRDA:31,4,1,0
BRDA:31,5,0,0
BRDA:31,5,1,0
BRDA:56,6,0,0
BRDA:56,6,1,0
BRF:15
BRH:0
end_of_record
TN:
SF:/Users/matthewhutcheson/Documents/Ergosoft/IMViewer/front-end-vue/src/components/panels/Graph.vue
FN:57,(anonymous_0)
FN:67,(anonymous_2)
FN:72,(anonymous_3)
FN:77,(anonymous_4)
FN:81,(anonymous_5)
FN:92,(anonymous_6)
FN:96,(anonymous_7)
FN:101,(anonymous_8)
FN:105,(anonymous_9)
FN:115,(anonymous_10)
FN:121,(anonymous_11)
FN:125,(anonymous_12)
FN:126,(anonymous_13)
FN:139,(anonymous_14)
FN:168,(anonymous_15)
FN:172,(anonymous_16)
FN:185,(anonymous_17)
FN:186,(anonymous_18)
FN:193,(anonymous_19)
FN:195,(anonymous_20)
FN:196,(anonymous_21)
FN:199,(anonymous_22)
FN:200,(anonymous_23)
FN:201,(anonymous_24)
FN:202,(anonymous_25)
FN:206,(anonymous_26)
FN:214,(anonymous_27)
FN:216,(anonymous_28)
FN:217,(anonymous_29)
FN:218,(anonymous_30)
FN:219,(anonymous_31)
FN:239,(anonymous_32)
FN:243,(anonymous_33)
FN:248,(anonymous_34)
FN:268,(anonymous_35)
FN:276,(anonymous_36)
FN:286,(anonymous_37)
FN:291,(anonymous_38)
FN:299,(anonymous_39)
FN:315,(anonymous_40)
FN:318,(anonymous_41)
FN:332,(anonymous_42)
FN:43,(anonymous_43)
FNF:43
FNH:0
FNDA:0,(anonymous_0)
FNDA:0,(anonymous_2)
FNDA:0,(anonymous_3)
FNDA:0,(anonymous_4)
FNDA:0,(anonymous_5)
FNDA:0,(anonymous_6)
FNDA:0,(anonymous_7)
FNDA:0,(anonymous_8)
FNDA:0,(anonymous_9)
FNDA:0,(anonymous_10)
FNDA:0,(anonymous_11)
FNDA:0,(anonymous_12)
FNDA:0,(anonymous_13)
FNDA:0,(anonymous_14)
FNDA:0,(anonymous_15)
FNDA:0,(anonymous_16)
FNDA:0,(anonymous_17)
FNDA:0,(anonymous_18)
FNDA:0,(anonymous_19)
FNDA:0,(anonymous_20)
FNDA:0,(anonymous_21)
FNDA:0,(anonymous_22)
FNDA:0,(anonymous_23)
FNDA:0,(anonymous_24)
FNDA:0,(anonymous_25)
FNDA:0,(anonymous_26)
FNDA:0,(anonymous_27)
FNDA:0,(anonymous_28)
FNDA:0,(anonymous_29)
FNDA:0,(anonymous_30)
FNDA:0,(anonymous_31)
FNDA:0,(anonymous_32)
FNDA:0,(anonymous_33)
FNDA:0,(anonymous_34)
FNDA:0,(anonymous_35)
FNDA:0,(anonymous_36)
FNDA:0,(anonymous_37)
FNDA:0,(anonymous_38)
FNDA:0,(anonymous_39)
FNDA:0,(anonymous_40)
FNDA:0,(anonymous_41)
FNDA:0,(anonymous_42)
FNDA:0,(anonymous_43)
DA:28,0
DA:29,0
DA:30,0
DA:32,0
DA:35,0
DA:36,0
DA:44,0
DA:45,0
DA:46,0
DA:47,0
DA:48,0
DA:49,0
DA:50,0
DA:51,0
DA:52,0
DA:57,0
DA:58,0
DA:59,0
DA:60,0
DA:61,0
DA:62,0
DA:64,0
DA:65,0
DA:67,0
DA:68,0
DA:69,0
DA:70,0
DA:72,0
DA:73,0
DA:77,0
DA:78,0
DA:81,0
DA:82,0
DA:83,0
DA:84,0
DA:85,0
DA:87,0
DA:88,0
DA:89,0
DA:92,0
DA:93,0
DA:96,0
DA:97,0
DA:98,0
DA:101,0
DA:102,0
DA:105,0
DA:106,0
DA:115,0
DA:116,0
DA:121,0
DA:122,0
DA:124,0
DA:125,0
DA:126,0
DA:127,0
DA:129,0
DA:130,0
DA:133,0
DA:140,0
DA:161,0
DA:168,0
DA:173,0
DA:182,0
DA:185,0
DA:187,0
DA:191,0
DA:193,0
DA:195,0
DA:197,0
DA:199,0
DA:200,0
DA:201,0
DA:203,0
DA:207,0
DA:212,0
DA:214,0
DA:216,0
DA:217,0
DA:218,0
DA:220,0
DA:228,0
DA:232,0
DA:239,0
DA:240,0
DA:241,0
DA:242,0
DA:243,0
DA:244,0
DA:247,0
DA:248,0
DA:249,0
DA:252,0
DA:254,0
DA:261,0
DA:262,0
DA:265,0
DA:268,0
DA:269,0
DA:270,0
DA:271,0
DA:272,0
DA:276,0
DA:277,0
DA:278,0
DA:279,0
DA:280,0
DA:281,0
DA:286,0
DA:287,0
DA:288,0
DA:291,0
DA:292,0
DA:298,0
DA:299,0
DA:301,0
DA:302,0
DA:303,0
DA:305,0
DA:306,0
DA:309,0
DA:310,0
DA:314,0
DA:315,0
DA:317,0
DA:318,0
DA:320,0
DA:321,0
DA:322,0
DA:324,0
DA:325,0
DA:328,0
DA:332,0
DA:333,0
DA:334,0
DA:335,0
DA:340,0
LF:137
LH:0
BRDA:57,0,0,0
BRDA:57,0,1,0
BRDA:57,0,2,0
BRDA:84,1,0,0
BRDA:84,1,1,0
BRDA:127,2,0,0
BRDA:127,2,1,0
BRDA:127,3,0,0
BRDA:127,3,1,0
BRDA:142,4,0,0
BRDA:142,4,1,0
BRDA:144,5,0,0
BRDA:144,5,1,0
BRDA:146,6,0,0
BRDA:146,6,1,0
BRDA:148,7,0,0
BRDA:148,7,1,0
BRDA:150,8,0,0
BRDA:150,8,1,0
BRDA:152,9,0,0
BRDA:152,9,1,0
BRDA:154,10,0,0
BRDA:154,10,1,0
BRDA:156,11,0,0
BRDA:156,11,1,0
BRDA:168,12,0,0
BRDA:168,12,1,0
BRDA:174,13,0,0
BRDA:174,13,1,0
BRDA:176,14,0,0
BRDA:176,14,1,0
BRDA:185,15,0,0
BRDA:185,15,1,0
BRDA:185,15,2,0
BRDA:187,16,0,0
BRDA:187,16,1,0
BRDA:187,17,0,0
BRDA:187,17,1,0
BRDA:193,18,0,0
BRDA:193,18,1,0
BRDA:195,19,0,0
BRDA:195,19,1,0
BRDA:195,20,0,0
BRDA:195,20,1,0
BRDA:197,21,0,0
BRDA:197,21,1,0
BRDA:197,22,0,0
BRDA:197,22,1,0
BRDA:199,23,0,0
BRDA:199,23,1,0
BRDA:203,24,0,0
BRDA:203,24,1,0
BRDA:203,25,0,0
BRDA:203,25,1,0
BRDA:207,26,0,0
BRDA:207,26,1,0
BRDA:223,27,0,0
BRDA:223,27,1,0
BRDA:220,28,0,0
BRDA:220,28,1,0
BRDA:220,28,2,0
BRDA:220,29,0,0
BRDA:220,29,1,0
BRDA:220,30,0,0
BRDA:220,30,1,0
BRDA:221,31,0,0
BRDA:221,31,1,0
BRDA:221,32,0,0
BRDA:221,32,1,0
BRDA:222,33,0,0
BRDA:222,33,1,0
BRDA:222,34,0,0
BRDA:222,34,1,0
BRDA:240,35,0,0
BRDA:240,35,1,0
BRDA:242,36,0,0
BRDA:242,36,1,0
BRDA:242,37,0,0
BRDA:242,37,1,0
BRDA:242,38,0,0
BRDA:242,38,1,0
BRDA:243,39,0,0
BRDA:243,39,1,0
BRDA:243,40,0,0
BRDA:243,40,1,0
BRDA:244,41,0,0
BRDA:244,41,1,0
BRDA:244,42,0,0
BRDA:244,42,1,0
BRDA:244,43,0,0
BRDA:244,43,1,0
BRDA:244,44,0,0
BRDA:244,44,1,0
BRDA:244,45,0,0
BRDA:244,45,1,0
BRDA:247,46,0,0
BRDA:247,46,1,0
BRDA:247,47,0,0
BRDA:247,47,1,0
BRDA:247,48,0,0
BRDA:247,48,1,0
BRDA:248,49,0,0
BRDA:248,49,1,0
BRDA:248,50,0,0
BRDA:248,50,1,0
BRDA:249,51,0,0
BRDA:249,51,1,0
BRDA:249,52,0,0
BRDA:249,52,1,0
BRDA:249,53,0,0
BRDA:249,53,1,0
BRDA:249,54,0,0
BRDA:249,54,1,0
BRDA:249,55,0,0
BRDA:249,55,1,0
BRDA:252,56,0,0
BRDA:252,56,1,0
BRDA:254,57,0,0
BRDA:254,57,1,0
BRDA:255,58,0,0
BRDA:255,58,1,0
BRDA:255,58,2,0
BRDA:255,58,3,0
BRDA:255,58,4,0
BRDA:261,59,0,0
BRDA:261,59,1,0
BRDA:261,60,0,0
BRDA:261,60,1,0
BRDA:261,61,0,0
BRDA:261,61,1,0
BRDA:262,62,0,0
BRDA:262,62,1,0
BRDA:262,63,0,0
BRDA:262,63,1,0
BRDA:262,64,0,0
BRDA:262,64,1,0
BRDA:269,65,0,0
BRDA:269,65,1,0
BRDA:269,66,0,0
BRDA:269,66,1,0
BRDA:270,67,0,0
BRDA:270,67,1,0
BRDA:277,68,0,0
BRDA:277,68,1,0
BRDA:277,69,0,0
BRDA:277,69,1,0
BRDA:278,70,0,0
BRDA:278,70,1,0
BRDA:279,71,0,0
BRDA:279,71,1,0
BRDA:279,72,0,0
BRDA:279,72,1,0
BRDA:280,73,0,0
BRDA:280,73,1,0
BRDA:292,74,0,0
BRDA:292,74,1,0
BRDA:293,75,0,0
BRDA:293,75,1,0
BRDA:293,75,2,0
BRDA:293,75,3,0
BRDA:301,76,0,0
BRDA:301,76,1,0
BRDA:301,77,0,0
BRDA:301,77,1,0
BRDA:310,78,0,0
BRDA:310,78,1,0
BRDA:311,79,0,0
BRDA:311,79,1,0
BRDA:320,80,0,0
BRDA:320,80,1,0
BRDA:320,81,0,0
BRDA:320,81,1,0
BRDA:334,82,0,0
BRDA:334,82,1,0
BRDA:46,83,0,0
BRDA:46,83,1,0
BRF:176
BRH:0
end_of_record
TN:
SF:/Users/matthewhutcheson/Documents/Ergosoft/IMViewer/front-end-vue/src/components/panels/PanelControl.vue
FN:53,(anonymous_0)
FN:55,(anonymous_2)
FNF:2
FNH:0
FNDA:0,(anonymous_0)
FNDA:0,(anonymous_2)
DA:34,0
DA:35,0
DA:36,0
DA:37,0
DA:38,0
DA:39,0
DA:40,0
DA:53,0
DA:55,0
DA:56,0
DA:59,0
DA:61,0
LF:12
LH:0
BRF:0
BRH:0
end_of_record
TN:
SF:/Users/matthewhutcheson/Documents/Ergosoft/IMViewer/front-end-vue/src/components/panels/PropertiesTable.vue
FN:63,(anonymous_0)
FN:66,(anonymous_2)
FN:75,(anonymous_3)
FN:78,(anonymous_4)
FN:80,(anonymous_5)
FN:58,(anonymous_6)
FNF:6
FNH:0
FNDA:0,(anonymous_0)
FNDA:0,(anonymous_2)
FNDA:0,(anonymous_3)
FNDA:0,(anonymous_4)
FNDA:0,(anonymous_5)
FNDA:0,(anonymous_6)
DA:48,0
DA:49,0
DA:59,0
DA:63,0
DA:64,0
DA:66,0
DA:67,0
DA:68,0
DA:69,0
DA:75,0
DA:76,0
DA:77,0
DA:78,0
DA:80,0
DA:81,0
DA:83,0
DA:85,0
LF:17
LH:0
BRDA:63,0,0,0
BRDA:63,0,1,0
BRDA:63,0,2,0
BRDA:68,1,0,0
BRDA:68,1,1,0
BRF:5
BRH:0
end_of_record
TN:
SF:/Users/matthewhutcheson/Documents/Ergosoft/IMViewer/front-end-vue/src/components/panels/RolesTable.vue
FN:53,(anonymous_0)
FN:56,(anonymous_2)
FN:65,(anonymous_3)
FN:67,(anonymous_4)
FN:48,(anonymous_5)
FNF:5
FNH:0
FNDA:0,(anonymous_0)
FNDA:0,(anonymous_2)
FNDA:0,(anonymous_3)
FNDA:0,(anonymous_4)
FNDA:0,(anonymous_5)
DA:38,0
DA:39,0
DA:49,0
DA:53,0
DA:54,0
DA:56,0
DA:57,0
DA:58,0
DA:59,0
DA:65,0
DA:66,0
DA:67,0
DA:69,0
DA:71,0
LF:14
LH:0
BRDA:53,0,0,0
BRDA:53,0,1,0
BRDA:53,0,2,0
BRDA:58,1,0,0
BRDA:58,1,1,0
BRF:5
BRH:0
end_of_record
TN:
SF:/Users/matthewhutcheson/Documents/Ergosoft/IMViewer/front-end-vue/src/components/sidebar/Filters.vue
FN:54,(anonymous_0)
FNF:1
FNH:0
FNDA:0,(anonymous_0)
DA:47,0
DA:54,0
DA:55,0
DA:56,0
DA:102,0
DA:116,0
LF:6
LH:0
BRDA:54,0,0,0
BRDA:54,0,1,0
BRDA:54,0,2,0
BRF:3
BRH:0
end_of_record
TN:
SF:/Users/matthewhutcheson/Documents/Ergosoft/IMViewer/front-end-vue/src/components/sidebar/Hierarchy.vue
FN:83,(anonymous_0)
FN:90,(anonymous_2)
FN:98,(anonymous_3)
FN:108,(anonymous_4)
FN:133,(anonymous_5)
FN:151,(anonymous_6)
FN:162,(anonymous_7)
FN:166,(anonymous_10)
FN:169,(anonymous_11)
FN:178,(anonymous_12)
FN:192,(anonymous_13)
FN:198,(anonymous_16)
FN:201,(anonymous_17)
FN:207,(anonymous_18)
FN:219,(anonymous_19)
FN:227,(anonymous_20)
FN:234,(anonymous_21)
FN:65,(anonymous_22)
FNF:18
FNH:0
FNDA:0,(anonymous_0)
FNDA:0,(anonymous_2)
FNDA:0,(anonymous_3)
FNDA:0,(anonymous_4)
FNDA:0,(anonymous_5)
FNDA:0,(anonymous_6)
FNDA:0,(anonymous_7)
FNDA:0,(anonymous_10)
FNDA:0,(anonymous_11)
FNDA:0,(anonymous_12)
FNDA:0,(anonymous_13)
FNDA:0,(anonymous_16)
FNDA:0,(anonymous_17)
FNDA:0,(anonymous_18)
FNDA:0,(anonymous_19)
FNDA:0,(anonymous_20)
FNDA:0,(anonymous_21)
FNDA:0,(anonymous_22)
DA:42,0
DA:43,0
DA:44,0
DA:45,0
DA:46,0
DA:47,0
DA:48,0
DA:49,0
DA:66,0
DA:67,0
DA:68,0
DA:74,0
DA:83,0
DA:84,0
DA:85,0
DA:86,0
DA:87,0
DA:88,0
DA:90,0
DA:91,0
DA:92,0
DA:93,0
DA:94,0
DA:98,0
DA:99,0
DA:100,0
DA:108,0
DA:109,0
DA:111,0
DA:122,0
DA:124,0
DA:125,0
DA:128,0
DA:129,0
DA:130,0
DA:133,0
DA:140,0
DA:148,0
DA:151,0
DA:152,0
DA:153,0
DA:155,0
DA:162,0
DA:163,0
DA:164,0
DA:165,0
DA:167,0
DA:170,0
DA:174,0
DA:176,0
DA:178,0
DA:179,0
DA:188,0
DA:192,0
DA:193,0
DA:195,0
DA:196,0
DA:197,0
DA:199,0
DA:202,0
DA:207,0
DA:208,0
DA:219,0
DA:220,0
DA:221,0
DA:224,0
DA:226,0
DA:228,0
DA:229,0
DA:231,0
DA:235,0
DA:240,0
LF:72
LH:0
BRDA:83,0,0,0
BRDA:83,0,1,0
BRDA:83,0,2,0
BRDA:91,1,0,0
BRDA:91,1,1,0
BRDA:93,2,0,0
BRDA:93,2,1,0
BRDA:109,3,0,0
BRDA:109,3,1,0
BRDA:124,4,0,0
BRDA:124,4,1,0
BRDA:152,5,0,0
BRDA:152,5,1,0
BRDA:228,6,0,0
BRDA:228,6,1,0
BRDA:67,7,0,0
BRDA:67,7,1,0
BRF:17
BRH:0
end_of_record
TN:
SF:/Users/matthewhutcheson/Documents/Ergosoft/IMViewer/front-end-vue/src/components/sidebar/History.vue
FN:27,(anonymous_0)
FN:30,(anonymous_2)
FN:31,(anonymous_3)
FN:37,(anonymous_4)
FNF:4
FNH:0
FNDA:0,(anonymous_0)
FNDA:0,(anonymous_2)
FNDA:0,(anonymous_3)
FNDA:0,(anonymous_4)
DA:19,0
DA:20,0
DA:27,0
DA:28,0
DA:30,0
DA:31,0
DA:32,0
DA:34,0
DA:37,0
DA:38,0
DA:40,0
LF:11
LH:0
BRDA:27,0,0,0
BRDA:27,0,1,0
BRDA:27,0,2,0
BRF:3
BRH:0
end_of_record
TN:
SF:/Users/matthewhutcheson/Documents/Ergosoft/IMViewer/front-end-vue/src/components/sidebar/SearchResults.vue
FN:102,(anonymous_0)
FN:107,(anonymous_2)
FN:111,(anonymous_3)
FN:118,(anonymous_4)
FN:124,(anonymous_5)
FN:126,(anonymous_6)
FN:97,(anonymous_7)
FNF:7
FNH:0
FNDA:0,(anonymous_0)
FNDA:0,(anonymous_2)
FNDA:0,(anonymous_3)
FNDA:0,(anonymous_4)
FNDA:0,(anonymous_5)
FNDA:0,(anonymous_6)
FNDA:0,(anonymous_7)
DA:87,0
DA:88,0
DA:89,0
DA:90,0
DA:98,0
DA:102,0
DA:103,0
DA:104,0
DA:105,0
DA:107,0
DA:108,0
DA:111,0
DA:112,0
DA:118,0
DA:119,0
DA:120,0
DA:121,0
DA:124,0
DA:125,0
DA:127,0
DA:131,0
LF:21
LH:0
BRDA:102,0,0,0
BRDA:102,0,1,0
BRDA:102,0,2,0
BRF:3
BRH:0
end_of_record
TN:
SF:/Users/matthewhutcheson/Documents/Ergosoft/IMViewer/front-end-vue/src/components/sidebar/SidebarControl.vue
FN:69,(anonymous_0)
FN:78,(anonymous_2)
FN:79,(anonymous_3)
FN:86,(anonymous_4)
FN:90,(anonymous_5)
FN:94,(anonymous_6)
FN:104,(anonymous_9)
FN:113,(anonymous_10)
FN:126,(anonymous_11)
FN:168,(anonymous_12)
FN:189,(anonymous_13)
FN:191,(anonymous_14)
FN:196,(anonymous_15)
FNF:13
FNH:0
FNDA:0,(anonymous_0)
FNDA:0,(anonymous_2)
FNDA:0,(anonymous_3)
FNDA:0,(anonymous_4)
FNDA:0,(anonymous_5)
FNDA:0,(anonymous_6)
FNDA:0,(anonymous_9)
FNDA:0,(anonymous_10)
FNDA:0,(anonymous_11)
FNDA:0,(anonymous_12)
FNDA:0,(anonymous_13)
FNDA:0,(anonymous_14)
FNDA:0,(anonymous_15)
DA:52,0
DA:53,0
DA:54,0
DA:55,0
DA:56,0
DA:57,0
DA:58,0
DA:59,0
DA:60,0
DA:61,0
DA:62,0
DA:63,0
DA:69,0
DA:70,0
DA:71,0
DA:72,0
DA:74,0
DA:75,0
DA:76,0
DA:78,0
DA:79,0
DA:80,0
DA:83,0
DA:86,0
DA:87,0
DA:90,0
DA:91,0
DA:94,0
DA:95,0
DA:96,0
DA:97,0
DA:98,0
DA:99,0
DA:100,0
DA:101,0
DA:102,0
DA:103,0
DA:104,0
DA:106,0
DA:112,0
DA:113,0
DA:114,0
DA:115,0
DA:117,0
DA:118,0
DA:120,0
DA:121,0
DA:125,0
DA:126,0
DA:127,0
DA:128,0
DA:130,0
DA:131,0
DA:133,0
DA:134,0
DA:136,0
DA:137,0
DA:139,0
DA:140,0
DA:142,0
DA:143,0
DA:145,0
DA:146,0
DA:148,0
DA:149,0
DA:151,0
DA:152,0
DA:154,0
DA:155,0
DA:158,0
DA:159,0
DA:161,0
DA:162,0
DA:163,0
DA:169,0
DA:170,0
DA:174,0
DA:177,0
DA:178,0
DA:185,0
DA:189,0
DA:190,0
DA:191,0
DA:192,0
DA:196,0
DA:197,0
DA:198,0
DA:199,0
DA:200,0
DA:203,0
DA:204,0
DA:205,0
DA:207,0
DA:208,0
DA:209,0
DA:212,0
DA:213,0
DA:214,0
DA:215,0
DA:216,0
DA:220,0
LF:101
LH:0
BRDA:69,0,0,0
BRDA:69,0,1,0
BRDA:69,0,2,0
BRDA:95,1,0,0
BRDA:95,1,1,0
BRDA:114,2,0,0
BRDA:114,2,1,0
BRDA:117,3,0,0
BRDA:117,3,1,0
BRDA:120,4,0,0
BRDA:120,4,1,0
BRDA:127,5,0,0
BRDA:127,5,1,0
BRDA:130,6,0,0
BRDA:130,6,1,0
BRDA:133,7,0,0
BRDA:133,7,1,0
BRDA:136,8,0,0
BRDA:136,8,1,0
BRDA:139,9,0,0
BRDA:139,9,1,0
BRDA:142,10,0,0
BRDA:142,10,1,0
BRDA:145,11,0,0
BRDA:145,11,1,0
BRDA:148,12,0,0
BRDA:148,12,1,0
BRDA:151,13,0,0
BRDA:151,13,1,0
BRDA:154,14,0,0
BRDA:154,14,1,0
BRDA:158,15,0,0
BRDA:158,15,1,0
BRDA:169,16,0,0
BRDA:169,16,1,0
BRDA:177,17,0,0
BRDA:177,17,1,0
BRDA:204,18,0,0
BRDA:204,18,1,0
BRDA:208,19,0,0
BRDA:208,19,1,0
BRDA:215,20,0,0
BRDA:215,20,1,0
BRDA:215,21,0,0
BRDA:215,21,1,0
BRDA:215,21,2,0
BRF:46
BRH:0
end_of_record
TN:
SF:/Users/matthewhutcheson/Documents/Ergosoft/IMViewer/front-end-vue/src/components/user/AvatarWithSelector.vue
FN:66,(anonymous_0)
FN:71,(anonymous_2)
FN:76,(anonymous_3)
FN:54,(anonymous_4)
FN:60,(anonymous_5)
FNF:5
FNH:4
FNDA:49,(anonymous_0)
FNDA:0,(anonymous_2)
FNDA:47,(anonymous_3)
FNDA:47,(anonymous_4)
FNDA:47,(anonymous_5)
DA:44,2
DA:45,2
DA:55,47
DA:61,47
DA:66,49
DA:67,47
DA:69,47
DA:71,2
DA:72,0
DA:73,0
DA:76,2
DA:77,47
DA:79,2
LF:13
LH:11
BRDA:66,0,0,47
BRDA:66,0,1,47
BRDA:66,0,2,47
BRF:3
BRH:3
end_of_record
TN:
SF:/Users/matthewhutcheson/Documents/Ergosoft/IMViewer/front-end-vue/src/components/user/ButtonBar.vue
FN:27,(anonymous_0)
FN:28,(anonymous_2)
FNF:2
FNH:0
FNDA:0,(anonymous_0)
FNDA:0,(anonymous_2)
DA:19,0
DA:20,0
DA:21,0
DA:27,0
DA:28,0
DA:29,0
DA:30,0
DA:32,0
DA:35,0
LF:9
LH:0
BRDA:29,0,0,0
BRDA:29,0,1,0
BRF:2
BRH:0
end_of_record
TN:
SF:/Users/matthewhutcheson/Documents/Ergosoft/IMViewer/front-end-vue/src/components/user/ConfirmCode.vue
FN:87,(anonymous_0)
FN:93,(anonymous_2)
FN:99,(anonymous_3)
FN:103,(anonymous_4)
FN:106,(anonymous_5)
FN:113,(anonymous_6)
FN:125,(anonymous_7)
FN:142,(anonymous_8)
FN:144,(anonymous_9)
FN:159,(anonymous_10)
FN:74,(anonymous_11)
FN:81,(anonymous_12)
FNF:12
FNH:5
FNDA:8,(anonymous_0)
FNDA:7,(anonymous_2)
FNDA:10,(anonymous_3)
FNDA:0,(anonymous_4)
FNDA:0,(anonymous_5)
FNDA:0,(anonymous_6)
FNDA:0,(anonymous_7)
FNDA:0,(anonymous_8)
FNDA:0,(anonymous_9)
FNDA:0,(anonymous_10)
FNDA:7,(anonymous_11)
FNDA:10,(anonymous_12)
DA:66,1
DA:67,1
DA:68,1
DA:69,1
DA:75,7
DA:82,10
DA:87,8
DA:89,7
DA:90,7
DA:91,7
DA:93,1
DA:94,7
DA:95,6
DA:99,1
DA:100,10
DA:103,1
DA:104,0
DA:105,0
DA:107,0
DA:108,0
DA:114,0
DA:115,0
DA:118,0
DA:126,0
DA:127,0
DA:134,0
DA:142,1
DA:143,0
DA:145,0
DA:146,0
DA:152,0
DA:160,0
DA:161,0
DA:168,1
LF:34
LH:18
BRDA:87,0,0,7
BRDA:87,0,1,7
BRDA:87,0,2,7
BRDA:94,1,0,6
BRDA:94,1,1,1
BRDA:94,2,0,7
BRDA:94,2,1,6
BRDA:104,3,0,0
BRDA:104,3,1,0
BRDA:104,4,0,0
BRDA:104,4,1,0
BRDA:107,5,0,0
BRDA:107,5,1,0
BRDA:145,6,0,0
BRDA:145,6,1,0
BRF:15
BRH:7
end_of_record
TN:
SF:/Users/matthewhutcheson/Documents/Ergosoft/IMViewer/front-end-vue/src/components/user/ForgotPassword.vue
FN:59,(anonymous_0)
FN:62,(anonymous_2)
FN:70,(anonymous_3)
FN:72,(anonymous_4)
FN:81,(anonymous_5)
FNF:5
FNH:0
FNDA:0,(anonymous_0)
FNDA:0,(anonymous_2)
FNDA:0,(anonymous_3)
FNDA:0,(anonymous_4)
FNDA:0,(anonymous_5)
DA:51,0
DA:52,0
DA:53,0
DA:54,0
DA:59,0
DA:60,0
DA:62,0
DA:63,0
DA:71,0
DA:72,0
DA:73,0
DA:74,0
DA:82,0
DA:83,0
DA:86,0
DA:96,0
LF:16
LH:0
BRDA:59,0,0,0
BRDA:59,0,1,0
BRDA:59,0,2,0
BRDA:71,1,0,0
BRDA:71,1,1,0
BRDA:73,2,0,0
BRDA:73,2,1,0
BRF:7
BRH:0
end_of_record
TN:
SF:/Users/matthewhutcheson/Documents/Ergosoft/IMViewer/front-end-vue/src/components/user/ForgotPasswordSubmit.vue
FN:160,(anonymous_0)
FN:171,(anonymous_2)
FN:177,(anonymous_3)
FN:181,(anonymous_4)
FN:185,(anonymous_5)
FN:196,(anonymous_6)
FN:203,(anonymous_7)
FN:213,(anonymous_8)
FN:135,(anonymous_9)
FN:142,(anonymous_10)
FN:148,(anonymous_11)
FN:154,(anonymous_12)
FNF:12
FNH:7
FNDA:12,(anonymous_0)
FNDA:11,(anonymous_2)
FNDA:0,(anonymous_3)
FNDA:13,(anonymous_4)
FNDA:0,(anonymous_5)
FNDA:0,(anonymous_6)
FNDA:0,(anonymous_7)
FNDA:0,(anonymous_8)
FNDA:12,(anonymous_9)
FNDA:13,(anonymous_10)
FNDA:17,(anonymous_11)
FNDA:13,(anonymous_12)
DA:122,1
DA:123,1
DA:124,1
DA:125,1
DA:126,1
DA:130,1
DA:136,12
DA:143,13
DA:149,17
DA:155,13
DA:160,12
DA:162,11
DA:163,11
DA:164,11
DA:165,11
DA:166,11
DA:167,11
DA:168,11
DA:169,11
DA:171,1
DA:172,11
DA:173,10
DA:177,1
DA:178,0
DA:181,1
DA:182,13
DA:185,1
DA:186,0
DA:192,0
DA:197,0
DA:198,0
DA:204,0
DA:206,0
DA:207,0
DA:214,0
DA:215,0
DA:219,0
DA:228,1
LF:38
LH:27
BRDA:160,0,0,11
BRDA:160,0,1,11
BRDA:160,0,2,11
BRDA:172,1,0,10
BRDA:172,1,1,1
BRDA:172,2,0,11
BRDA:172,2,1,10
BRDA:178,3,0,0
BRDA:178,3,1,0
BRDA:186,4,0,0
BRDA:186,4,1,0
BRDA:187,5,0,0
BRDA:187,5,1,0
BRDA:187,5,2,0
BRDA:187,5,3,0
BRDA:197,6,0,0
BRDA:197,6,1,0
BRDA:206,7,0,0
BRDA:206,7,1,0
BRDA:214,8,0,0
BRDA:214,8,1,0
BRF:21
BRH:7
end_of_record
TN:
SF:/Users/matthewhutcheson/Documents/Ergosoft/IMViewer/front-end-vue/src/components/user/Login.vue
FN:92,(anonymous_0)
FN:97,(anonymous_2)
FN:103,(anonymous_3)
FN:105,(anonymous_4)
FN:110,(anonymous_5)
FN:125,(anonymous_6)
FN:139,(anonymous_7)
FN:155,(anonymous_8)
FN:166,(anonymous_9)
FN:87,(anonymous_10)
FNF:10
FNH:3
FNDA:3,(anonymous_0)
FNDA:2,(anonymous_2)
FNDA:0,(anonymous_3)
FNDA:0,(anonymous_4)
FNDA:0,(anonymous_5)
FNDA:0,(anonymous_6)
FNDA:0,(anonymous_7)
FNDA:0,(anonymous_8)
FNDA:0,(anonymous_9)
FNDA:2,(anonymous_10)
DA:78,1
DA:79,1
DA:80,1
DA:81,1
DA:82,1
DA:88,2
DA:92,3
DA:94,2
DA:95,2
DA:97,1
DA:98,2
DA:99,1
DA:103,1
DA:104,0
DA:106,0
DA:107,0
DA:108,0
DA:109,0
DA:110,0
DA:112,0
DA:113,0
DA:116,0
DA:118,0
DA:119,0
DA:120,0
DA:121,0
DA:126,0
DA:129,0
DA:130,0
DA:131,0
DA:140,0
DA:141,0
DA:142,0
DA:146,0
DA:156,0
DA:157,0
DA:166,1
DA:167,0
DA:168,0
DA:171,1
LF:40
LH:15
BRDA:92,0,0,2
BRDA:92,0,1,2
BRDA:92,0,2,2
BRDA:98,1,0,1
BRDA:98,1,1,1
BRDA:98,2,0,2
BRDA:98,2,1,1
BRDA:106,3,0,0
BRDA:106,3,1,0
BRDA:106,4,0,0
BRDA:106,4,1,0
BRDA:108,5,0,0
BRDA:108,5,1,0
BRDA:112,6,0,0
BRDA:112,6,1,0
BRDA:130,7,0,0
BRDA:130,7,1,0
BRDA:140,8,0,0
BRDA:140,8,1,0
BRDA:167,9,0,0
BRDA:167,9,1,0
BRF:21
BRH:7
end_of_record
TN:
SF:/Users/matthewhutcheson/Documents/Ergosoft/IMViewer/front-end-vue/src/components/user/Logout.vue
FN:61,(anonymous_0)
FN:62,(anonymous_2)
FN:69,(anonymous_3)
FN:71,(anonymous_4)
FN:77,(anonymous_5)
FN:92,(anonymous_6)
FNF:6
FNH:2
FNDA:2,(anonymous_0)
FNDA:0,(anonymous_2)
FNDA:0,(anonymous_3)
FNDA:0,(anonymous_4)
FNDA:0,(anonymous_5)
FNDA:1,(anonymous_6)
DA:52,1
DA:53,1
DA:54,1
DA:55,1
DA:61,2
DA:62,1
DA:63,0
DA:70,0
DA:71,0
DA:72,0
DA:73,0
DA:78,0
DA:81,0
DA:92,1
DA:93,1
DA:95,1
LF:16
LH:9
BRDA:70,0,0,0
BRDA:70,0,1,0
BRDA:72,1,0,0
BRDA:72,1,1,0
BRF:4
BRH:0
end_of_record
TN:
SF:/Users/matthewhutcheson/Documents/Ergosoft/IMViewer/front-end-vue/src/components/user/PasswordEdit.vue
FN:127,(anonymous_0)
FN:136,(anonymous_2)
FN:140,(anonymous_3)
FN:146,(anonymous_4)
FN:152,(anonymous_5)
FN:174,(anonymous_6)
FN:178,(anonymous_7)
FN:115,(anonymous_8)
FN:121,(anonymous_9)
FNF:9
FNH:4
FNDA:9,(anonymous_0)
FNDA:0,(anonymous_2)
FNDA:0,(anonymous_3)
FNDA:0,(anonymous_4)
FNDA:0,(anonymous_5)
FNDA:47,(anonymous_6)
FNDA:0,(anonymous_7)
FNDA:14,(anonymous_8)
FNDA:10,(anonymous_9)
DA:97,1
DA:99,1
DA:103,1
DA:104,1
DA:105,1
DA:106,1
DA:116,14
DA:122,10
DA:127,9
DA:129,8
DA:130,8
DA:131,8
DA:132,8
DA:133,8
DA:134,8
DA:136,1
DA:137,0
DA:140,1
DA:141,0
DA:145,0
DA:147,0
DA:148,0
DA:153,0
DA:156,0
DA:165,0
DA:174,1
DA:175,47
DA:178,1
DA:179,0
DA:180,0
DA:183,1
LF:31
LH:21
BRDA:127,0,0,8
BRDA:127,0,1,8
BRDA:127,0,2,8
BRDA:137,1,0,0
BRDA:137,1,1,0
BRDA:141,2,0,0
BRDA:141,2,1,0
BRDA:142,3,0,0
BRDA:142,3,1,0
BRDA:147,4,0,0
BRDA:147,4,1,0
BRDA:179,5,0,0
BRDA:179,5,1,0
BRF:13
BRH:3
end_of_record
TN:
SF:/Users/matthewhutcheson/Documents/Ergosoft/IMViewer/front-end-vue/src/components/user/RecoverByEmail.vue
FN:78,(anonymous_0)
FN:83,(anonymous_2)
FN:87,(anonymous_3)
FN:96,(anonymous_4)
FN:98,(anonymous_5)
FN:107,(anonymous_6)
FN:72,(anonymous_7)
FNF:7
FNH:0
FNDA:0,(anonymous_0)
FNDA:0,(anonymous_2)
FNDA:0,(anonymous_3)
FNDA:0,(anonymous_4)
FNDA:0,(anonymous_5)
FNDA:0,(anonymous_6)
FNDA:0,(anonymous_7)
DA:62,0
DA:63,0
DA:64,0
DA:65,0
DA:73,0
DA:78,0
DA:79,0
DA:80,0
DA:81,0
DA:83,0
DA:84,0
DA:87,0
DA:88,0
DA:89,0
DA:97,0
DA:98,0
DA:99,0
DA:100,0
DA:108,0
DA:111,0
DA:121,0
DA:130,0
LF:22
LH:0
BRDA:78,0,0,0
BRDA:78,0,1,0
BRDA:78,0,2,0
BRDA:88,1,0,0
BRDA:88,1,1,0
BRDA:97,2,0,0
BRDA:97,2,1,0
BRDA:99,3,0,0
BRDA:99,3,1,0
BRF:9
BRH:0
end_of_record
TN:
SF:/Users/matthewhutcheson/Documents/Ergosoft/IMViewer/front-end-vue/src/components/user/Register.vue
FN:229,(anonymous_0)
FN:252,(anonymous_2)
FN:256,(anonymous_3)
FN:260,(anonymous_4)
FN:264,(anonymous_5)
FN:268,(anonymous_6)
FN:272,(anonymous_7)
FN:276,(anonymous_8)
FN:287,(anonymous_9)
FN:295,(anonymous_10)
FN:320,(anonymous_11)
FN:346,(anonymous_12)
FN:367,(anonymous_13)
FN:385,(anonymous_14)
FN:389,(anonymous_15)
FN:187,(anonymous_16)
FN:193,(anonymous_17)
FN:199,(anonymous_18)
FN:205,(anonymous_19)
FN:211,(anonymous_20)
FN:217,(anonymous_21)
FN:223,(anonymous_22)
FNF:22
FNH:11
FNDA:30,(anonymous_0)
FNDA:0,(anonymous_2)
FNDA:0,(anonymous_3)
FNDA:0,(anonymous_4)
FNDA:0,(anonymous_5)
FNDA:0,(anonymous_6)
FNDA:0,(anonymous_7)
FNDA:0,(anonymous_8)
FNDA:0,(anonymous_9)
FNDA:0,(anonymous_10)
FNDA:0,(anonymous_11)
FNDA:1,(anonymous_12)
FNDA:12,(anonymous_13)
FNDA:29,(anonymous_14)
FNDA:0,(anonymous_15)
FNDA:60,(anonymous_16)
FNDA:61,(anonymous_17)
FNDA:61,(anonymous_18)
FNDA:60,(anonymous_19)
FNDA:60,(anonymous_20)
FNDA:63,(anonymous_21)
FNDA:61,(anonymous_22)
DA:161,1
DA:162,1
DA:163,1
DA:164,1
DA:165,1
DA:166,1
DA:174,1
DA:175,1
DA:176,1
DA:188,60
DA:194,61
DA:200,61
DA:206,60
DA:212,60
DA:218,63
DA:224,61
DA:229,30
DA:230,29
DA:231,29
DA:232,29
DA:233,29
DA:234,29
DA:235,29
DA:236,29
DA:237,29
DA:238,29
DA:239,29
DA:240,29
DA:241,29
DA:242,29
DA:243,29
DA:244,29
DA:245,29
DA:246,29
DA:247,29
DA:248,29
DA:249,29
DA:250,29
DA:252,1
DA:253,0
DA:256,1
DA:257,0
DA:260,1
DA:261,0
DA:264,1
DA:265,0
DA:268,1
DA:269,0
DA:272,1
DA:273,0
DA:276,1
DA:277,0
DA:278,0
DA:286,0
DA:288,0
DA:289,0
DA:296,0
DA:297,0
DA:298,0
DA:299,0
DA:301,0
DA:304,0
DA:305,0
DA:312,0
DA:321,0
DA:337,0
DA:346,1
DA:347,1
DA:348,1
DA:349,1
DA:350,1
DA:351,1
DA:352,1
DA:353,1
DA:354,1
DA:355,1
DA:356,1
DA:357,1
DA:358,1
DA:359,1
DA:360,1
DA:361,1
DA:362,1
DA:363,1
DA:364,1
DA:367,1
DA:368,12
DA:379,1
DA:381,11
DA:385,1
DA:386,29
DA:389,1
DA:390,0
DA:391,0
DA:394,1
LF:95
LH:72
BRDA:229,0,0,29
BRDA:229,0,1,29
BRDA:229,0,2,29
BRDA:253,1,0,0
BRDA:253,1,1,0
BRDA:261,2,0,0
BRDA:261,2,1,0
BRDA:265,3,0,0
BRDA:265,3,1,0
BRDA:269,4,0,0
BRDA:269,4,1,0
BRDA:273,5,0,0
BRDA:273,5,1,0
BRDA:277,6,0,0
BRDA:277,6,1,0
BRDA:288,7,0,0
BRDA:288,7,1,0
BRDA:297,8,0,0
BRDA:297,8,1,0
BRDA:304,9,0,0
BRDA:304,9,1,0
BRDA:368,10,0,1
BRDA:368,10,1,11
BRDA:369,11,0,12
BRDA:369,11,1,10
BRDA:369,11,2,8
BRDA:369,11,3,7
BRDA:369,11,4,6
BRDA:369,11,5,4
BRDA:369,11,6,3
BRDA:369,11,7,2
BRDA:369,11,8,1
BRDA:390,12,0,0
BRDA:390,12,1,0
BRF:34
BRH:14
end_of_record
TN:
SF:/Users/matthewhutcheson/Documents/Ergosoft/IMViewer/front-end-vue/src/components/user/UserDetails.vue
FN:81,(anonymous_0)
FN:85,(anonymous_2)
FN:89,(anonymous_3)
FNF:3
FNH:2
FNDA:2,(anonymous_0)
FNDA:0,(anonymous_2)
FNDA:1,(anonymous_3)
DA:72,1
DA:73,1
DA:81,2
DA:85,1
DA:86,0
DA:89,1
DA:90,1
DA:92,1
LF:8
LH:7
BRF:0
BRH:0
end_of_record
TN:
SF:/Users/matthewhutcheson/Documents/Ergosoft/IMViewer/front-end-vue/src/components/user/UserEdit.vue
FN:226,(anonymous_0)
FN:252,(anonymous_2)
FN:263,(anonymous_3)
FN:272,(anonymous_4)
FN:276,(anonymous_5)
FN:280,(anonymous_6)
FN:284,(anonymous_7)
FN:288,(anonymous_8)
FN:292,(anonymous_9)
FN:308,(anonymous_10)
FN:311,(anonymous_11)
FN:317,(anonymous_12)
FN:367,(anonymous_13)
FN:373,(anonymous_14)
FN:394,(anonymous_15)
FN:409,(anonymous_16)
FN:418,(anonymous_17)
FN:435,(anonymous_18)
FN:190,(anonymous_19)
FN:196,(anonymous_20)
FN:202,(anonymous_21)
FN:208,(anonymous_22)
FN:214,(anonymous_23)
FN:220,(anonymous_24)
FNF:24
FNH:10
FNDA:19,(anonymous_0)
FNDA:18,(anonymous_2)
FNDA:1,(anonymous_3)
FNDA:0,(anonymous_4)
FNDA:0,(anonymous_5)
FNDA:0,(anonymous_6)
FNDA:0,(anonymous_7)
FNDA:0,(anonymous_8)
FNDA:0,(anonymous_9)
FNDA:0,(anonymous_10)
FNDA:0,(anonymous_11)
FNDA:0,(anonymous_12)
FNDA:0,(anonymous_13)
FNDA:0,(anonymous_14)
FNDA:0,(anonymous_15)
FNDA:0,(anonymous_16)
FNDA:0,(anonymous_17)
FNDA:18,(anonymous_18)
FNDA:37,(anonymous_19)
FNDA:37,(anonymous_20)
FNDA:24,(anonymous_21)
FNDA:20,(anonymous_22)
FNDA:37,(anonymous_23)
FNDA:37,(anonymous_24)
DA:164,1
DA:165,1
DA:166,1
DA:167,1
DA:168,1
DA:169,1
DA:176,1
DA:177,1
DA:178,1
DA:179,1
DA:191,37
DA:197,37
DA:203,24
DA:209,20
DA:215,37
DA:221,37
DA:226,19
DA:229,18
DA:230,18
DA:231,18
DA:232,18
DA:233,18
DA:234,18
DA:235,18
DA:236,18
DA:237,18
DA:238,18
DA:239,18
DA:240,18
DA:241,18
DA:242,18
DA:243,18
DA:244,18
DA:245,18
DA:246,18
DA:247,18
DA:248,18
DA:249,18
DA:250,18
DA:252,1
DA:253,18
DA:254,18
DA:255,18
DA:256,18
DA:257,18
DA:258,18
DA:259,18
DA:263,1
DA:264,1
DA:265,0
DA:266,0
DA:267,0
DA:269,1
DA:272,1
DA:273,0
DA:276,1
DA:277,0
DA:280,1
DA:281,0
DA:284,1
DA:285,0
DA:288,1
DA:289,0
DA:292,1
DA:293,0
DA:299,0
DA:307,0
DA:308,0
DA:309,0
DA:310,0
DA:312,0
DA:313,0
DA:318,0
DA:319,0
DA:322,0
DA:333,0
DA:340,0
DA:341,0
DA:346,0
DA:352,0
DA:357,0
DA:358,0
DA:366,0
DA:367,0
DA:368,0
DA:369,0
DA:374,0
DA:375,0
DA:378,0
DA:386,0
DA:394,1
DA:395,0
DA:403,0
DA:405,0
DA:409,1
DA:410,0
DA:419,0
DA:420,0
DA:421,0
DA:422,0
DA:423,0
DA:424,0
DA:425,0
DA:426,0
DA:427,0
DA:428,0
DA:429,0
DA:430,0
DA:435,1
DA:436,18
DA:438,1
LF:111
LH:61
BRDA:226,0,0,18
BRDA:226,0,1,18
BRDA:226,0,2,18
BRDA:253,1,0,18
BRDA:253,1,1,0
BRDA:253,2,0,18
BRDA:253,2,1,18
BRDA:264,3,0,0
BRDA:264,3,1,1
BRDA:277,4,0,0
BRDA:277,4,1,0
BRDA:281,5,0,0
BRDA:281,5,1,0
BRDA:285,6,0,0
BRDA:285,6,1,0
BRDA:289,7,0,0
BRDA:289,7,1,0
BRDA:293,8,0,0
BRDA:293,8,1,0
BRDA:294,9,0,0
BRDA:294,9,1,0
BRDA:294,9,2,0
BRDA:294,9,3,0
BRDA:309,10,0,0
BRDA:309,10,1,0
BRDA:312,11,0,0
BRDA:312,11,1,0
BRDA:340,12,0,0
BRDA:340,12,1,0
BRDA:346,13,0,0
BRDA:346,13,1,0
BRDA:347,14,0,0
BRDA:347,14,1,0
BRDA:347,14,2,0
BRDA:347,14,3,0
BRDA:357,15,0,0
BRDA:357,15,1,0
BRDA:368,16,0,0
BRDA:368,16,1,0
BRDA:395,17,0,0
BRDA:395,17,1,0
BRDA:396,18,0,0
BRDA:396,18,1,0
BRDA:396,18,2,0
BRDA:396,18,3,0
BRDA:396,18,4,0
BRDA:396,18,5,0
BRDA:419,19,0,0
BRDA:419,19,1,0
BRF:49
BRH:7
end_of_record
TN:
SF:/Users/matthewhutcheson/Documents/Ergosoft/IMViewer/front-end-vue/src/views/Concept.vue
FN:17,(anonymous_0)
FNF:1
FNH:0
FNDA:0,(anonymous_0)
DA:8,0
DA:9,0
DA:17,0
LF:3
LH:0
BRF:0
BRH:0
end_of_record
TN:
SF:/Users/matthewhutcheson/Documents/Ergosoft/IMViewer/front-end-vue/src/views/Dashboard.vue
FN:40,(anonymous_0)
FN:45,(anonymous_2)
FN:50,(anonymous_3)
FN:59,(anonymous_4)
FN:60,(anonymous_5)
FN:68,(anonymous_6)
FN:72,(anonymous_7)
FN:77,(anonymous_8)
FN:86,(anonymous_9)
FN:91,(anonymous_10)
FN:104,(anonymous_11)
FN:109,(anonymous_12)
FN:122,(anonymous_13)
FN:127,(anonymous_14)
FN:140,(anonymous_15)
FN:145,(anonymous_16)
FN:158,(anonymous_17)
FN:163,(anonymous_18)
FN:176,(anonymous_19)
FN:181,(anonymous_20)
FN:34,(anonymous_21)
FNF:21
FNH:0
FNDA:0,(anonymous_0)
FNDA:0,(anonymous_2)
FNDA:0,(anonymous_3)
FNDA:0,(anonymous_4)
FNDA:0,(anonymous_5)
FNDA:0,(anonymous_6)
FNDA:0,(anonymous_7)
FNDA:0,(anonymous_8)
FNDA:0,(anonymous_9)
FNDA:0,(anonymous_10)
FNDA:0,(anonymous_11)
FNDA:0,(anonymous_12)
FNDA:0,(anonymous_13)
FNDA:0,(anonymous_14)
FNDA:0,(anonymous_15)
FNDA:0,(anonymous_16)
FNDA:0,(anonymous_17)
FNDA:0,(anonymous_18)
FNDA:0,(anonymous_19)
FNDA:0,(anonymous_20)
FNDA:0,(anonymous_21)
DA:13,0
DA:14,0
DA:15,0
DA:16,0
DA:17,0
DA:18,0
DA:19,0
DA:35,0
DA:40,0
DA:42,0
DA:46,0
DA:51,0
DA:55,0
DA:56,0
DA:57,0
DA:59,0
DA:60,0
DA:61,0
DA:64,0
DA:65,0
DA:68,0
DA:69,0
DA:72,0
DA:73,0
DA:74,0
DA:77,0
DA:78,0
DA:79,0
DA:87,0
DA:92,0
DA:96,0
DA:97,0
DA:105,0
DA:110,0
DA:114,0
DA:115,0
DA:123,0
DA:128,0
DA:132,0
DA:133,0
DA:141,0
DA:146,0
DA:150,0
DA:151,0
DA:159,0
DA:164,0
DA:168,0
DA:169,0
DA:177,0
DA:182,0
DA:187,0
DA:194,0
LF:52
LH:0
BRDA:40,0,0,0
BRDA:40,0,1,0
BRDA:40,0,2,0
BRDA:78,1,0,0
BRDA:78,1,1,0
BRDA:96,2,0,0
BRDA:96,2,1,0
BRDA:114,3,0,0
BRDA:114,3,1,0
BRDA:132,4,0,0
BRDA:132,4,1,0
BRDA:150,5,0,0
BRDA:150,5,1,0
BRDA:168,6,0,0
BRDA:168,6,1,0
BRF:15
BRH:0
end_of_record
TN:
SF:/Users/matthewhutcheson/Documents/Ergosoft/IMViewer/front-end-vue/src/views/Home.vue
FN:29,(anonymous_0)
FN:30,(anonymous_2)
FN:36,(anonymous_5)
FN:40,(anonymous_6)
FN:54,(anonymous_7)
FN:61,(anonymous_8)
FN:68,(anonymous_9)
FNF:7
FNH:0
FNDA:0,(anonymous_0)
FNDA:0,(anonymous_2)
FNDA:0,(anonymous_5)
FNDA:0,(anonymous_6)
FNDA:0,(anonymous_7)
FNDA:0,(anonymous_8)
FNDA:0,(anonymous_9)
DA:13,0
DA:14,0
DA:15,0
DA:16,0
DA:17,0
DA:18,0
DA:29,0
DA:30,0
DA:32,0
DA:33,0
DA:36,0
DA:37,0
DA:40,0
DA:41,0
DA:42,0
DA:46,0
DA:47,0
DA:52,0
DA:55,0
DA:56,0
DA:61,0
DA:62,0
DA:63,0
DA:68,0
DA:69,0
DA:70,0
DA:76,0
LF:27
LH:0
BRDA:41,0,0,0
BRDA:41,0,1,0
BRDA:41,1,0,0
BRDA:41,1,1,0
BRDA:46,2,0,0
BRDA:46,2,1,0
BRDA:55,3,0,0
BRDA:55,3,1,0
BRDA:62,4,0,0
BRDA:62,4,1,0
BRDA:69,5,0,0
BRDA:69,5,1,0
BRF:12
BRH:0
end_of_record
TN:
SF:/Users/matthewhutcheson/Documents/Ergosoft/IMViewer/front-end-vue/src/views/SnomedLicense.vue
FN:133,(anonymous_0)
FN:136,(anonymous_2)
FN:140,(anonymous_3)
FN:123,(anonymous_4)
FNF:4
FNH:0
FNDA:0,(anonymous_0)
FNDA:0,(anonymous_2)
FNDA:0,(anonymous_3)
FNDA:0,(anonymous_4)
DA:113,0
DA:114,0
DA:115,0
DA:124,0
DA:125,0
DA:127,0
DA:133,0
DA:134,0
DA:136,0
DA:137,0
DA:140,0
DA:141,0
DA:142,0
DA:143,0
DA:145,0
DA:148,0
LF:16
LH:0
BRDA:133,0,0,0
BRDA:133,0,1,0
BRDA:133,0,2,0
BRDA:142,1,0,0
BRDA:142,1,1,0
BRDA:124,2,0,0
BRDA:124,2,1,0
BRF:7
BRH:0
end_of_record
TN:
SF:/Users/matthewhutcheson/Documents/Ergosoft/IMViewer/front-end-vue/src/views/User.vue
FNF:0
FNH:0
DA:13,0
DA:14,0
DA:22,0
LF:3
LH:0
BRDA:16,0,0,0
BRDA:16,0,1,0
BRF:2
BRH:0
end_of_record
TN:
SF:/Users/matthewhutcheson/Documents/Ergosoft/IMViewer/front-end-vue/src/views/Workflow.vue
FN:226,(anonymous_0)
FN:348,(anonymous_2)
FN:353,(anonymous_3)
FN:371,(anonymous_4)
FN:390,(anonymous_5)
FN:393,(anonymous_6)
FNF:6
FNH:0
FNDA:0,(anonymous_0)
FNDA:0,(anonymous_2)
FNDA:0,(anonymous_3)
FNDA:0,(anonymous_4)
FNDA:0,(anonymous_5)
FNDA:0,(anonymous_6)
DA:212,0
DA:213,0
DA:214,0
DA:215,0
DA:216,0
DA:226,0
DA:227,0
DA:228,0
DA:229,0
DA:230,0
DA:232,0
DA:236,0
DA:241,0
DA:268,0
DA:295,0
DA:321,0
DA:348,0
DA:349,0
DA:350,0
DA:353,0
DA:354,0
DA:356,0
DA:357,0
DA:358,0
DA:367,0
DA:371,0
DA:372,0
DA:374,0
DA:375,0
DA:377,0
DA:386,0
DA:390,0
DA:391,0
DA:393,0
DA:394,0
DA:395,0
DA:402,0
DA:406,0
DA:408,0
LF:39
LH:0
BRDA:226,0,0,0
BRDA:226,0,1,0
BRDA:226,0,2,0
BRDA:361,1,0,0
BRDA:361,1,1,0
BRDA:380,2,0,0
BRDA:380,2,1,0
BRDA:394,3,0,0
BRDA:394,3,1,0
BRF:9
BRH:0
end_of_record
