TN:
SF:/Users/matthewhutcheson/Documents/Ergosoft/IMViewer/front-end-vue/src/App.vue
FN:15,(anonymous_0)
FN:16,(anonymous_2)
FNF:2
FNH:2
FNDA:2,(anonymous_0)
FNDA:1,(anonymous_2)
DA:9,1
DA:10,1
DA:15,2
DA:16,1
DA:17,1
DA:19,1
LF:6
LH:6
BRF:0
BRH:0
end_of_record
TN:
SF:/Users/matthewhutcheson/Documents/Ergosoft/IMViewer/front-end-vue/src/aws-exports.js
FNF:0
FNH:0
DA:4,0
LF:1
LH:0
BRF:0
BRH:0
end_of_record
TN:
SF:/Users/matthewhutcheson/Documents/Ergosoft/IMViewer/front-end-vue/src/components/dashboard/ConceptSchemes.vue
FN:44,(anonymous_0)
FN:50,(anonymous_1)
FN:67,(anonymous_2)
FN:72,(anonymous_3)
FN:86,(anonymous_4)
FN:88,(anonymous_5)
FN:89,(anonymous_6)
FN:96,(anonymous_7)
FNF:8
FNH:0
FNDA:0,(anonymous_0)
FNDA:0,(anonymous_1)
FNDA:0,(anonymous_2)
FNDA:0,(anonymous_3)
FNDA:0,(anonymous_4)
FNDA:0,(anonymous_5)
FNDA:0,(anonymous_6)
FNDA:0,(anonymous_7)
DA:28,0
DA:29,0
DA:30,0
DA:31,0
DA:32,0
DA:33,0
DA:34,0
DA:35,0
DA:36,0
DA:39,0
DA:45,0
DA:47,0
DA:51,0
DA:67,0
DA:68,0
DA:70,0
DA:71,0
DA:73,0
DA:74,0
DA:75,0
DA:77,0
DA:79,0
DA:81,0
DA:84,0
DA:85,0
DA:86,0
DA:87,0
DA:88,0
DA:89,0
DA:90,0
DA:92,0
DA:93,0
DA:94,0
DA:97,0
DA:98,0
LF:35
LH:0
BRF:0
BRH:0
end_of_record
TN:
SF:/Users/matthewhutcheson/Documents/Ergosoft/IMViewer/front-end-vue/src/components/dashboard/ConceptStatus.vue
FN:44,(anonymous_0)
FN:50,(anonymous_1)
FN:67,(anonymous_2)
FN:72,(anonymous_3)
FN:86,(anonymous_4)
FN:88,(anonymous_5)
FN:89,(anonymous_6)
FN:96,(anonymous_7)
FNF:8
FNH:0
FNDA:0,(anonymous_0)
FNDA:0,(anonymous_1)
FNDA:0,(anonymous_2)
FNDA:0,(anonymous_3)
FNDA:0,(anonymous_4)
FNDA:0,(anonymous_5)
FNDA:0,(anonymous_6)
FNDA:0,(anonymous_7)
DA:28,0
DA:29,0
DA:30,0
DA:31,0
DA:32,0
DA:33,0
DA:34,0
DA:35,0
DA:36,0
DA:39,0
DA:45,0
DA:47,0
DA:51,0
DA:67,0
DA:68,0
DA:70,0
DA:71,0
DA:73,0
DA:74,0
DA:75,0
DA:77,0
DA:79,0
DA:81,0
DA:84,0
DA:85,0
DA:86,0
DA:87,0
DA:88,0
DA:89,0
DA:90,0
DA:92,0
DA:93,0
DA:94,0
DA:97,0
DA:98,0
LF:35
LH:0
BRF:0
BRH:0
end_of_record
TN:
SF:/Users/matthewhutcheson/Documents/Ergosoft/IMViewer/front-end-vue/src/components/dashboard/ConceptTypes.vue
FN:45,(anonymous_0)
FN:51,(anonymous_1)
FN:68,(anonymous_2)
FN:73,(anonymous_3)
FN:79,(anonymous_4)
FN:90,(anonymous_5)
FN:92,(anonymous_6)
FN:93,(anonymous_7)
FN:100,(anonymous_8)
FNF:9
FNH:0
FNDA:0,(anonymous_0)
FNDA:0,(anonymous_1)
FNDA:0,(anonymous_2)
FNDA:0,(anonymous_3)
FNDA:0,(anonymous_4)
FNDA:0,(anonymous_5)
FNDA:0,(anonymous_6)
FNDA:0,(anonymous_7)
FNDA:0,(anonymous_8)
DA:28,0
DA:29,0
DA:30,0
DA:31,0
DA:32,0
DA:33,0
DA:34,0
DA:35,0
DA:36,0
DA:37,0
DA:40,0
DA:46,0
DA:48,0
DA:52,0
DA:68,0
DA:69,0
DA:71,0
DA:72,0
DA:74,0
DA:75,0
DA:76,0
DA:78,0
DA:79,0
DA:81,0
DA:83,0
DA:85,0
DA:88,0
DA:89,0
DA:90,0
DA:91,0
DA:92,0
DA:93,0
DA:94,0
DA:96,0
DA:97,0
DA:98,0
DA:101,0
DA:102,0
LF:38
LH:0
BRF:0
BRH:0
end_of_record
TN:
SF:/Users/matthewhutcheson/Documents/Ergosoft/IMViewer/front-end-vue/src/components/dashboard/MappingModule.vue
FNF:0
FNH:0
DA:21,0
DA:23,0
LF:2
LH:0
BRF:0
BRH:0
end_of_record
TN:
SF:/Users/matthewhutcheson/Documents/Ergosoft/IMViewer/front-end-vue/src/components/dashboard/OntologyOverview.vue
FN:45,(anonymous_0)
FN:50,(anonymous_1)
FN:54,(anonymous_2)
FN:56,(anonymous_3)
FN:64,(anonymous_4)
FNF:5
FNH:0
FNDA:0,(anonymous_0)
FNDA:0,(anonymous_1)
FNDA:0,(anonymous_2)
FNDA:0,(anonymous_3)
FNDA:0,(anonymous_4)
DA:34,0
DA:35,0
DA:36,0
DA:37,0
DA:38,0
DA:39,0
DA:41,0
DA:46,0
DA:50,0
DA:52,0
DA:53,0
DA:55,0
DA:56,0
DA:57,0
DA:59,0
DA:65,0
DA:69,0
LF:17
LH:0
BRF:0
BRH:0
end_of_record
TN:
SF:/Users/matthewhutcheson/Documents/Ergosoft/IMViewer/front-end-vue/src/components/dashboard/WorkflowManager.vue
FNF:0
FNH:0
DA:20,0
DA:22,0
LF:2
LH:0
BRF:0
BRH:0
end_of_record
TN:
SF:/Users/matthewhutcheson/Documents/Ergosoft/IMViewer/front-end-vue/src/components/edit/EditDialog.vue
FN:51,(anonymous_0)
FN:55,(anonymous_1)
FN:64,(anonymous_2)
FN:68,(anonymous_3)
FN:72,(anonymous_4)
FN:76,(anonymous_5)
FN:83,(anonymous_6)
FN:86,(anonymous_7)
FN:89,(anonymous_8)
FN:96,(anonymous_9)
FNF:10
FNH:0
FNDA:0,(anonymous_0)
FNDA:0,(anonymous_1)
FNDA:0,(anonymous_2)
FNDA:0,(anonymous_3)
FNDA:0,(anonymous_4)
FNDA:0,(anonymous_5)
FNDA:0,(anonymous_6)
FNDA:0,(anonymous_7)
FNDA:0,(anonymous_8)
FNDA:0,(anonymous_9)
DA:38,0
DA:39,0
DA:40,0
DA:42,0
DA:44,0
DA:52,0
DA:56,0
DA:65,0
DA:69,0
DA:73,0
DA:77,0
DA:78,0
DA:80,0
DA:83,0
DA:84,0
DA:85,0
DA:87,0
DA:90,0
DA:97,0
LF:19
LH:0
BRDA:77,0,0,0
BRDA:77,0,1,0
BRF:2
BRH:0
end_of_record
TN:
SF:/Users/matthewhutcheson/Documents/Ergosoft/IMViewer/front-end-vue/src/components/edit/Editor.vue
FN:115,(anonymous_0)
FN:120,(anonymous_1)
FN:125,(anonymous_2)
FN:129,(anonymous_5)
FN:132,(anonymous_6)
FN:148,(anonymous_7)
FN:159,(anonymous_8)
FN:163,(anonymous_9)
FN:165,(anonymous_10)
FN:194,(anonymous_11)
FN:202,(anonymous_12)
FN:212,(anonymous_13)
FN:220,(anonymous_14)
FN:224,(anonymous_15)
FN:238,(anonymous_16)
FN:245,(anonymous_17)
FNF:16
FNH:0
FNDA:0,(anonymous_0)
FNDA:0,(anonymous_1)
FNDA:0,(anonymous_2)
FNDA:0,(anonymous_5)
FNDA:0,(anonymous_6)
FNDA:0,(anonymous_7)
FNDA:0,(anonymous_8)
FNDA:0,(anonymous_9)
FNDA:0,(anonymous_10)
FNDA:0,(anonymous_11)
FNDA:0,(anonymous_12)
FNDA:0,(anonymous_13)
FNDA:0,(anonymous_14)
FNDA:0,(anonymous_15)
FNDA:0,(anonymous_16)
FNDA:0,(anonymous_17)
DA:87,0
DA:90,0
DA:95,0
DA:96,0
DA:97,0
DA:98,0
DA:99,0
DA:100,0
DA:101,0
DA:102,0
DA:104,0
DA:105,0
DA:106,0
DA:107,0
DA:108,0
DA:110,0
DA:116,0
DA:121,0
DA:126,0
DA:127,0
DA:128,0
DA:130,0
DA:133,0
DA:137,0
DA:149,0
DA:150,0
DA:151,0
DA:152,0
DA:153,0
DA:154,0
DA:156,0
DA:160,0
DA:163,0
DA:164,0
DA:165,0
DA:166,0
DA:170,0
DA:174,0
DA:180,0
DA:182,0
DA:183,0
DA:192,0
DA:193,0
DA:194,0
DA:195,0
DA:196,0
DA:197,0
DA:204,0
DA:205,0
DA:206,0
DA:208,0
DA:212,0
DA:213,0
DA:214,0
DA:215,0
DA:216,0
DA:217,0
DA:220,0
DA:225,0
DA:226,0
DA:227,0
DA:228,0
DA:229,0
DA:230,0
DA:231,0
DA:232,0
DA:233,0
DA:234,0
DA:235,0
DA:239,0
DA:247,0
DA:251,0
LF:72
LH:0
BRDA:152,0,0,0
BRDA:152,0,1,0
BRDA:152,1,0,0
BRDA:152,1,1,0
BRDA:153,2,0,0
BRDA:153,2,1,0
BRDA:153,3,0,0
BRDA:153,3,1,0
BRDA:154,4,0,0
BRDA:154,4,1,0
BRDA:156,5,0,0
BRDA:156,5,1,0
BRDA:156,6,0,0
BRDA:156,6,1,0
BRDA:182,7,0,0
BRDA:182,7,1,0
BRDA:206,8,0,0
BRDA:206,8,1,0
BRDA:214,9,0,0
BRDA:214,9,1,0
BRDA:247,10,0,0
BRDA:247,10,1,0
BRDA:247,10,2,0
BRDA:247,10,3,0
BRDA:247,11,0,0
BRDA:247,11,1,0
BRDA:247,12,0,0
BRDA:247,12,1,0
BRDA:251,13,0,0
BRDA:251,13,1,0
BRF:30
BRH:0
end_of_record
TN:
SF:/Users/matthewhutcheson/Documents/Ergosoft/IMViewer/front-end-vue/src/components/home/SideNav.vue
FN:73,(anonymous_0)
FN:114,(anonymous_1)
FN:122,(anonymous_2)
FN:130,(anonymous_3)
FN:135,(anonymous_4)
FNF:5
FNH:0
FNDA:0,(anonymous_0)
FNDA:0,(anonymous_1)
FNDA:0,(anonymous_2)
FNDA:0,(anonymous_3)
FNDA:0,(anonymous_4)
DA:67,1
DA:68,1
DA:70,1
DA:74,0
DA:115,0
DA:116,0
DA:118,0
DA:123,0
DA:124,0
DA:126,0
DA:131,0
DA:132,0
DA:136,0
LF:13
LH:3
BRDA:115,0,0,0
BRDA:115,0,1,0
BRDA:123,1,0,0
BRDA:123,1,1,0
BRF:4
BRH:0
end_of_record
TN:
SF:/Users/matthewhutcheson/Documents/Ergosoft/IMViewer/front-end-vue/src/components/panels/Definition.vue
FN:88,(anonymous_0)
FN:96,(anonymous_1)
FN:100,(anonymous_2)
FN:102,(anonymous_3)
FN:108,(anonymous_4)
FN:117,(anonymous_5)
FNF:6
FNH:0
FNDA:0,(anonymous_0)
FNDA:0,(anonymous_1)
FNDA:0,(anonymous_2)
FNDA:0,(anonymous_3)
FNDA:0,(anonymous_4)
FNDA:0,(anonymous_5)
DA:76,0
DA:77,0
DA:78,0
DA:79,0
DA:81,0
DA:89,0
DA:97,0
DA:101,0
DA:103,0
DA:109,0
DA:113,0
DA:118,0
DA:119,0
DA:120,0
LF:14
LH:0
BRDA:109,0,0,0
BRDA:109,0,1,0
BRDA:109,1,0,0
BRDA:109,1,1,0
BRDA:109,2,0,0
BRDA:109,2,1,0
BRDA:109,3,0,0
BRDA:109,3,1,0
BRDA:119,4,0,0
BRDA:119,4,1,0
BRF:10
BRH:0
end_of_record
TN:
SF:/Users/matthewhutcheson/Documents/Ergosoft/IMViewer/front-end-vue/src/components/panels/DownloadDialog.vue
FN:119,(anonymous_0)
FN:123,(anonymous_3)
FN:127,(anonymous_6)
FN:159,(anonymous_7)
FN:163,(anonymous_8)
FN:194,(anonymous_9)
FNF:6
FNH:0
FNDA:0,(anonymous_0)
FNDA:0,(anonymous_3)
FNDA:0,(anonymous_6)
FNDA:0,(anonymous_7)
FNDA:0,(anonymous_8)
FNDA:0,(anonymous_9)
DA:110,0
DA:111,0
DA:113,0
DA:115,0
DA:120,0
DA:124,0
DA:128,0
DA:160,0
DA:164,0
DA:169,0
DA:186,0
DA:187,0
DA:188,0
DA:190,0
DA:192,0
DA:195,0
DA:196,0
DA:197,0
DA:198,0
DA:199,0
DA:200,0
DA:202,0
DA:203,0
DA:204,0
DA:205,0
DA:206,0
LF:26
LH:0
BRDA:187,0,0,0
BRDA:187,0,1,0
BRDA:207,1,0,0
BRDA:207,1,1,0
BRDA:207,2,0,0
BRDA:207,2,1,0
BRDA:207,3,0,0
BRDA:207,3,1,0
BRDA:207,4,0,0
BRDA:207,4,1,0
BRDA:207,5,0,0
BRDA:207,5,1,0
BRDA:207,6,0,0
BRDA:207,6,1,0
BRDA:207,7,0,0
BRDA:207,7,1,0
BRF:16
BRH:0
end_of_record
TN:
SF:/Users/matthewhutcheson/Documents/Ergosoft/IMViewer/front-end-vue/src/components/panels/Graph.vue
FN:44,(anonymous_0)
FN:49,(anonymous_1)
FN:55,(anonymous_4)
FN:66,(anonymous_5)
FN:78,(anonymous_8)
FN:84,(anonymous_9)
FN:88,(anonymous_12)
FN:96,(anonymous_13)
FN:100,(anonymous_14)
FN:105,(anonymous_15)
FN:109,(anonymous_16)
FN:120,(anonymous_17)
FN:126,(anonymous_18)
FN:130,(anonymous_19)
FN:131,(anonymous_20)
FN:144,(anonymous_21)
FN:173,(anonymous_22)
FN:177,(anonymous_23)
FN:192,(anonymous_24)
FN:194,(anonymous_25)
FN:201,(anonymous_26)
FN:203,(anonymous_27)
FN:204,(anonymous_28)
FN:207,(anonymous_29)
FN:208,(anonymous_30)
FN:209,(anonymous_31)
FN:210,(anonymous_32)
FN:212,(anonymous_33)
FN:220,(anonymous_34)
FN:222,(anonymous_35)
FN:223,(anonymous_36)
FN:224,(anonymous_37)
FN:225,(anonymous_38)
FN:245,(anonymous_39)
FN:249,(anonymous_40)
FN:254,(anonymous_41)
FN:274,(anonymous_42)
FN:283,(anonymous_43)
FN:294,(anonymous_44)
FN:303,(anonymous_45)
FN:311,(anonymous_46)
FN:327,(anonymous_47)
FN:330,(anonymous_48)
FN:344,(anonymous_49)
FNF:44
FNH:0
FNDA:0,(anonymous_0)
FNDA:0,(anonymous_1)
FNDA:0,(anonymous_4)
FNDA:0,(anonymous_5)
FNDA:0,(anonymous_8)
FNDA:0,(anonymous_9)
FNDA:0,(anonymous_12)
FNDA:0,(anonymous_13)
FNDA:0,(anonymous_14)
FNDA:0,(anonymous_15)
FNDA:0,(anonymous_16)
FNDA:0,(anonymous_17)
FNDA:0,(anonymous_18)
FNDA:0,(anonymous_19)
FNDA:0,(anonymous_20)
FNDA:0,(anonymous_21)
FNDA:0,(anonymous_22)
FNDA:0,(anonymous_23)
FNDA:0,(anonymous_24)
FNDA:0,(anonymous_25)
FNDA:0,(anonymous_26)
FNDA:0,(anonymous_27)
FNDA:0,(anonymous_28)
FNDA:0,(anonymous_29)
FNDA:0,(anonymous_30)
FNDA:0,(anonymous_31)
FNDA:0,(anonymous_32)
FNDA:0,(anonymous_33)
FNDA:0,(anonymous_34)
FNDA:0,(anonymous_35)
FNDA:0,(anonymous_36)
FNDA:0,(anonymous_37)
FNDA:0,(anonymous_38)
FNDA:0,(anonymous_39)
FNDA:0,(anonymous_40)
FNDA:0,(anonymous_41)
FNDA:0,(anonymous_42)
FNDA:0,(anonymous_43)
FNDA:0,(anonymous_44)
FNDA:0,(anonymous_45)
FNDA:0,(anonymous_46)
FNDA:0,(anonymous_47)
FNDA:0,(anonymous_48)
FNDA:0,(anonymous_49)
DA:28,0
DA:30,0
DA:34,0
DA:35,0
DA:37,0
DA:45,0
DA:50,0
DA:51,0
DA:52,0
DA:56,0
DA:67,0
DA:68,0
DA:69,0
DA:71,0
DA:72,0
DA:73,0
DA:75,0
DA:79,0
DA:80,0
DA:85,0
DA:89,0
DA:90,0
DA:91,0
DA:92,0
DA:93,0
DA:97,0
DA:101,0
DA:102,0
DA:106,0
DA:111,0
DA:121,0
DA:126,0
DA:127,0
DA:129,0
DA:130,0
DA:131,0
DA:132,0
DA:134,0
DA:135,0
DA:138,0
DA:145,0
DA:166,0
DA:173,0
DA:178,0
DA:187,0
DA:192,0
DA:195,0
DA:199,0
DA:201,0
DA:203,0
DA:205,0
DA:207,0
DA:208,0
DA:209,0
DA:210,0
DA:213,0
DA:218,0
DA:220,0
DA:222,0
DA:223,0
DA:224,0
DA:226,0
DA:234,0
DA:238,0
DA:246,0
DA:247,0
DA:248,0
DA:249,0
DA:250,0
DA:253,0
DA:254,0
DA:255,0
DA:258,0
DA:260,0
DA:267,0
DA:268,0
DA:271,0
DA:275,0
DA:277,0
DA:278,0
DA:279,0
DA:284,0
DA:286,0
DA:287,0
DA:288,0
DA:289,0
DA:295,0
DA:296,0
DA:297,0
DA:304,0
DA:310,0
DA:311,0
DA:313,0
DA:314,0
DA:315,0
DA:317,0
DA:318,0
DA:321,0
DA:322,0
DA:326,0
DA:327,0
DA:329,0
DA:330,0
DA:332,0
DA:333,0
DA:334,0
DA:336,0
DA:337,0
DA:340,0
DA:345,0
DA:346,0
DA:347,0
LF:112
LH:0
BRDA:132,0,0,0
BRDA:132,0,1,0
BRDA:132,1,0,0
BRDA:132,1,1,0
BRDA:147,2,0,0
BRDA:147,2,1,0
BRDA:149,3,0,0
BRDA:149,3,1,0
BRDA:151,4,0,0
BRDA:151,4,1,0
BRDA:153,5,0,0
BRDA:153,5,1,0
BRDA:155,6,0,0
BRDA:155,6,1,0
BRDA:157,7,0,0
BRDA:157,7,1,0
BRDA:159,8,0,0
BRDA:159,8,1,0
BRDA:161,9,0,0
BRDA:161,9,1,0
BRDA:173,10,0,0
BRDA:173,10,1,0
BRDA:179,11,0,0
BRDA:179,11,1,0
BRDA:181,12,0,0
BRDA:181,12,1,0
BRDA:192,13,0,0
BRDA:192,13,1,0
BRDA:192,13,2,0
BRDA:195,14,0,0
BRDA:195,14,1,0
BRDA:195,15,0,0
BRDA:195,15,1,0
BRDA:201,16,0,0
BRDA:201,16,1,0
BRDA:203,17,0,0
BRDA:203,17,1,0
BRDA:205,18,0,0
BRDA:205,18,1,0
BRDA:205,19,0,0
BRDA:205,19,1,0
BRDA:207,20,0,0
BRDA:207,20,1,0
BRDA:210,21,0,0
BRDA:210,21,1,0
BRDA:213,22,0,0
BRDA:213,22,1,0
BRDA:229,23,0,0
BRDA:229,23,1,0
BRDA:226,24,0,0
BRDA:226,24,1,0
BRDA:226,24,2,0
BRDA:226,25,0,0
BRDA:226,25,1,0
BRDA:226,26,0,0
BRDA:226,26,1,0
BRDA:227,27,0,0
BRDA:227,27,1,0
BRDA:227,28,0,0
BRDA:227,28,1,0
BRDA:228,29,0,0
BRDA:228,29,1,0
BRDA:228,30,0,0
BRDA:228,30,1,0
BRDA:246,31,0,0
BRDA:246,31,1,0
BRDA:248,32,0,0
BRDA:248,32,1,0
BRDA:248,33,0,0
BRDA:248,33,1,0
BRDA:248,34,0,0
BRDA:248,34,1,0
BRDA:249,35,0,0
BRDA:249,35,1,0
BRDA:249,36,0,0
BRDA:249,36,1,0
BRDA:250,37,0,0
BRDA:250,37,1,0
BRDA:250,38,0,0
BRDA:250,38,1,0
BRDA:250,39,0,0
BRDA:250,39,1,0
BRDA:250,40,0,0
BRDA:250,40,1,0
BRDA:250,41,0,0
BRDA:250,41,1,0
BRDA:253,42,0,0
BRDA:253,42,1,0
BRDA:253,43,0,0
BRDA:253,43,1,0
BRDA:253,44,0,0
BRDA:253,44,1,0
BRDA:254,45,0,0
BRDA:254,45,1,0
BRDA:254,46,0,0
BRDA:254,46,1,0
BRDA:255,47,0,0
BRDA:255,47,1,0
BRDA:255,48,0,0
BRDA:255,48,1,0
BRDA:255,49,0,0
BRDA:255,49,1,0
BRDA:255,50,0,0
BRDA:255,50,1,0
BRDA:255,51,0,0
BRDA:255,51,1,0
BRDA:258,52,0,0
BRDA:258,52,1,0
BRDA:260,53,0,0
BRDA:260,53,1,0
BRDA:261,54,0,0
BRDA:261,54,1,0
BRDA:261,54,2,0
BRDA:261,54,3,0
BRDA:261,54,4,0
BRDA:267,55,0,0
BRDA:267,55,1,0
BRDA:267,56,0,0
BRDA:267,56,1,0
BRDA:267,57,0,0
BRDA:267,57,1,0
BRDA:268,58,0,0
BRDA:268,58,1,0
BRDA:268,59,0,0
BRDA:268,59,1,0
BRDA:268,60,0,0
BRDA:268,60,1,0
BRDA:276,61,0,0
BRDA:276,61,1,0
BRDA:275,62,0,0
BRDA:275,62,1,0
BRDA:277,63,0,0
BRDA:277,63,1,0
BRDA:285,64,0,0
BRDA:285,64,1,0
BRDA:284,65,0,0
BRDA:284,65,1,0
BRDA:286,66,0,0
BRDA:286,66,1,0
BRDA:287,67,0,0
BRDA:287,67,1,0
BRDA:287,68,0,0
BRDA:287,68,1,0
BRDA:288,69,0,0
BRDA:288,69,1,0
BRDA:304,70,0,0
BRDA:304,70,1,0
BRDA:305,71,0,0
BRDA:305,71,1,0
BRDA:305,71,2,0
BRDA:305,71,3,0
BRDA:313,72,0,0
BRDA:313,72,1,0
BRDA:313,73,0,0
BRDA:313,73,1,0
BRDA:322,74,0,0
BRDA:322,74,1,0
BRDA:323,75,0,0
BRDA:323,75,1,0
BRDA:332,76,0,0
BRDA:332,76,1,0
BRDA:332,77,0,0
BRDA:332,77,1,0
BRDA:346,78,0,0
BRDA:346,78,1,0
BRF:165
BRH:0
end_of_record
TN:
SF:/Users/matthewhutcheson/Documents/Ergosoft/IMViewer/front-end-vue/src/components/panels/Members.vue
FN:57,(anonymous_0)
FN:61,(anonymous_3)
FN:65,(anonymous_6)
FN:74,(anonymous_7)
FN:80,(anonymous_10)
FN:82,(anonymous_11)
FN:86,(anonymous_12)
FN:92,(anonymous_13)
FN:99,(anonymous_14)
FNF:9
FNH:0
FNDA:0,(anonymous_0)
FNDA:0,(anonymous_3)
FNDA:0,(anonymous_6)
FNDA:0,(anonymous_7)
FNDA:0,(anonymous_10)
FNDA:0,(anonymous_11)
FNDA:0,(anonymous_12)
FNDA:0,(anonymous_13)
FNDA:0,(anonymous_14)
DA:47,0
DA:48,0
DA:50,0
DA:58,0
DA:62,0
DA:66,0
DA:75,0
DA:76,0
DA:77,0
DA:78,0
DA:81,0
DA:82,0
DA:83,0
DA:84,0
DA:86,0
DA:87,0
DA:88,0
DA:90,0
DA:93,0
DA:100,0
DA:101,0
LF:21
LH:0
BRDA:82,0,0,0
BRDA:82,0,1,0
BRDA:82,1,0,0
BRDA:82,1,1,0
BRDA:82,2,0,0
BRDA:82,2,1,0
BRDA:82,3,0,0
BRDA:82,3,1,0
BRDA:86,4,0,0
BRDA:86,4,1,0
BRDA:86,5,0,0
BRDA:86,5,1,0
BRDA:86,6,0,0
BRDA:86,6,1,0
BRDA:86,7,0,0
BRDA:86,7,1,0
BRF:16
BRH:0
end_of_record
TN:
SF:/Users/matthewhutcheson/Documents/Ergosoft/IMViewer/front-end-vue/src/components/panels/PanelHeader.vue
FNF:0
FNH:0
DA:23,0
DA:25,0
LF:2
LH:0
BRF:0
BRH:0
end_of_record
TN:
SF:/Users/matthewhutcheson/Documents/Ergosoft/IMViewer/front-end-vue/src/components/panels/Properties.vue
FN:59,(anonymous_0)
FN:63,(anonymous_3)
FN:66,(anonymous_6)
FN:72,(anonymous_7)
FN:81,(anonymous_8)
FN:85,(anonymous_11)
FN:87,(anonymous_12)
FNF:7
FNH:0
FNDA:0,(anonymous_0)
FNDA:0,(anonymous_3)
FNDA:0,(anonymous_6)
FNDA:0,(anonymous_7)
FNDA:0,(anonymous_8)
FNDA:0,(anonymous_11)
FNDA:0,(anonymous_12)
DA:49,0
DA:50,0
DA:52,0
DA:60,0
DA:64,0
DA:67,0
DA:73,0
DA:74,0
DA:75,0
DA:82,0
DA:83,0
DA:84,0
DA:85,0
DA:87,0
DA:88,0
DA:90,0
LF:16
LH:0
BRDA:74,0,0,0
BRDA:74,0,1,0
BRF:2
BRH:0
end_of_record
TN:
SF:/Users/matthewhutcheson/Documents/Ergosoft/IMViewer/front-end-vue/src/components/panels/Terms.vue
FN:31,(anonymous_0)
FN:35,(anonymous_3)
FN:38,(anonymous_6)
FN:46,(anonymous_7)
FN:51,(anonymous_10)
FNF:5
FNH:0
FNDA:0,(anonymous_0)
FNDA:0,(anonymous_3)
FNDA:0,(anonymous_6)
FNDA:0,(anonymous_7)
FNDA:0,(anonymous_10)
DA:22,0
DA:24,0
DA:32,0
DA:36,0
DA:39,0
DA:47,0
DA:49,0
DA:52,0
DA:53,0
LF:9
LH:0
BRDA:52,0,0,0
BRDA:52,0,1,0
BRDA:52,1,0,0
BRDA:52,1,1,0
BRDA:52,2,0,0
BRDA:52,2,1,0
BRF:6
BRH:0
end_of_record
TN:
SF:/Users/matthewhutcheson/Documents/Ergosoft/IMViewer/front-end-vue/src/components/panels/UsedIn.vue
FN:30,(anonymous_0)
FN:34,(anonymous_3)
FN:37,(anonymous_6)
FN:45,(anonymous_7)
FN:51,(anonymous_10)
FNF:5
FNH:0
FNDA:0,(anonymous_0)
FNDA:0,(anonymous_3)
FNDA:0,(anonymous_6)
FNDA:0,(anonymous_7)
FNDA:0,(anonymous_10)
DA:20,0
DA:21,0
DA:23,0
DA:31,0
DA:35,0
DA:38,0
DA:46,0
DA:47,0
DA:48,0
DA:52,0
LF:10
LH:0
BRF:0
BRH:0
end_of_record
TN:
SF:/Users/matthewhutcheson/Documents/Ergosoft/IMViewer/front-end-vue/src/components/sidebar/Filters.vue
FN:54,(anonymous_0)
FNF:1
FNH:0
FNDA:0,(anonymous_0)
DA:47,1
DA:48,1
DA:50,1
DA:55,0
LF:4
LH:3
BRF:0
BRH:0
end_of_record
TN:
SF:/Users/matthewhutcheson/Documents/Ergosoft/IMViewer/front-end-vue/src/components/sidebar/Hierarchy.vue
FN:57,(anonymous_0)
FN:74,(anonymous_1)
FN:84,(anonymous_2)
FN:92,(anonymous_3)
FN:102,(anonymous_4)
FN:127,(anonymous_5)
FN:145,(anonymous_6)
FN:156,(anonymous_7)
FN:160,(anonymous_10)
FN:163,(anonymous_11)
FN:172,(anonymous_12)
FN:186,(anonymous_13)
FN:192,(anonymous_16)
FN:195,(anonymous_17)
FN:201,(anonymous_18)
FN:213,(anonymous_19)
FN:221,(anonymous_20)
FN:228,(anonymous_21)
FNF:18
FNH:0
FNDA:0,(anonymous_0)
FNDA:0,(anonymous_1)
FNDA:0,(anonymous_2)
FNDA:0,(anonymous_3)
FNDA:0,(anonymous_4)
FNDA:0,(anonymous_5)
FNDA:0,(anonymous_6)
FNDA:0,(anonymous_7)
FNDA:0,(anonymous_10)
FNDA:0,(anonymous_11)
FNDA:0,(anonymous_12)
FNDA:0,(anonymous_13)
FNDA:0,(anonymous_16)
FNDA:0,(anonymous_17)
FNDA:0,(anonymous_18)
FNDA:0,(anonymous_19)
FNDA:0,(anonymous_20)
FNDA:0,(anonymous_21)
DA:42,1
DA:43,1
DA:44,1
DA:45,1
DA:46,1
DA:47,1
DA:48,1
DA:49,1
DA:52,1
DA:58,0
DA:59,0
DA:60,0
DA:66,0
DA:75,0
DA:85,0
DA:86,0
DA:87,0
DA:88,0
DA:92,0
DA:93,0
DA:94,0
DA:102,0
DA:103,0
DA:105,0
DA:116,0
DA:118,0
DA:119,0
DA:122,0
DA:123,0
DA:124,0
DA:134,0
DA:142,0
DA:146,0
DA:147,0
DA:149,0
DA:157,0
DA:158,0
DA:159,0
DA:161,0
DA:164,0
DA:168,0
DA:170,0
DA:172,0
DA:173,0
DA:182,0
DA:187,0
DA:189,0
DA:190,0
DA:191,0
DA:193,0
DA:196,0
DA:201,0
DA:202,0
DA:213,0
DA:214,0
DA:215,0
DA:218,0
DA:220,0
DA:222,0
DA:223,0
DA:225,0
DA:229,0
LF:62
LH:9
BRDA:59,0,0,0
BRDA:59,0,1,0
BRDA:85,1,0,0
BRDA:85,1,1,0
BRDA:87,2,0,0
BRDA:87,2,1,0
BRDA:103,3,0,0
BRDA:103,3,1,0
BRDA:118,4,0,0
BRDA:118,4,1,0
BRDA:146,5,0,0
BRDA:146,5,1,0
BRDA:222,6,0,0
BRDA:222,6,1,0
BRF:14
BRH:0
end_of_record
TN:
SF:/Users/matthewhutcheson/Documents/Ergosoft/IMViewer/front-end-vue/src/components/sidebar/History.vue
FN:25,(anonymous_0)
FN:31,(anonymous_1)
FN:32,(anonymous_2)
FN:38,(anonymous_3)
FNF:4
FNH:0
FNDA:0,(anonymous_0)
FNDA:0,(anonymous_1)
FNDA:0,(anonymous_2)
FNDA:0,(anonymous_3)
DA:19,1
DA:20,1
DA:23,1
DA:26,0
DA:32,0
DA:33,0
DA:35,0
DA:39,0
LF:8
LH:3
BRF:0
BRH:0
end_of_record
TN:
SF:/Users/matthewhutcheson/Documents/Ergosoft/IMViewer/front-end-vue/src/components/sidebar/SearchResults.vue
FN:97,(anonymous_0)
FN:101,(anonymous_1)
FN:109,(anonymous_2)
FN:113,(anonymous_3)
FN:120,(anonymous_4)
FN:126,(anonymous_5)
FN:128,(anonymous_6)
FNF:7
FNH:0
FNDA:0,(anonymous_0)
FNDA:0,(anonymous_1)
FNDA:0,(anonymous_2)
FNDA:0,(anonymous_3)
FNDA:0,(anonymous_4)
FNDA:0,(anonymous_5)
FNDA:0,(anonymous_6)
DA:87,1
DA:88,1
DA:89,1
DA:90,1
DA:92,1
DA:98,0
DA:102,0
DA:110,0
DA:114,0
DA:121,0
DA:122,0
DA:123,0
DA:127,0
DA:129,0
LF:14
LH:5
BRF:0
BRH:0
end_of_record
TN:
SF:/Users/matthewhutcheson/Documents/Ergosoft/IMViewer/front-end-vue/src/components/sidebar/SidebarControl.vue
FN:68,(anonymous_0)
FN:79,(anonymous_1)
FN:80,(anonymous_2)
FN:86,(anonymous_3)
FN:90,(anonymous_4)
FN:94,(anonymous_5)
FN:104,(anonymous_8)
FN:113,(anonymous_9)
FN:126,(anonymous_10)
FN:168,(anonymous_11)
FN:189,(anonymous_12)
FN:191,(anonymous_13)
FN:196,(anonymous_14)
FNF:13
FNH:0
FNDA:0,(anonymous_0)
FNDA:0,(anonymous_1)
FNDA:0,(anonymous_2)
FNDA:0,(anonymous_3)
FNDA:0,(anonymous_4)
FNDA:0,(anonymous_5)
FNDA:0,(anonymous_8)
FNDA:0,(anonymous_9)
FNDA:0,(anonymous_10)
FNDA:0,(anonymous_11)
FNDA:0,(anonymous_12)
FNDA:0,(anonymous_13)
FNDA:0,(anonymous_14)
DA:52,1
DA:53,1
DA:54,1
DA:55,1
DA:56,1
DA:57,1
DA:58,1
DA:59,1
DA:60,1
DA:61,1
DA:62,1
DA:63,1
DA:65,1
DA:69,0
DA:79,0
DA:80,0
DA:81,0
DA:84,0
DA:87,0
DA:91,0
DA:95,0
DA:96,0
DA:97,0
DA:98,0
DA:99,0
DA:100,0
DA:101,0
DA:102,0
DA:103,0
DA:104,0
DA:106,0
DA:112,0
DA:113,0
DA:114,0
DA:115,0
DA:117,0
DA:118,0
DA:120,0
DA:121,0
DA:125,0
DA:126,0
DA:127,0
DA:128,0
DA:130,0
DA:131,0
DA:133,0
DA:134,0
DA:136,0
DA:137,0
DA:139,0
DA:140,0
DA:142,0
DA:143,0
DA:145,0
DA:146,0
DA:148,0
DA:149,0
DA:151,0
DA:152,0
DA:154,0
DA:155,0
DA:158,0
DA:159,0
DA:161,0
DA:162,0
DA:163,0
DA:169,0
DA:170,0
DA:174,0
DA:177,0
DA:178,0
DA:185,0
DA:189,0
DA:190,0
DA:191,0
DA:192,0
DA:197,0
DA:198,0
DA:199,0
DA:200,0
DA:203,0
DA:204,0
DA:205,0
DA:207,0
DA:208,0
DA:209,0
DA:212,0
DA:213,0
DA:214,0
DA:215,0
DA:216,0
LF:91
LH:13
BRDA:95,0,0,0
BRDA:95,0,1,0
BRDA:114,1,0,0
BRDA:114,1,1,0
BRDA:117,2,0,0
BRDA:117,2,1,0
BRDA:120,3,0,0
BRDA:120,3,1,0
BRDA:127,4,0,0
BRDA:127,4,1,0
BRDA:130,5,0,0
BRDA:130,5,1,0
BRDA:133,6,0,0
BRDA:133,6,1,0
BRDA:136,7,0,0
BRDA:136,7,1,0
BRDA:139,8,0,0
BRDA:139,8,1,0
BRDA:142,9,0,0
BRDA:142,9,1,0
BRDA:145,10,0,0
BRDA:145,10,1,0
BRDA:148,11,0,0
BRDA:148,11,1,0
BRDA:151,12,0,0
BRDA:151,12,1,0
BRDA:154,13,0,0
BRDA:154,13,1,0
BRDA:158,14,0,0
BRDA:158,14,1,0
BRDA:169,15,0,0
BRDA:169,15,1,0
BRDA:177,16,0,0
BRDA:177,16,1,0
BRDA:204,17,0,0
BRDA:204,17,1,0
BRDA:208,18,0,0
BRDA:208,18,1,0
BRDA:215,19,0,0
BRDA:215,19,1,0
BRDA:215,20,0,0
BRDA:215,20,1,0
BRDA:215,20,2,0
BRF:43
BRH:0
end_of_record
TN:
SF:/Users/matthewhutcheson/Documents/Ergosoft/IMViewer/front-end-vue/src/components/user/AvatarWithSelector.vue
FN:52,(anonymous_0)
FN:55,(anonymous_1)
FN:59,(anonymous_2)
FN:66,(anonymous_3)
FN:71,(anonymous_4)
FNF:5
FNH:2
FNDA:0,(anonymous_0)
FNDA:0,(anonymous_1)
FNDA:50,(anonymous_2)
FNDA:0,(anonymous_3)
FNDA:51,(anonymous_4)
DA:44,3
DA:45,3
DA:47,3
DA:53,0
DA:56,0
DA:60,50
DA:67,0
DA:68,0
DA:72,51
LF:9
LH:5
BRF:0
BRH:0
end_of_record
TN:
SF:/Users/matthewhutcheson/Documents/Ergosoft/IMViewer/front-end-vue/src/components/user/ButtonBar.vue
FN:26,(anonymous_0)
FNF:1
FNH:1
FNDA:3,(anonymous_0)
DA:19,2
DA:20,2
DA:22,2
DA:27,3
DA:28,1
DA:30,2
LF:6
LH:6
BRDA:27,0,0,1
BRDA:27,0,1,2
BRF:2
BRH:2
end_of_record
TN:
SF:/Users/matthewhutcheson/Documents/Ergosoft/IMViewer/front-end-vue/src/components/user/ConfirmCode.vue
FN:75,(anonymous_0)
FN:79,(anonymous_1)
FN:86,(anonymous_2)
FN:92,(anonymous_3)
FN:96,(anonymous_4)
FN:99,(anonymous_5)
FN:106,(anonymous_6)
FN:118,(anonymous_7)
FN:135,(anonymous_8)
FN:137,(anonymous_9)
FN:152,(anonymous_10)
FNF:11
FNH:11
FNDA:9,(anonymous_0)
FNDA:17,(anonymous_1)
FNDA:17,(anonymous_2)
FNDA:9,(anonymous_3)
FNDA:6,(anonymous_4)
FNDA:4,(anonymous_5)
FNDA:3,(anonymous_6)
FNDA:1,(anonymous_7)
FNDA:4,(anonymous_8)
FNDA:3,(anonymous_9)
FNDA:1,(anonymous_10)
DA:66,1
DA:67,1
DA:68,1
DA:69,1
DA:71,1
DA:76,9
DA:80,17
DA:87,17
DA:88,16
DA:93,9
DA:96,6
DA:97,6
DA:98,5
DA:100,4
DA:101,3
DA:107,3
DA:108,3
DA:111,1
DA:119,1
DA:120,1
DA:127,1
DA:135,4
DA:136,4
DA:138,3
DA:139,2
DA:145,1
DA:153,1
DA:154,1
LF:28
LH:28
BRDA:87,0,0,16
BRDA:87,0,1,1
BRDA:87,1,0,17
BRDA:87,1,1,16
BRDA:97,2,0,5
BRDA:97,2,1,1
BRDA:97,3,0,6
BRDA:97,3,1,5
BRDA:100,4,0,3
BRDA:100,4,1,1
BRDA:138,5,0,2
BRDA:138,5,1,1
BRF:12
BRH:12
end_of_record
TN:
SF:/Users/matthewhutcheson/Documents/Ergosoft/IMViewer/front-end-vue/src/components/user/ForgotPassword.vue
FN:57,(anonymous_0)
FN:63,(anonymous_1)
FN:71,(anonymous_2)
FN:73,(anonymous_3)
FN:82,(anonymous_4)
FNF:5
FNH:5
FNDA:6,(anonymous_0)
FNDA:5,(anonymous_1)
FNDA:5,(anonymous_2)
FNDA:5,(anonymous_3)
FNDA:4,(anonymous_4)
DA:51,1
DA:52,1
DA:53,1
DA:55,1
DA:58,6
DA:63,5
DA:64,5
DA:72,5
DA:73,5
DA:74,5
DA:75,4
DA:83,4
DA:84,4
DA:87,1
LF:14
LH:14
BRDA:72,0,0,5
BRDA:72,0,1,0
BRDA:74,1,0,4
BRDA:74,1,1,1
BRF:4
BRH:3
end_of_record
TN:
SF:/Users/matthewhutcheson/Documents/Ergosoft/IMViewer/front-end-vue/src/components/user/ForgotPasswordSubmit.vue
FN:136,(anonymous_0)
FN:139,(anonymous_1)
FN:142,(anonymous_2)
FN:146,(anonymous_3)
FN:158,(anonymous_4)
FN:164,(anonymous_5)
FN:168,(anonymous_6)
FN:172,(anonymous_7)
FN:183,(anonymous_8)
FN:190,(anonymous_9)
FN:201,(anonymous_10)
FNF:11
FNH:6
FNDA:2,(anonymous_0)
FNDA:6,(anonymous_1)
FNDA:2,(anonymous_2)
FNDA:11,(anonymous_3)
FNDA:11,(anonymous_4)
FNDA:0,(anonymous_5)
FNDA:2,(anonymous_6)
FNDA:0,(anonymous_7)
FNDA:0,(anonymous_8)
FNDA:0,(anonymous_9)
FNDA:0,(anonymous_10)
DA:122,1
DA:123,1
DA:124,1
DA:125,1
DA:126,1
DA:130,1
DA:132,1
DA:137,2
DA:140,6
DA:143,2
DA:147,11
DA:159,11
DA:160,10
DA:165,0
DA:169,2
DA:172,0
DA:173,0
DA:179,0
DA:184,0
DA:185,0
DA:191,0
DA:193,0
DA:194,0
DA:202,0
DA:203,0
DA:207,0
LF:26
LH:14
BRDA:159,0,0,10
BRDA:159,0,1,1
BRDA:159,1,0,11
BRDA:159,1,1,10
BRDA:165,2,0,0
BRDA:165,2,1,0
BRDA:173,3,0,0
BRDA:173,3,1,0
BRDA:174,4,0,0
BRDA:174,4,1,0
BRDA:174,4,2,0
BRDA:174,4,3,0
BRDA:184,5,0,0
BRDA:184,5,1,0
BRDA:193,6,0,0
BRDA:193,6,1,0
BRDA:202,7,0,0
BRDA:202,7,1,0
BRF:18
BRH:4
end_of_record
TN:
SF:/Users/matthewhutcheson/Documents/Ergosoft/IMViewer/front-end-vue/src/components/user/Login.vue
FN:87,(anonymous_0)
FN:93,(anonymous_1)
FN:99,(anonymous_2)
FN:101,(anonymous_3)
FN:106,(anonymous_4)
FN:121,(anonymous_5)
FN:135,(anonymous_6)
FN:151,(anonymous_7)
FN:162,(anonymous_8)
FNF:9
FNH:5
FNDA:4,(anonymous_0)
FNDA:4,(anonymous_1)
FNDA:2,(anonymous_2)
FNDA:2,(anonymous_3)
FNDA:2,(anonymous_4)
FNDA:0,(anonymous_5)
FNDA:0,(anonymous_6)
FNDA:0,(anonymous_7)
FNDA:0,(anonymous_8)
DA:78,1
DA:79,1
DA:80,1
DA:81,1
DA:82,1
DA:84,1
DA:88,4
DA:94,4
DA:95,3
DA:99,2
DA:100,2
DA:102,2
DA:103,2
DA:104,2
DA:105,2
DA:106,2
DA:108,2
DA:109,0
DA:112,0
DA:114,2
DA:115,2
DA:116,2
DA:117,2
DA:122,0
DA:125,0
DA:126,0
DA:127,0
DA:136,0
DA:137,0
DA:138,0
DA:142,0
DA:152,0
DA:153,0
DA:163,0
DA:164,0
LF:35
LH:21
BRDA:94,0,0,3
BRDA:94,0,1,1
BRDA:94,1,0,4
BRDA:94,1,1,3
BRDA:102,2,0,2
BRDA:102,2,1,0
BRDA:102,3,0,2
BRDA:102,3,1,2
BRDA:104,4,0,2
BRDA:104,4,1,0
BRDA:108,5,0,0
BRDA:108,5,1,2
BRDA:126,6,0,0
BRDA:126,6,1,0
BRDA:136,7,0,0
BRDA:136,7,1,0
BRDA:163,8,0,0
BRDA:163,8,1,0
BRF:18
BRH:9
end_of_record
TN:
SF:/Users/matthewhutcheson/Documents/Ergosoft/IMViewer/front-end-vue/src/components/user/Logout.vue
FN:61,(anonymous_0)
FN:69,(anonymous_1)
FN:71,(anonymous_2)
FN:77,(anonymous_3)
FN:92,(anonymous_4)
FNF:5
FNH:1
FNDA:0,(anonymous_0)
FNDA:0,(anonymous_1)
FNDA:0,(anonymous_2)
FNDA:0,(anonymous_3)
FNDA:1,(anonymous_4)
DA:52,1
DA:53,1
DA:54,1
DA:57,1
DA:61,0
DA:62,0
DA:70,0
DA:71,0
DA:72,0
DA:73,0
DA:78,0
DA:81,0
DA:93,1
LF:13
LH:5
BRDA:70,0,0,0
BRDA:70,0,1,0
BRDA:72,1,0,0
BRDA:72,1,1,0
BRF:4
BRH:0
end_of_record
TN:
SF:/Users/matthewhutcheson/Documents/Ergosoft/IMViewer/front-end-vue/src/components/user/PasswordEdit.vue
FN:124,(anonymous_0)
FN:127,(anonymous_1)
FN:130,(anonymous_2)
FN:134,(anonymous_3)
FN:146,(anonymous_4)
FN:150,(anonymous_5)
FN:158,(anonymous_6)
FN:164,(anonymous_7)
FN:192,(anonymous_8)
FN:196,(anonymous_9)
FN:200,(anonymous_10)
FN:206,(anonymous_11)
FNF:12
FNH:5
FNDA:0,(anonymous_0)
FNDA:6,(anonymous_1)
FNDA:2,(anonymous_2)
FNDA:8,(anonymous_3)
FNDA:0,(anonymous_4)
FNDA:0,(anonymous_5)
FNDA:0,(anonymous_6)
FNDA:0,(anonymous_7)
FNDA:0,(anonymous_8)
FNDA:47,(anonymous_9)
FNDA:0,(anonymous_10)
FNDA:47,(anonymous_11)
DA:109,1
DA:110,1
DA:114,1
DA:115,1
DA:116,1
DA:117,1
DA:119,1
DA:125,0
DA:128,6
DA:131,2
DA:135,8
DA:147,0
DA:150,0
DA:151,0
DA:157,0
DA:159,0
DA:160,0
DA:165,0
DA:168,0
DA:176,0
DA:177,0
DA:183,0
DA:193,0
DA:197,47
DA:201,0
DA:202,0
DA:207,47
DA:212,0
DA:214,47
LF:29
LH:13
BRDA:147,0,0,0
BRDA:147,0,1,0
BRDA:151,1,0,0
BRDA:151,1,1,0
BRDA:152,2,0,0
BRDA:152,2,1,0
BRDA:152,2,2,0
BRDA:152,2,3,0
BRDA:159,3,0,0
BRDA:159,3,1,0
BRDA:176,4,0,0
BRDA:176,4,1,0
BRDA:193,5,0,0
BRDA:193,5,1,0
BRDA:201,6,0,0
BRDA:201,6,1,0
BRDA:207,7,0,0
BRDA:207,7,1,47
BRDA:208,8,0,47
BRDA:208,8,1,20
BRDA:208,8,2,2
BRF:21
BRH:4
end_of_record
TN:
SF:/Users/matthewhutcheson/Documents/Ergosoft/IMViewer/front-end-vue/src/components/user/RecoverByEmail.vue
FN:70,(anonymous_0)
FN:74,(anonymous_1)
FN:82,(anonymous_2)
FN:86,(anonymous_3)
FN:95,(anonymous_4)
FN:97,(anonymous_5)
FN:106,(anonymous_6)
FNF:7
FNH:0
FNDA:0,(anonymous_0)
FNDA:0,(anonymous_1)
FNDA:0,(anonymous_2)
FNDA:0,(anonymous_3)
FNDA:0,(anonymous_4)
FNDA:0,(anonymous_5)
FNDA:0,(anonymous_6)
DA:62,0
DA:63,0
DA:64,0
DA:65,0
DA:67,0
DA:71,0
DA:75,0
DA:83,0
DA:86,0
DA:87,0
DA:88,0
DA:96,0
DA:97,0
DA:98,0
DA:99,0
DA:107,0
DA:110,0
DA:120,0
LF:18
LH:0
BRDA:87,0,0,0
BRDA:87,0,1,0
BRDA:96,1,0,0
BRDA:96,1,1,0
BRDA:98,2,0,0
BRDA:98,2,1,0
BRF:6
BRH:0
end_of_record
TN:
SF:/Users/matthewhutcheson/Documents/Ergosoft/IMViewer/front-end-vue/src/components/user/Register.vue
FN:200,(anonymous_0)
FN:203,(anonymous_1)
FN:206,(anonymous_2)
FN:209,(anonymous_3)
FN:212,(anonymous_4)
FN:215,(anonymous_5)
FN:218,(anonymous_6)
FN:223,(anonymous_7)
FN:250,(anonymous_8)
FN:254,(anonymous_9)
FN:258,(anonymous_10)
FN:262,(anonymous_11)
FN:266,(anonymous_12)
FN:270,(anonymous_13)
FN:274,(anonymous_14)
FN:285,(anonymous_15)
FN:293,(anonymous_16)
FN:318,(anonymous_17)
FN:344,(anonymous_18)
FN:365,(anonymous_19)
FN:383,(anonymous_20)
FN:387,(anonymous_21)
FNF:22
FNH:10
FNDA:31,(anonymous_0)
FNDA:32,(anonymous_1)
FNDA:32,(anonymous_2)
FNDA:31,(anonymous_3)
FNDA:31,(anonymous_4)
FNDA:34,(anonymous_5)
FNDA:32,(anonymous_6)
FNDA:29,(anonymous_7)
FNDA:0,(anonymous_8)
FNDA:0,(anonymous_9)
FNDA:0,(anonymous_10)
FNDA:0,(anonymous_11)
FNDA:0,(anonymous_12)
FNDA:0,(anonymous_13)
FNDA:0,(anonymous_14)
FNDA:0,(anonymous_15)
FNDA:0,(anonymous_16)
FNDA:0,(anonymous_17)
FNDA:1,(anonymous_18)
FNDA:122,(anonymous_19)
FNDA:0,(anonymous_20)
FNDA:0,(anonymous_21)
DA:177,1
DA:178,1
DA:179,1
DA:180,1
DA:188,1
DA:189,1
DA:190,1
DA:191,1
DA:193,1
DA:201,31
DA:204,32
DA:207,32
DA:210,31
DA:213,31
DA:216,34
DA:219,32
DA:224,29
DA:251,0
DA:255,0
DA:259,0
DA:263,0
DA:267,0
DA:271,0
DA:274,0
DA:275,0
DA:276,0
DA:284,0
DA:286,0
DA:287,0
DA:294,0
DA:295,0
DA:296,0
DA:297,0
DA:299,0
DA:302,0
DA:303,0
DA:310,0
DA:319,0
DA:335,0
DA:345,1
DA:346,1
DA:347,1
DA:348,1
DA:349,1
DA:350,1
DA:351,1
DA:352,1
DA:353,1
DA:354,1
DA:355,1
DA:356,1
DA:357,1
DA:358,1
DA:359,1
DA:360,1
DA:361,1
DA:362,1
DA:366,122
DA:377,57
DA:379,65
DA:384,0
DA:388,0
DA:389,0
LF:63
LH:38
BRDA:251,0,0,0
BRDA:251,0,1,0
BRDA:259,1,0,0
BRDA:259,1,1,0
BRDA:263,2,0,0
BRDA:263,2,1,0
BRDA:267,3,0,0
BRDA:267,3,1,0
BRDA:271,4,0,0
BRDA:271,4,1,0
BRDA:275,5,0,0
BRDA:275,5,1,0
BRDA:286,6,0,0
BRDA:286,6,1,0
BRDA:295,7,0,0
BRDA:295,7,1,0
BRDA:302,8,0,0
BRDA:302,8,1,0
BRDA:366,9,0,57
BRDA:366,9,1,65
BRDA:367,10,0,122
BRDA:367,10,1,88
BRDA:367,10,2,83
BRDA:367,10,3,80
BRDA:367,10,4,78
BRDA:367,10,5,66
BRDA:367,10,6,63
BRDA:367,10,7,60
BRDA:367,10,8,57
BRDA:388,11,0,0
BRDA:388,11,1,0
BRF:31
BRH:11
end_of_record
TN:
SF:/Users/matthewhutcheson/Documents/Ergosoft/IMViewer/front-end-vue/src/components/user/UserDetails.vue
FN:80,(anonymous_0)
FN:84,(anonymous_1)
FNF:2
FNH:1
FNDA:0,(anonymous_0)
FNDA:1,(anonymous_1)
DA:72,1
DA:73,1
DA:75,1
DA:81,0
DA:85,1
LF:5
LH:4
BRF:0
BRH:0
end_of_record
TN:
SF:/Users/matthewhutcheson/Documents/Ergosoft/IMViewer/front-end-vue/src/components/user/UserEdit.vue
FN:200,(anonymous_0)
FN:203,(anonymous_1)
FN:206,(anonymous_2)
FN:209,(anonymous_3)
FN:212,(anonymous_4)
FN:215,(anonymous_5)
FN:218,(anonymous_6)
FN:222,(anonymous_7)
FN:249,(anonymous_8)
FN:260,(anonymous_9)
FN:269,(anonymous_10)
FN:273,(anonymous_11)
FN:277,(anonymous_12)
FN:281,(anonymous_13)
FN:285,(anonymous_14)
FN:289,(anonymous_15)
FN:307,(anonymous_16)
FN:312,(anonymous_17)
FN:318,(anonymous_18)
FN:370,(anonymous_19)
FN:376,(anonymous_20)
FN:397,(anonymous_21)
FN:412,(anonymous_22)
FN:416,(anonymous_23)
FN:425,(anonymous_24)
FN:442,(anonymous_25)
FN:446,(anonymous_26)
FN:466,(anonymous_27)
FNF:28
FNH:12
FNDA:19,(anonymous_0)
FNDA:19,(anonymous_1)
FNDA:0,(anonymous_2)
FNDA:6,(anonymous_3)
FNDA:2,(anonymous_4)
FNDA:19,(anonymous_5)
FNDA:19,(anonymous_6)
FNDA:18,(anonymous_7)
FNDA:18,(anonymous_8)
FNDA:1,(anonymous_9)
FNDA:0,(anonymous_10)
FNDA:0,(anonymous_11)
FNDA:0,(anonymous_12)
FNDA:0,(anonymous_13)
FNDA:0,(anonymous_14)
FNDA:0,(anonymous_15)
FNDA:0,(anonymous_16)
FNDA:0,(anonymous_17)
FNDA:0,(anonymous_18)
FNDA:0,(anonymous_19)
FNDA:0,(anonymous_20)
FNDA:280,(anonymous_21)
FNDA:0,(anonymous_22)
FNDA:0,(anonymous_23)
FNDA:0,(anonymous_24)
FNDA:0,(anonymous_25)
FNDA:140,(anonymous_26)
FNDA:117,(anonymous_27)
DA:176,1
DA:177,1
DA:178,1
DA:179,1
DA:180,1
DA:181,1
DA:188,1
DA:189,1
DA:190,1
DA:191,1
DA:193,1
DA:201,19
DA:204,19
DA:207,0
DA:210,6
DA:213,2
DA:216,19
DA:219,19
DA:223,18
DA:250,18
DA:251,18
DA:252,18
DA:253,18
DA:254,18
DA:255,18
DA:256,18
DA:261,1
DA:262,0
DA:263,0
DA:264,0
DA:266,1
DA:270,0
DA:274,0
DA:278,0
DA:282,0
DA:286,0
DA:289,0
DA:290,0
DA:298,0
DA:306,0
DA:307,0
DA:308,0
DA:309,0
DA:313,0
DA:314,0
DA:319,0
DA:320,0
DA:323,0
DA:333,0
DA:340,0
DA:341,0
DA:342,0
DA:348,0
DA:354,0
DA:355,0
DA:360,0
DA:361,0
DA:369,0
DA:370,0
DA:371,0
DA:372,0
DA:377,0
DA:378,0
DA:381,0
DA:389,0
DA:398,280
DA:406,236
DA:408,44
DA:413,0
DA:416,0
DA:417,0
DA:426,0
DA:427,0
DA:428,0
DA:429,0
DA:430,0
DA:431,0
DA:432,0
DA:433,0
DA:434,0
DA:435,0
DA:436,0
DA:437,0
DA:443,0
DA:447,140
DA:452,0
DA:453,140
DA:460,0
DA:462,140
DA:467,117
DA:473,117
DA:475,0
LF:92
LH:35
BRDA:250,0,0,18
BRDA:250,0,1,0
BRDA:250,1,0,18
BRDA:250,1,1,18
BRDA:261,2,0,0
BRDA:261,2,1,1
BRDA:274,3,0,0
BRDA:274,3,1,0
BRDA:278,4,0,0
BRDA:278,4,1,0
BRDA:282,5,0,0
BRDA:282,5,1,0
BRDA:286,6,0,0
BRDA:286,6,1,0
BRDA:290,7,0,0
BRDA:290,7,1,0
BRDA:291,8,0,0
BRDA:291,8,1,0
BRDA:291,8,2,0
BRDA:291,8,3,0
BRDA:291,8,4,0
BRDA:291,8,5,0
BRDA:308,9,0,0
BRDA:308,9,1,0
BRDA:313,10,0,0
BRDA:313,10,1,0
BRDA:340,11,0,0
BRDA:340,11,1,0
BRDA:341,12,0,0
BRDA:341,12,1,0
BRDA:354,13,0,0
BRDA:354,13,1,0
BRDA:360,14,0,0
BRDA:360,14,1,0
BRDA:371,15,0,0
BRDA:371,15,1,0
BRDA:398,16,0,236
BRDA:398,16,1,44
BRDA:399,17,0,280
BRDA:399,17,1,242
BRDA:399,17,2,242
BRDA:399,17,3,240
BRDA:399,17,4,238
BRDA:399,17,5,236
BRDA:413,18,0,0
BRDA:413,18,1,0
BRDA:426,19,0,0
BRDA:426,19,1,0
BRDA:447,20,0,0
BRDA:447,20,1,140
BRDA:448,21,0,140
BRDA:448,21,1,118
BRDA:448,21,2,117
BRDA:453,22,0,0
BRDA:453,22,1,140
BRDA:454,23,0,140
BRDA:454,23,1,118
BRDA:454,23,2,1
BRDA:454,23,3,0
BRDA:454,23,4,0
BRDA:467,24,0,117
BRDA:467,24,1,0
BRDA:468,25,0,117
BRDA:468,25,1,117
BRDA:468,25,2,117
BRDA:468,25,3,117
BRF:66
BRH:25
end_of_record
TN:
SF:/Users/matthewhutcheson/Documents/Ergosoft/IMViewer/front-end-vue/src/views/Concept.vue
FN:96,(anonymous_0)
FN:100,(anonymous_1)
FN:104,(anonymous_2)
FN:112,(anonymous_3)
FN:118,(anonymous_6)
FN:121,(anonymous_9)
FN:142,(anonymous_10)
FN:157,(anonymous_11)
FN:161,(anonymous_14)
FN:167,(anonymous_17)
FN:172,(anonymous_18)
FN:176,(anonymous_19)
FN:182,(anonymous_20)
FN:188,(anonymous_21)
FN:192,(anonymous_22)
FNF:15
FNH:0
FNDA:0,(anonymous_0)
FNDA:0,(anonymous_1)
FNDA:0,(anonymous_2)
FNDA:0,(anonymous_3)
FNDA:0,(anonymous_6)
FNDA:0,(anonymous_9)
FNDA:0,(anonymous_10)
FNDA:0,(anonymous_11)
FNDA:0,(anonymous_14)
FNDA:0,(anonymous_17)
FNDA:0,(anonymous_18)
FNDA:0,(anonymous_19)
FNDA:0,(anonymous_20)
FNDA:0,(anonymous_21)
FNDA:0,(anonymous_22)
DA:66,0
DA:67,0
DA:68,0
DA:69,0
DA:70,0
DA:71,0
DA:72,0
DA:73,0
DA:74,0
DA:75,0
DA:76,0
DA:77,0
DA:78,0
DA:79,0
DA:80,0
DA:82,0
DA:97,0
DA:101,0
DA:105,0
DA:106,0
DA:113,0
DA:114,0
DA:115,0
DA:119,0
DA:121,0
DA:122,0
DA:143,0
DA:158,0
DA:162,0
DA:163,0
DA:164,0
DA:168,0
DA:169,0
DA:173,0
DA:177,0
DA:178,0
DA:179,0
DA:183,0
DA:184,0
DA:185,0
DA:189,0
DA:193,0
LF:42
LH:0
BRDA:97,0,0,0
BRDA:97,0,1,0
BRDA:101,1,0,0
BRDA:101,1,1,0
BRDA:105,2,0,0
BRDA:105,2,1,0
BRDA:105,3,0,0
BRDA:105,3,1,0
BRDA:105,4,0,0
BRDA:105,4,1,0
BRDA:105,5,0,0
BRDA:105,5,1,0
BRDA:114,6,0,0
BRDA:114,6,1,0
BRDA:114,7,0,0
BRDA:114,7,1,0
BRDA:115,8,0,0
BRDA:115,8,1,0
BRDA:115,9,0,0
BRDA:115,9,1,0
BRDA:163,10,0,0
BRDA:163,10,1,0
BRDA:163,11,0,0
BRDA:163,11,1,0
BRDA:164,12,0,0
BRDA:164,12,1,0
BRDA:164,13,0,0
BRDA:164,13,1,0
BRF:28
BRH:0
end_of_record
TN:
SF:/Users/matthewhutcheson/Documents/Ergosoft/IMViewer/front-end-vue/src/views/Dashboard.vue
FN:33,(anonymous_0)
FN:37,(anonymous_1)
FN:42,(anonymous_2)
FN:47,(anonymous_3)
FN:57,(anonymous_4)
FN:58,(anonymous_5)
FN:65,(anonymous_6)
FN:69,(anonymous_7)
FN:74,(anonymous_8)
FN:83,(anonymous_9)
FN:88,(anonymous_10)
FN:101,(anonymous_11)
FN:106,(anonymous_12)
FN:119,(anonymous_13)
FN:124,(anonymous_14)
FN:137,(anonymous_15)
FN:142,(anonymous_16)
FN:155,(anonymous_17)
FN:160,(anonymous_18)
FN:173,(anonymous_19)
FN:178,(anonymous_20)
FNF:21
FNH:0
FNDA:0,(anonymous_0)
FNDA:0,(anonymous_1)
FNDA:0,(anonymous_2)
FNDA:0,(anonymous_3)
FNDA:0,(anonymous_4)
FNDA:0,(anonymous_5)
FNDA:0,(anonymous_6)
FNDA:0,(anonymous_7)
FNDA:0,(anonymous_8)
FNDA:0,(anonymous_9)
FNDA:0,(anonymous_10)
FNDA:0,(anonymous_11)
FNDA:0,(anonymous_12)
FNDA:0,(anonymous_13)
FNDA:0,(anonymous_14)
FNDA:0,(anonymous_15)
FNDA:0,(anonymous_16)
FNDA:0,(anonymous_17)
FNDA:0,(anonymous_18)
FNDA:0,(anonymous_19)
FNDA:0,(anonymous_20)
DA:13,0
DA:16,0
DA:17,0
DA:18,0
DA:19,0
DA:22,0
DA:34,0
DA:38,0
DA:43,0
DA:48,0
DA:57,0
DA:58,0
DA:59,0
DA:62,0
DA:63,0
DA:66,0
DA:70,0
DA:71,0
DA:75,0
DA:76,0
DA:84,0
DA:89,0
DA:93,0
DA:94,0
DA:102,0
DA:107,0
DA:111,0
DA:112,0
DA:120,0
DA:125,0
DA:129,0
DA:130,0
DA:138,0
DA:143,0
DA:147,0
DA:148,0
DA:156,0
DA:161,0
DA:165,0
DA:166,0
DA:174,0
DA:179,0
DA:184,0
LF:43
LH:0
BRDA:75,0,0,0
BRDA:75,0,1,0
BRDA:93,1,0,0
BRDA:93,1,1,0
BRDA:111,2,0,0
BRDA:111,2,1,0
BRDA:129,3,0,0
BRDA:129,3,1,0
BRDA:147,4,0,0
BRDA:147,4,1,0
BRDA:165,5,0,0
BRDA:165,5,1,0
BRF:12
BRH:0
end_of_record
TN:
SF:/Users/matthewhutcheson/Documents/Ergosoft/IMViewer/front-end-vue/src/views/Home.vue
FN:26,(anonymous_0)
FN:32,(anonymous_3)
FN:46,(anonymous_4)
FNF:3
FNH:3
FNDA:4,(anonymous_0)
FNDA:4,(anonymous_3)
FNDA:4,(anonymous_4)
DA:13,1
DA:14,1
DA:15,1
DA:16,1
DA:17,1
DA:19,1
DA:28,8
DA:29,4
DA:32,4
DA:33,4
DA:34,4
DA:38,0
DA:39,0
DA:44,4
DA:47,4
DA:48,0
LF:16
LH:13
BRDA:33,0,0,4
BRDA:33,0,1,0
BRDA:33,1,0,4
BRDA:33,1,1,0
BRDA:38,2,0,0
BRDA:38,2,1,0
BRDA:47,3,0,0
BRDA:47,3,1,4
BRF:8
BRH:3
end_of_record
TN:
SF:/Users/matthewhutcheson/Documents/Ergosoft/IMViewer/front-end-vue/src/views/SnomedLicense.vue
FN:121,(anonymous_0)
FN:129,(anonymous_1)
FN:135,(anonymous_2)
FN:139,(anonymous_3)
FNF:4
FNH:0
FNDA:0,(anonymous_0)
FNDA:0,(anonymous_1)
FNDA:0,(anonymous_2)
FNDA:0,(anonymous_3)
DA:113,0
DA:114,0
DA:115,0
DA:117,0
DA:122,0
DA:123,0
DA:125,0
DA:130,0
DA:136,0
DA:140,0
DA:141,0
DA:142,0
DA:144,0
LF:13
LH:0
BRDA:122,0,0,0
BRDA:122,0,1,0
BRDA:141,1,0,0
BRDA:141,1,1,0
BRF:4
BRH:0
end_of_record
TN:
SF:/Users/matthewhutcheson/Documents/Ergosoft/IMViewer/front-end-vue/src/views/User.vue
FNF:0
FNH:0
DA:13,1
DA:14,1
DA:22,1
LF:3
LH:3
BRDA:16,0,0,1
BRDA:16,0,1,0
BRF:2
BRH:1
end_of_record
TN:
SF:/Users/matthewhutcheson/Documents/Ergosoft/IMViewer/front-end-vue/src/views/Workflow.vue
FN:221,(anonymous_0)
FN:343,(anonymous_1)
FN:348,(anonymous_2)
FN:366,(anonymous_3)
FN:385,(anonymous_4)
FN:389,(anonymous_5)
FNF:6
FNH:0
FNDA:0,(anonymous_0)
FNDA:0,(anonymous_1)
FNDA:0,(anonymous_2)
FNDA:0,(anonymous_3)
FNDA:0,(anonymous_4)
FNDA:0,(anonymous_5)
DA:208,0
DA:209,0
DA:211,0
DA:215,0
DA:222,0
DA:344,0
DA:345,0
DA:349,0
DA:351,0
DA:352,0
DA:353,0
DA:362,0
DA:367,0
DA:369,0
DA:370,0
DA:372,0
DA:381,0
DA:386,0
DA:387,0
DA:389,0
DA:390,0
DA:391,0
DA:398,0
DA:402,0
LF:24
LH:0
BRDA:356,0,0,0
BRDA:356,0,1,0
BRDA:375,1,0,0
BRDA:375,1,1,0
BRDA:390,2,0,0
BRDA:390,2,1,0
BRF:6
BRH:0
end_of_record
